<?xml version="1.0" ?>
<testsuites disabled="0" errors="0" failures="0" tests="197" time="1360.700281381607">
	<testsuite disabled="0" errors="0" failures="0" name="conformance_test_v1.0" skipped="0" tests="197" time="1360.700281381607">
		<testcase name="General test of command line generation" time="4.667206" class="required, command_line_tool" file="cl_basic_generation" url="cwltest:conformance_test_v1.0#1">
			<system-out>{
    &quot;args&quot;: [
        &quot;bwa&quot;,
        &quot;mem&quot;,
        &quot;-t&quot;,
        &quot;2&quot;,
        &quot;-I&quot;,
        &quot;1,2,3,4&quot;,
        &quot;-m&quot;,
        &quot;3&quot;,
        &quot;chr20.fa&quot;,
        &quot;example_human_Illumina.pe_1.fastq&quot;,
        &quot;example_human_Illumina.pe_2.fastq&quot;
    ]
}</system-out>
			<system-err>[2022-05-12T14:51:20+0200] [MainThread] [I] [cwltool] Resolved 'v1.0/bwa-mem-tool.cwl' to 'file:///home/michael/common-workflow-language/v1.0/v1.0/bwa-mem-tool.cwl'
[2022-05-12T14:51:21+0200] [MainThread] [I] [toil.job] Saving graph of 1 jobs, 1 new
[2022-05-12T14:51:21+0200] [MainThread] [I] [toil.job] Processing job 'CWLJob' bwa-mem-tool.cwl kind-CWLJob/instance-l1n16rjw v0
[2022-05-12T14:51:21+0200] [MainThread] [I] [toil] Running Toil version 5.6.0-c34146a6437e4407a61e946e968bcce67a0ebbca on host mrc-tux.
[2022-05-12T14:51:21+0200] [MainThread] [I] [toil.leader] Issued job 'CWLJob' bwa-mem-tool.cwl kind-CWLJob/instance-l1n16rjw v1 with job batch system ID: 0 and cores: 2, disk: 2.0 Gi, and memory: 8.0 Mi
[2022-05-12T14:51:21+0200] [MainThread] [I] [toil.worker] Redirecting logging to /tmp/d649c9e0e3e45b6a85711249da235e5b/2a4e/worker_log.txt
[2022-05-12T14:51:22+0200] [MainThread] [I] [toil.leader] 0 jobs are running, 0 jobs are issued and waiting to run
[2022-05-12T14:51:24+0200] [MainThread] [I] [toil.leader] Finished toil run successfully.
[2022-05-12T14:51:24+0200] [MainThread] [I] [toil.common] Successfully deleted the job store: FileJobStore(/tmp/tmpzdqg1t9h)
</system-err>
		</testcase>
		<testcase name="Test nested prefixes with arrays" time="4.667848" class="required, command_line_tool" file="nested_prefixes_arrays" url="cwltest:conformance_test_v1.0#2">
			<system-out>{
    &quot;args&quot;: [
        &quot;bwa&quot;,
        &quot;mem&quot;,
        &quot;chr20.fa&quot;,
        &quot;-XXX&quot;,
        &quot;-YYY&quot;,
        &quot;example_human_Illumina.pe_1.fastq&quot;,
        &quot;-YYY&quot;,
        &quot;example_human_Illumina.pe_2.fastq&quot;
    ]
}</system-out>
			<system-err>[2022-05-12T14:51:20+0200] [MainThread] [I] [cwltool] Resolved 'v1.0/binding-test.cwl' to 'file:///home/michael/common-workflow-language/v1.0/v1.0/binding-test.cwl'
[2022-05-12T14:51:21+0200] [MainThread] [I] [toil.job] Saving graph of 1 jobs, 1 new
[2022-05-12T14:51:21+0200] [MainThread] [I] [toil.job] Processing job 'CWLJob' binding-test.cwl kind-CWLJob/instance-_dd_pgip v0
[2022-05-12T14:51:21+0200] [MainThread] [I] [toil] Running Toil version 5.6.0-c34146a6437e4407a61e946e968bcce67a0ebbca on host mrc-tux.
[2022-05-12T14:51:21+0200] [MainThread] [I] [toil.leader] Issued job 'CWLJob' binding-test.cwl kind-CWLJob/instance-_dd_pgip v1 with job batch system ID: 0 and cores: 1, disk: 2.0 Gi, and memory: 8.0 Mi
[2022-05-12T14:51:21+0200] [MainThread] [I] [toil.worker] Redirecting logging to /tmp/638df26a2e6b5d5eaaf403cd80bb00b3/279b/worker_log.txt
[2022-05-12T14:51:22+0200] [MainThread] [I] [toil.leader] 0 jobs are running, 0 jobs are issued and waiting to run
[2022-05-12T14:51:24+0200] [MainThread] [I] [toil.leader] Finished toil run successfully.
[2022-05-12T14:51:24+0200] [MainThread] [I] [toil.common] Successfully deleted the job store: FileJobStore(/tmp/tmpdvryx3ro)
</system-err>
		</testcase>
		<testcase name="Test nested command line bindings" time="4.855863" class="schema_def, command_line_tool" file="nested_cl_bindings" url="cwltest:conformance_test_v1.0#3">
			<system-out>{
    &quot;args&quot;: [
        &quot;tmap&quot;,
        &quot;mapall&quot;,
        &quot;stage1&quot;,
        &quot;map1&quot;,
        &quot;--min-seq-length&quot;,
        &quot;20&quot;,
        &quot;map2&quot;,
        &quot;--min-seq-length&quot;,
        &quot;20&quot;,
        &quot;stage2&quot;,
        &quot;map1&quot;,
        &quot;--max-seq-length&quot;,
        &quot;20&quot;,
        &quot;--min-seq-length&quot;,
        &quot;10&quot;,
        &quot;--seed-length&quot;,
        &quot;16&quot;,
        &quot;map2&quot;,
        &quot;--max-seed-hits&quot;,
        &quot;-1&quot;,
        &quot;--max-seq-length&quot;,
        &quot;20&quot;,
        &quot;--min-seq-length&quot;,
        &quot;10&quot;
    ]
}</system-out>
			<system-err>[2022-05-12T14:51:20+0200] [MainThread] [I] [cwltool] Resolved 'v1.0/tmap-tool.cwl' to 'file:///home/michael/common-workflow-language/v1.0/v1.0/tmap-tool.cwl'
[2022-05-12T14:51:21+0200] [MainThread] [I] [toil.job] Saving graph of 1 jobs, 1 new
[2022-05-12T14:51:21+0200] [MainThread] [I] [toil.job] Processing job 'CWLJob' tmap-tool.cwl kind-CWLJob/instance-wupx8ew8 v0
[2022-05-12T14:51:21+0200] [MainThread] [I] [toil] Running Toil version 5.6.0-c34146a6437e4407a61e946e968bcce67a0ebbca on host mrc-tux.
[2022-05-12T14:51:21+0200] [MainThread] [I] [toil.leader] Issued job 'CWLJob' tmap-tool.cwl kind-CWLJob/instance-wupx8ew8 v1 with job batch system ID: 0 and cores: 1, disk: 2.0 Gi, and memory: 128.0 Mi
[2022-05-12T14:51:21+0200] [MainThread] [I] [toil.worker] Redirecting logging to /tmp/3d629a286e1254709d278d12188b4052/9cdc/worker_log.txt
[2022-05-12T14:51:23+0200] [MainThread] [I] [toil.leader] 0 jobs are running, 0 jobs are issued and waiting to run
[2022-05-12T14:51:24+0200] [MainThread] [I] [toil.leader] Finished toil run successfully.
[2022-05-12T14:51:24+0200] [MainThread] [I] [toil.common] Successfully deleted the job store: FileJobStore(/tmp/tmpc29pg79i)
</system-err>
		</testcase>
		<testcase name="Test command line with optional input (missing)" time="5.166482" class="required, command_line_tool" file="cl_optional_inputs_missing" url="cwltest:conformance_test_v1.0#4">
			<system-out>{
    &quot;args&quot;: [
        &quot;cat&quot;,
        &quot;hello.txt&quot;
    ]
}</system-out>
			<system-err>[2022-05-12T14:51:20+0200] [MainThread] [I] [cwltool] Resolved 'v1.0/cat1-testcli.cwl' to 'file:///home/michael/common-workflow-language/v1.0/v1.0/cat1-testcli.cwl'
[2022-05-12T14:51:21+0200] [MainThread] [I] [toil.job] Saving graph of 1 jobs, 1 new
[2022-05-12T14:51:21+0200] [MainThread] [I] [toil.job] Processing job 'CWLJob' cat1-testcli.cwl kind-CWLJob/instance-cr4z56yd v0
[2022-05-12T14:51:21+0200] [MainThread] [I] [toil] Running Toil version 5.6.0-c34146a6437e4407a61e946e968bcce67a0ebbca on host mrc-tux.
[2022-05-12T14:51:21+0200] [MainThread] [I] [toil.leader] Issued job 'CWLJob' cat1-testcli.cwl kind-CWLJob/instance-cr4z56yd v1 with job batch system ID: 0 and cores: 1, disk: 2.0 Gi, and memory: 128.0 Mi
[2022-05-12T14:51:21+0200] [MainThread] [I] [toil.worker] Redirecting logging to /tmp/2bbdb427c24b5d2fac09ca6e24e168f8/9483/worker_log.txt
[2022-05-12T14:51:22+0200] [MainThread] [I] [toil.leader] 0 jobs are running, 0 jobs are issued and waiting to run
[2022-05-12T14:51:24+0200] [MainThread] [I] [toil.leader] Finished toil run successfully.
[2022-05-12T14:51:24+0200] [MainThread] [I] [toil.common] Successfully deleted the job store: FileJobStore(/tmp/tmp945d35zo)
</system-err>
		</testcase>
		<testcase name="Test command line with optional input (provided)" time="4.641853" class="required, command_line_tool" file="cl_optional_bindings_provided" url="cwltest:conformance_test_v1.0#5">
			<system-out>{
    &quot;args&quot;: [
        &quot;cat&quot;,
        &quot;-n&quot;,
        &quot;hello.txt&quot;
    ]
}</system-out>
			<system-err>[2022-05-12T14:51:24+0200] [MainThread] [I] [cwltool] Resolved 'v1.0/cat1-testcli.cwl' to 'file:///home/michael/common-workflow-language/v1.0/v1.0/cat1-testcli.cwl'
[2022-05-12T14:51:25+0200] [MainThread] [I] [toil.job] Saving graph of 1 jobs, 1 new
[2022-05-12T14:51:25+0200] [MainThread] [I] [toil.job] Processing job 'CWLJob' cat1-testcli.cwl kind-CWLJob/instance-40adwlq8 v0
[2022-05-12T14:51:25+0200] [MainThread] [I] [toil] Running Toil version 5.6.0-c34146a6437e4407a61e946e968bcce67a0ebbca on host mrc-tux.
[2022-05-12T14:51:25+0200] [MainThread] [I] [toil.leader] Issued job 'CWLJob' cat1-testcli.cwl kind-CWLJob/instance-40adwlq8 v1 with job batch system ID: 0 and cores: 1, disk: 2.0 Gi, and memory: 128.0 Mi
[2022-05-12T14:51:26+0200] [MainThread] [I] [toil.worker] Redirecting logging to /tmp/491b247607325172bcb9b99c4cc72847/9539/worker_log.txt
[2022-05-12T14:51:27+0200] [MainThread] [I] [toil.leader] 0 jobs are running, 0 jobs are issued and waiting to run
[2022-05-12T14:51:28+0200] [MainThread] [I] [toil.leader] Finished toil run successfully.
[2022-05-12T14:51:28+0200] [MainThread] [I] [toil.common] Successfully deleted the job store: FileJobStore(/tmp/tmprasa9haz)
</system-err>
		</testcase>
		<testcase name="Test InitialWorkDirRequirement ExpressionEngineRequirement.engineConfig feature" time="5.144896" class="initial_work_dir, inline_javascript, command_line_tool" file="initworkdir_expreng_requirements" url="cwltest:conformance_test_v1.0#6">
			<system-out>{
    &quot;foo&quot;: {
        &quot;location&quot;: &quot;file:///tmp/tmp_ihn9rhw/foo.txt&quot;,
        &quot;basename&quot;: &quot;foo.txt&quot;,
        &quot;nameroot&quot;: &quot;foo&quot;,
        &quot;nameext&quot;: &quot;.txt&quot;,
        &quot;class&quot;: &quot;File&quot;,
        &quot;checksum&quot;: &quot;sha1$63da67422622fbf9251a046d7a34b7ea0fd4fead&quot;,
        &quot;size&quot;: 22
    }
}</system-out>
			<system-err>[2022-05-12T14:51:24+0200] [MainThread] [I] [cwltool] Resolved 'v1.0/template-tool.cwl' to 'file:///home/michael/common-workflow-language/v1.0/v1.0/template-tool.cwl'
[2022-05-12T14:51:26+0200] [MainThread] [W] [cwltool] v1.0/template-tool.cwl:7:9: JSHINT:       exports = module.exports = _;
v1.0/template-tool.cwl:7:9: JSHINT:       ^
v1.0/template-tool.cwl:7:9: JSHINT: W117: 'exports' is not defined.
[2022-05-12T14:51:26+0200] [MainThread] [W] [cwltool] v1.0/template-tool.cwl:7:9: JSHINT:     exports._ = _;
v1.0/template-tool.cwl:7:9: JSHINT:     ^
v1.0/template-tool.cwl:7:9: JSHINT: W117: 'exports' is not defined.
[2022-05-12T14:51:26+0200] [MainThread] [W] [cwltool] v1.0/template-tool.cwl:7:9: JSHINT:     if (typeof module !== 'undefined' &amp;&amp; module.exports) {
v1.0/template-tool.cwl:7:9: JSHINT:                                          ^
v1.0/template-tool.cwl:7:9: JSHINT: W117: 'module' is not defined.
[2022-05-12T14:51:26+0200] [MainThread] [W] [cwltool] v1.0/template-tool.cwl:7:9: JSHINT:       exports = module.exports = _;
v1.0/template-tool.cwl:7:9: JSHINT:                 ^
v1.0/template-tool.cwl:7:9: JSHINT: W117: 'module' is not defined.
[2022-05-12T14:51:26+0200] [MainThread] [W] [cwltool] v1.0/template-tool.cwl:7:9: JSHINT:     return setTimeout(function(){
v1.0/template-tool.cwl:7:9: JSHINT:            ^
v1.0/template-tool.cwl:7:9: JSHINT: W117: 'setTimeout' is not defined.
[2022-05-12T14:51:26+0200] [MainThread] [W] [cwltool] v1.0/template-tool.cwl:7:9: JSHINT:         timeout = setTimeout(later, remaining);
v1.0/template-tool.cwl:7:9: JSHINT:                   ^
v1.0/template-tool.cwl:7:9: JSHINT: W117: 'setTimeout' is not defined.
[2022-05-12T14:51:26+0200] [MainThread] [W] [cwltool] v1.0/template-tool.cwl:7:9: JSHINT:         timeout = setTimeout(later, wait - last);
v1.0/template-tool.cwl:7:9: JSHINT:                   ^
v1.0/template-tool.cwl:7:9: JSHINT: W117: 'setTimeout' is not defined.
[2022-05-12T14:51:26+0200] [MainThread] [W] [cwltool] v1.0/template-tool.cwl:7:9: JSHINT:       if (!timeout) timeout = setTimeout(later, wait);
v1.0/template-tool.cwl:7:9: JSHINT:                               ^
v1.0/template-tool.cwl:7:9: JSHINT: W117: 'setTimeout' is not defined.
[2022-05-12T14:51:26+0200] [MainThread] [W] [cwltool] v1.0/template-tool.cwl:7:9: JSHINT:         clearTimeout(timeout);
v1.0/template-tool.cwl:7:9: JSHINT:         ^
v1.0/template-tool.cwl:7:9: JSHINT: W117: 'clearTimeout' is not defined.
[2022-05-12T14:51:26+0200] [MainThread] [W] [cwltool] v1.0/template-tool.cwl:7:9: JSHINT:     root._ = previousUnderscore;
v1.0/template-tool.cwl:7:9: JSHINT:              ^
v1.0/template-tool.cwl:7:9: JSHINT: W117: 'previousUnderscore' is not defined.
[2022-05-12T14:51:26+0200] [MainThread] [W] [cwltool] v1.0/template-tool.cwl:7:9: JSHINT:   if (typeof define === 'function' &amp;&amp; define.amd) {
v1.0/template-tool.cwl:7:9: JSHINT:                                       ^
v1.0/template-tool.cwl:7:9: JSHINT: W117: 'define' is not defined.
[2022-05-12T14:51:26+0200] [MainThread] [W] [cwltool] v1.0/template-tool.cwl:7:9: JSHINT:     define('underscore', [], function() {
v1.0/template-tool.cwl:7:9: JSHINT:     ^
v1.0/template-tool.cwl:7:9: JSHINT: W117: 'define' is not defined.
[2022-05-12T14:51:26+0200] [MainThread] [W] [cwltool] v1.0/template-tool.cwl:8:9: JSHINT: var t = function(s) { return _.template(s, {variable: 'data'})({'inputs': inputs}); };
v1.0/template-tool.cwl:8:9: JSHINT:                              ^
v1.0/template-tool.cwl:8:9: JSHINT: W117: '_' is not defined.
[2022-05-12T14:51:26+0200] [MainThread] [I] [toil.job] Saving graph of 1 jobs, 1 new
[2022-05-12T14:51:26+0200] [MainThread] [I] [toil.job] Processing job 'CWLJob' template-tool.cwl kind-CWLJob/instance-36mo53rc v0
[2022-05-12T14:51:26+0200] [MainThread] [I] [toil] Running Toil version 5.6.0-c34146a6437e4407a61e946e968bcce67a0ebbca on host mrc-tux.
[2022-05-12T14:51:26+0200] [MainThread] [I] [toil.leader] Issued job 'CWLJob' template-tool.cwl kind-CWLJob/instance-36mo53rc v1 with job batch system ID: 0 and cores: 1, disk: 2.0 Gi, and memory: 8.0 Mi
[2022-05-12T14:51:26+0200] [MainThread] [I] [toil.worker] Redirecting logging to /tmp/37793f04b1f853c89dc3a0d7ad33e92a/8361/worker_log.txt
[2022-05-12T14:51:28+0200] [MainThread] [I] [toil.leader] 0 jobs are running, 0 jobs are issued and waiting to run
[2022-05-12T14:51:29+0200] [MainThread] [I] [toil.leader] Finished toil run successfully.
[2022-05-12T14:51:29+0200] [MainThread] [I] [toil.common] Successfully deleted the job store: FileJobStore(/tmp/tmpyq7tblbt)
</system-err>
		</testcase>
		<testcase name="Test command execution in Docker with stdout redirection" time="4.721679" class="docker, command_line_tool" file="stdout_redirect_docker" url="cwltest:conformance_test_v1.0#7">
			<system-out>{
    &quot;output_file&quot;: {
        &quot;location&quot;: &quot;file:///tmp/tmpoy09bb8f/output.txt&quot;,
        &quot;basename&quot;: &quot;output.txt&quot;,
        &quot;nameroot&quot;: &quot;output&quot;,
        &quot;nameext&quot;: &quot;.txt&quot;,
        &quot;class&quot;: &quot;File&quot;,
        &quot;checksum&quot;: &quot;sha1$47a013e660d408619d894b20806b1d5086aab03b&quot;,
        &quot;size&quot;: 13
    }
}</system-out>
			<system-err>[2022-05-12T14:51:25+0200] [MainThread] [I] [cwltool] Resolved 'v1.0/cat3-tool-docker.cwl' to 'file:///home/michael/common-workflow-language/v1.0/v1.0/cat3-tool-docker.cwl'
[2022-05-12T14:51:26+0200] [MainThread] [I] [toil.job] Saving graph of 1 jobs, 1 new
[2022-05-12T14:51:26+0200] [MainThread] [I] [toil.job] Processing job 'CWLJob' cat3-tool-docker.cwl kind-CWLJob/instance-01b8fcly v0
[2022-05-12T14:51:26+0200] [MainThread] [I] [toil] Running Toil version 5.6.0-c34146a6437e4407a61e946e968bcce67a0ebbca on host mrc-tux.
[2022-05-12T14:51:26+0200] [MainThread] [I] [toil.leader] Issued job 'CWLJob' cat3-tool-docker.cwl kind-CWLJob/instance-01b8fcly v1 with job batch system ID: 0 and cores: 1, disk: 2.0 Gi, and memory: 8.0 Mi
[2022-05-12T14:51:26+0200] [MainThread] [I] [toil.worker] Redirecting logging to /tmp/650c474a344b5ab1be33fae79b14ef83/2861/worker_log.txt
[2022-05-12T14:51:27+0200] [MainThread] [I] [toil.leader] 0 jobs are running, 0 jobs are issued and waiting to run
[2022-05-12T14:51:29+0200] [MainThread] [I] [toil.leader] Finished toil run successfully.
[2022-05-12T14:51:29+0200] [MainThread] [I] [toil.common] Successfully deleted the job store: FileJobStore(/tmp/tmplx2w9er3)
</system-err>
		</testcase>
		<testcase name="Test command execution in Docker with shortcut stdout redirection" time="5.286409" class="docker, command_line_tool" file="stdout_redirect_shortcut_docker" url="cwltest:conformance_test_v1.0#8">
			<system-out>{
    &quot;output_file&quot;: {
        &quot;location&quot;: &quot;file:///tmp/tmpn29qu9tf/ad9237825974d60f8b97c6880106596859531009&quot;,
        &quot;basename&quot;: &quot;ad9237825974d60f8b97c6880106596859531009&quot;,
        &quot;nameroot&quot;: &quot;ad9237825974d60f8b97c6880106596859531009&quot;,
        &quot;nameext&quot;: &quot;&quot;,
        &quot;class&quot;: &quot;File&quot;,
        &quot;checksum&quot;: &quot;sha1$47a013e660d408619d894b20806b1d5086aab03b&quot;,
        &quot;size&quot;: 13
    }
}</system-out>
			<system-err>[2022-05-12T14:51:25+0200] [MainThread] [I] [cwltool] Resolved 'v1.0/cat3-tool-shortcut.cwl' to 'file:///home/michael/common-workflow-language/v1.0/v1.0/cat3-tool-shortcut.cwl'
[2022-05-12T14:51:26+0200] [MainThread] [I] [toil.job] Saving graph of 1 jobs, 1 new
[2022-05-12T14:51:26+0200] [MainThread] [I] [toil.job] Processing job 'CWLJob' cat3-tool-shortcut.cwl kind-CWLJob/instance-s5v5cc7f v0
[2022-05-12T14:51:26+0200] [MainThread] [I] [toil] Running Toil version 5.6.0-c34146a6437e4407a61e946e968bcce67a0ebbca on host mrc-tux.
[2022-05-12T14:51:26+0200] [MainThread] [I] [toil.leader] Issued job 'CWLJob' cat3-tool-shortcut.cwl kind-CWLJob/instance-s5v5cc7f v1 with job batch system ID: 0 and cores: 1, disk: 2.0 Gi, and memory: 8.0 Mi
[2022-05-12T14:51:26+0200] [MainThread] [I] [toil.worker] Redirecting logging to /tmp/2c5f07695a735b2e953fb0fa94a04f18/e716/worker_log.txt
[2022-05-12T14:51:28+0200] [MainThread] [I] [toil.leader] 0 jobs are running, 0 jobs are issued and waiting to run
[2022-05-12T14:51:30+0200] [MainThread] [I] [toil.leader] Finished toil run successfully.
[2022-05-12T14:51:30+0200] [MainThread] [I] [toil.common] Successfully deleted the job store: FileJobStore(/tmp/tmpr2wrllkt)
</system-err>
		</testcase>
		<testcase name="Test command execution in Docker with mediumcut stdout redirection" time="4.604969" class="docker, command_line_tool" file="stdout_redirect_mediumcut_docker" url="cwltest:conformance_test_v1.0#9">
			<system-out>{
    &quot;output_file&quot;: {
        &quot;location&quot;: &quot;file:///tmp/tmpbublutne/cat-out&quot;,
        &quot;basename&quot;: &quot;cat-out&quot;,
        &quot;nameroot&quot;: &quot;cat-out&quot;,
        &quot;nameext&quot;: &quot;&quot;,
        &quot;class&quot;: &quot;File&quot;,
        &quot;checksum&quot;: &quot;sha1$47a013e660d408619d894b20806b1d5086aab03b&quot;,
        &quot;size&quot;: 13
    }
}</system-out>
			<system-err>[2022-05-12T14:51:29+0200] [MainThread] [I] [cwltool] Resolved 'v1.0/cat3-tool-mediumcut.cwl' to 'file:///home/michael/common-workflow-language/v1.0/v1.0/cat3-tool-mediumcut.cwl'
[2022-05-12T14:51:30+0200] [MainThread] [I] [toil.job] Saving graph of 1 jobs, 1 new
[2022-05-12T14:51:30+0200] [MainThread] [I] [toil.job] Processing job 'CWLJob' cat3-tool-mediumcut.cwl kind-CWLJob/instance-e2fnddw5 v0
[2022-05-12T14:51:30+0200] [MainThread] [I] [toil] Running Toil version 5.6.0-c34146a6437e4407a61e946e968bcce67a0ebbca on host mrc-tux.
[2022-05-12T14:51:30+0200] [MainThread] [I] [toil.leader] Issued job 'CWLJob' cat3-tool-mediumcut.cwl kind-CWLJob/instance-e2fnddw5 v1 with job batch system ID: 0 and cores: 1, disk: 2.0 Gi, and memory: 8.0 Mi
[2022-05-12T14:51:30+0200] [MainThread] [I] [toil.worker] Redirecting logging to /tmp/a7d74c09cd8e5a7592a05c184627f368/a8e4/worker_log.txt
[2022-05-12T14:51:32+0200] [MainThread] [I] [toil.leader] 0 jobs are running, 0 jobs are issued and waiting to run
[2022-05-12T14:51:33+0200] [MainThread] [I] [toil.leader] Finished toil run successfully.
[2022-05-12T14:51:33+0200] [MainThread] [I] [toil.common] Successfully deleted the job store: FileJobStore(/tmp/tmplk53fdp7)
</system-err>
		</testcase>
		<testcase name="Test command line with stderr redirection" time="3.646799" class="shell_command, command_line_tool" file="stderr_redirect" url="cwltest:conformance_test_v1.0#10">
			<system-out>{
    &quot;output_file&quot;: {
        &quot;location&quot;: &quot;file:///tmp/tmpdp_oc0ni/error.txt&quot;,
        &quot;basename&quot;: &quot;error.txt&quot;,
        &quot;nameroot&quot;: &quot;error&quot;,
        &quot;nameext&quot;: &quot;.txt&quot;,
        &quot;class&quot;: &quot;File&quot;,
        &quot;checksum&quot;: &quot;sha1$f1d2d2f924e986ac86fdf7b36c94bcdf32beec15&quot;,
        &quot;size&quot;: 4
    }
}</system-out>
			<system-err>[2022-05-12T14:51:29+0200] [MainThread] [I] [cwltool] Resolved 'v1.0/stderr.cwl' to 'file:///home/michael/common-workflow-language/v1.0/v1.0/stderr.cwl'
[2022-05-12T14:51:30+0200] [MainThread] [I] [toil.job] Saving graph of 1 jobs, 1 new
[2022-05-12T14:51:30+0200] [MainThread] [I] [toil.job] Processing job 'CWLJob' stderr.cwl kind-CWLJob/instance-o5_zchoz v0
[2022-05-12T14:51:30+0200] [MainThread] [I] [toil] Running Toil version 5.6.0-c34146a6437e4407a61e946e968bcce67a0ebbca on host mrc-tux.
[2022-05-12T14:51:30+0200] [MainThread] [I] [toil.leader] Issued job 'CWLJob' stderr.cwl kind-CWLJob/instance-o5_zchoz v1 with job batch system ID: 0 and cores: 1, disk: 2.0 Gi, and memory: 8.0 Mi
[2022-05-12T14:51:31+0200] [MainThread] [I] [toil.worker] Redirecting logging to /tmp/3e22b488a22e5ab390f79c5a32017bc8/2a2e/worker_log.txt
[2022-05-12T14:51:31+0200] [MainThread] [I] [toil.leader] 0 jobs are running, 0 jobs are issued and waiting to run
[2022-05-12T14:51:32+0200] [MainThread] [I] [toil.leader] Finished toil run successfully.
[2022-05-12T14:51:32+0200] [MainThread] [I] [toil.common] Successfully deleted the job store: FileJobStore(/tmp/tmpf6x1a3f3)
</system-err>
		</testcase>
		<testcase name="Test command line with stderr redirection, brief syntax" time="3.705366" class="shell_command, command_line_tool" file="stderr_redirect_shortcut" url="cwltest:conformance_test_v1.0#11">
			<system-out>{
    &quot;output_file&quot;: {
        &quot;location&quot;: &quot;file:///tmp/tmph5ruj7ln/3f032eec121942e8514a9ab79a5bfbcba7e45d8e&quot;,
        &quot;basename&quot;: &quot;3f032eec121942e8514a9ab79a5bfbcba7e45d8e&quot;,
        &quot;nameroot&quot;: &quot;3f032eec121942e8514a9ab79a5bfbcba7e45d8e&quot;,
        &quot;nameext&quot;: &quot;&quot;,
        &quot;class&quot;: &quot;File&quot;,
        &quot;checksum&quot;: &quot;sha1$f1d2d2f924e986ac86fdf7b36c94bcdf32beec15&quot;,
        &quot;size&quot;: 4
    }
}</system-out>
			<system-err>[2022-05-12T14:51:29+0200] [MainThread] [I] [cwltool] Resolved 'v1.0/stderr-shortcut.cwl' to 'file:///home/michael/common-workflow-language/v1.0/v1.0/stderr-shortcut.cwl'
[2022-05-12T14:51:31+0200] [MainThread] [I] [toil.job] Saving graph of 1 jobs, 1 new
[2022-05-12T14:51:31+0200] [MainThread] [I] [toil.job] Processing job 'CWLJob' stderr-shortcut.cwl kind-CWLJob/instance-xlbr9ehx v0
[2022-05-12T14:51:31+0200] [MainThread] [I] [toil] Running Toil version 5.6.0-c34146a6437e4407a61e946e968bcce67a0ebbca on host mrc-tux.
[2022-05-12T14:51:31+0200] [MainThread] [I] [toil.leader] Issued job 'CWLJob' stderr-shortcut.cwl kind-CWLJob/instance-xlbr9ehx v1 with job batch system ID: 0 and cores: 1, disk: 2.0 Gi, and memory: 8.0 Mi
[2022-05-12T14:51:31+0200] [MainThread] [I] [toil.worker] Redirecting logging to /tmp/6669277ad68059fc814732a62497c0b3/56fd/worker_log.txt
[2022-05-12T14:51:31+0200] [MainThread] [I] [toil.leader] 0 jobs are running, 0 jobs are issued and waiting to run
[2022-05-12T14:51:33+0200] [MainThread] [I] [toil.leader] Finished toil run successfully.
[2022-05-12T14:51:33+0200] [MainThread] [I] [toil.common] Successfully deleted the job store: FileJobStore(/tmp/tmp0s7__4bi)
</system-err>
		</testcase>
		<testcase name="Test command line with stderr redirection, named brief syntax" time="3.791870" class="shell_command, command_line_tool" file="stderr_redirect_mediumcut" url="cwltest:conformance_test_v1.0#12">
			<system-out>{
    &quot;output_file&quot;: {
        &quot;location&quot;: &quot;file:///tmp/tmpasq2039u/std.err&quot;,
        &quot;basename&quot;: &quot;std.err&quot;,
        &quot;nameroot&quot;: &quot;std&quot;,
        &quot;nameext&quot;: &quot;.err&quot;,
        &quot;class&quot;: &quot;File&quot;,
        &quot;checksum&quot;: &quot;sha1$f1d2d2f924e986ac86fdf7b36c94bcdf32beec15&quot;,
        &quot;size&quot;: 4
    }
}</system-out>
			<system-err>[2022-05-12T14:51:30+0200] [MainThread] [I] [cwltool] Resolved 'v1.0/stderr-mediumcut.cwl' to 'file:///home/michael/common-workflow-language/v1.0/v1.0/stderr-mediumcut.cwl'
[2022-05-12T14:51:31+0200] [MainThread] [I] [toil.job] Saving graph of 1 jobs, 1 new
[2022-05-12T14:51:31+0200] [MainThread] [I] [toil.job] Processing job 'CWLJob' stderr-mediumcut.cwl kind-CWLJob/instance-bu88k9wy v0
[2022-05-12T14:51:31+0200] [MainThread] [I] [toil] Running Toil version 5.6.0-c34146a6437e4407a61e946e968bcce67a0ebbca on host mrc-tux.
[2022-05-12T14:51:31+0200] [MainThread] [I] [toil.leader] Issued job 'CWLJob' stderr-mediumcut.cwl kind-CWLJob/instance-bu88k9wy v1 with job batch system ID: 0 and cores: 1, disk: 2.0 Gi, and memory: 8.0 Mi
[2022-05-12T14:51:32+0200] [MainThread] [I] [toil.worker] Redirecting logging to /tmp/fd5d6a5956e85f7b995f6814b7e0368d/4267/worker_log.txt
[2022-05-12T14:51:32+0200] [MainThread] [I] [toil.leader] 0 jobs are running, 0 jobs are issued and waiting to run
[2022-05-12T14:51:33+0200] [MainThread] [I] [toil.leader] Finished toil run successfully.
[2022-05-12T14:51:33+0200] [MainThread] [I] [toil.common] Successfully deleted the job store: FileJobStore(/tmp/tmpy0hau1m1)
</system-err>
		</testcase>
		<testcase name="Test command execution in Docker with stdin and stdout redirection" time="4.578969" class="required, command_line_tool" file="stdinout_redirect_docker" url="cwltest:conformance_test_v1.0#13">
			<system-out>{
    &quot;output_txt&quot;: {
        &quot;location&quot;: &quot;file:///tmp/tmpb8hyk7g6/output.txt&quot;,
        &quot;basename&quot;: &quot;output.txt&quot;,
        &quot;nameroot&quot;: &quot;output&quot;,
        &quot;nameext&quot;: &quot;.txt&quot;,
        &quot;class&quot;: &quot;File&quot;,
        &quot;checksum&quot;: &quot;sha1$47a013e660d408619d894b20806b1d5086aab03b&quot;,
        &quot;size&quot;: 13
    }
}</system-out>
			<system-err>[2022-05-12T14:51:33+0200] [MainThread] [I] [cwltool] Resolved 'v1.0/cat4-tool.cwl' to 'file:///home/michael/common-workflow-language/v1.0/v1.0/cat4-tool.cwl'
[2022-05-12T14:51:34+0200] [MainThread] [I] [toil.job] Saving graph of 1 jobs, 1 new
[2022-05-12T14:51:34+0200] [MainThread] [I] [toil.job] Processing job 'CWLJob' cat4-tool.cwl kind-CWLJob/instance-qwd9lmq5 v0
[2022-05-12T14:51:34+0200] [MainThread] [I] [toil] Running Toil version 5.6.0-c34146a6437e4407a61e946e968bcce67a0ebbca on host mrc-tux.
[2022-05-12T14:51:34+0200] [MainThread] [I] [toil.leader] Issued job 'CWLJob' cat4-tool.cwl kind-CWLJob/instance-qwd9lmq5 v1 with job batch system ID: 0 and cores: 1, disk: 2.0 Gi, and memory: 8.0 Mi
[2022-05-12T14:51:34+0200] [MainThread] [I] [toil.worker] Redirecting logging to /tmp/de5bee7eb215541c94c080038f828b5f/d595/worker_log.txt
[2022-05-12T14:51:36+0200] [MainThread] [I] [toil.leader] 0 jobs are running, 0 jobs are issued and waiting to run
[2022-05-12T14:51:37+0200] [MainThread] [I] [toil.leader] Finished toil run successfully.
[2022-05-12T14:51:37+0200] [MainThread] [I] [toil.common] Successfully deleted the job store: FileJobStore(/tmp/tmphvhhrfdx)
</system-err>
		</testcase>
		<testcase name="Test default usage of Any in expressions." time="3.870360" class="inline_javascript, expression_tool" file="expression_any" url="cwltest:conformance_test_v1.0#14">
			<system-out>{
    &quot;output&quot;: 1
}</system-out>
			<system-err>[2022-05-12T14:51:33+0200] [MainThread] [I] [cwltool] Resolved 'v1.0/null-expression1-tool.cwl' to 'file:///home/michael/common-workflow-language/v1.0/v1.0/null-expression1-tool.cwl'
[2022-05-12T14:51:34+0200] [MainThread] [I] [toil.job] Saving graph of 1 jobs, 1 new
[2022-05-12T14:51:34+0200] [MainThread] [I] [toil.job] Processing job 'CWLJob' null-expression1-tool.cwl kind-CWLJob/instance-x2eo94w1 v0
[2022-05-12T14:51:34+0200] [MainThread] [I] [toil] Running Toil version 5.6.0-c34146a6437e4407a61e946e968bcce67a0ebbca on host mrc-tux.
[2022-05-12T14:51:34+0200] [MainThread] [I] [toil.leader] Issued job 'CWLJob' null-expression1-tool.cwl kind-CWLJob/instance-x2eo94w1 v1 with job batch system ID: 0 and cores: 1, disk: 3.0 Gi, and memory: 2.0 Gi
[2022-05-12T14:51:35+0200] [MainThread] [I] [toil.worker] Redirecting logging to /tmp/54d0ac338b5a587497da9caff67f3765/2716/worker_log.txt
[2022-05-12T14:51:35+0200] [MainThread] [I] [toil.leader] 0 jobs are running, 0 jobs are issued and waiting to run
[2022-05-12T14:51:36+0200] [MainThread] [I] [toil.leader] Finished toil run successfully.
[2022-05-12T14:51:36+0200] [MainThread] [I] [toil.common] Successfully deleted the job store: FileJobStore(/tmp/tmpddgylt42)
</system-err>
		</testcase>
		<testcase name="Test explicitly passing null to Any type inputs with default values." time="4.181734" class="inline_javascript, expression_tool" file="expression_any_null" url="cwltest:conformance_test_v1.0#15">
			<system-out>{
    &quot;output&quot;: 1
}</system-out>
			<system-err>[2022-05-12T14:51:34+0200] [MainThread] [I] [cwltool] Resolved 'v1.0/null-expression1-tool.cwl' to 'file:///home/michael/common-workflow-language/v1.0/v1.0/null-expression1-tool.cwl'
[2022-05-12T14:51:35+0200] [MainThread] [I] [toil.job] Saving graph of 1 jobs, 1 new
[2022-05-12T14:51:35+0200] [MainThread] [I] [toil.job] Processing job 'CWLJob' null-expression1-tool.cwl kind-CWLJob/instance-89_nm7qz v0
[2022-05-12T14:51:35+0200] [MainThread] [I] [toil] Running Toil version 5.6.0-c34146a6437e4407a61e946e968bcce67a0ebbca on host mrc-tux.
[2022-05-12T14:51:35+0200] [MainThread] [I] [toil.leader] Issued job 'CWLJob' null-expression1-tool.cwl kind-CWLJob/instance-89_nm7qz v1 with job batch system ID: 0 and cores: 1, disk: 3.0 Gi, and memory: 2.0 Gi
[2022-05-12T14:51:36+0200] [MainThread] [I] [toil.worker] Redirecting logging to /tmp/f53e9f2fe2f359be8bb4f64b1401fdd5/d19d/worker_log.txt
[2022-05-12T14:51:36+0200] [MainThread] [I] [toil.leader] 0 jobs are running, 0 jobs are issued and waiting to run
[2022-05-12T14:51:37+0200] [MainThread] [I] [toil.leader] Finished toil run successfully.
[2022-05-12T14:51:37+0200] [MainThread] [I] [toil.common] Successfully deleted the job store: FileJobStore(/tmp/tmpbljhr3f5)
</system-err>
		</testcase>
		<testcase name="Testing the string 'null' does not trip up an Any with a default value." time="4.198490" class="inline_javascript, expression_tool" file="expression_any_string" url="cwltest:conformance_test_v1.0#16">
			<system-out>{
    &quot;output&quot;: 2
}</system-out>
			<system-err>[2022-05-12T14:51:34+0200] [MainThread] [I] [cwltool] Resolved 'v1.0/null-expression1-tool.cwl' to 'file:///home/michael/common-workflow-language/v1.0/v1.0/null-expression1-tool.cwl'
[2022-05-12T14:51:35+0200] [MainThread] [I] [toil.job] Saving graph of 1 jobs, 1 new
[2022-05-12T14:51:35+0200] [MainThread] [I] [toil.job] Processing job 'CWLJob' null-expression1-tool.cwl kind-CWLJob/instance-c3kl61rs v0
[2022-05-12T14:51:35+0200] [MainThread] [I] [toil] Running Toil version 5.6.0-c34146a6437e4407a61e946e968bcce67a0ebbca on host mrc-tux.
[2022-05-12T14:51:35+0200] [MainThread] [I] [toil.leader] Issued job 'CWLJob' null-expression1-tool.cwl kind-CWLJob/instance-c3kl61rs v1 with job batch system ID: 0 and cores: 1, disk: 3.0 Gi, and memory: 2.0 Gi
[2022-05-12T14:51:36+0200] [MainThread] [I] [toil.worker] Redirecting logging to /tmp/217819be0a0658b2b28f408f4d6a9116/20f3/worker_log.txt
[2022-05-12T14:51:36+0200] [MainThread] [I] [toil.leader] 0 jobs are running, 0 jobs are issued and waiting to run
[2022-05-12T14:51:37+0200] [MainThread] [I] [toil.leader] Finished toil run successfully.
[2022-05-12T14:51:37+0200] [MainThread] [I] [toil.common] Successfully deleted the job store: FileJobStore(/tmp/tmpxda4l_u6)
</system-err>
		</testcase>
		<testcase name="Test Any without defaults cannot be unspecified." time="1.904716" class="inline_javascript, expression_tool" file="expression_any_nodefaultany" url="cwltest:conformance_test_v1.0#17">
			<system-err>[2022-05-12T14:51:37+0200] [MainThread] [I] [cwltool] Resolved 'v1.0/null-expression2-tool.cwl' to 'file:///home/michael/common-workflow-language/v1.0/v1.0/null-expression2-tool.cwl'
Traceback (most recent call last):
  File &quot;/home/michael/common-workflow-language/toil5.6.0/lib/python3.10/site-packages/cwltool/process.py&quot;, line 456, in fill_in_defaults
    raise WorkflowException(
cwltool.errors.WorkflowException: Missing required input parameter 'i1'

During handling of the above exception, another exception occurred:

Traceback (most recent call last):
  File &quot;/home/michael/common-workflow-language/toil5.6.0/bin/toil-cwl-runner&quot;, line 8, in &lt;module&gt;
    sys.exit(main())
  File &quot;/home/michael/common-workflow-language/toil5.6.0/lib/python3.10/site-packages/toil/cwl/cwltoil.py&quot;, line 3389, in main
    fill_in_defaults(tool.tool[&quot;inputs&quot;], initialized_job_order, fs_access)
  File &quot;/home/michael/common-workflow-language/toil5.6.0/lib/python3.10/site-packages/cwltool/process.py&quot;, line 447, in fill_in_defaults
    with SourceLine(inputs, e, WorkflowException, debug):
  File &quot;schema_salad/sourceline.py&quot;, line 256, in __exit__
cwltool.errors.WorkflowException: v1.0/null-expression2-tool.cwl:9:3: Missing required input parameter 'i1'
</system-err>
		</testcase>
		<testcase name="Test explicitly passing null to Any type without a default value." time="2.086080" class="inline_javascript, expression_tool" file="expression_any_null_nodefaultany" url="cwltest:conformance_test_v1.0#18">
			<system-err>[2022-05-12T14:51:37+0200] [MainThread] [I] [cwltool] Resolved 'v1.0/null-expression2-tool.cwl' to 'file:///home/michael/common-workflow-language/v1.0/v1.0/null-expression2-tool.cwl'
Traceback (most recent call last):
  File &quot;/home/michael/common-workflow-language/toil5.6.0/lib/python3.10/site-packages/cwltool/process.py&quot;, line 456, in fill_in_defaults
    raise WorkflowException(
cwltool.errors.WorkflowException: Missing required input parameter 'i1'

During handling of the above exception, another exception occurred:

Traceback (most recent call last):
  File &quot;/home/michael/common-workflow-language/toil5.6.0/bin/toil-cwl-runner&quot;, line 8, in &lt;module&gt;
    sys.exit(main())
  File &quot;/home/michael/common-workflow-language/toil5.6.0/lib/python3.10/site-packages/toil/cwl/cwltoil.py&quot;, line 3389, in main
    fill_in_defaults(tool.tool[&quot;inputs&quot;], initialized_job_order, fs_access)
  File &quot;/home/michael/common-workflow-language/toil5.6.0/lib/python3.10/site-packages/cwltool/process.py&quot;, line 447, in fill_in_defaults
    with SourceLine(inputs, e, WorkflowException, debug):
  File &quot;schema_salad/sourceline.py&quot;, line 256, in __exit__
cwltool.errors.WorkflowException: v1.0/null-expression2-tool.cwl:9:3: Missing required input parameter 'i1'
</system-err>
		</testcase>
		<testcase name="Testing the string 'null' does not trip up an Any without a default value." time="4.073437" class="inline_javascript, expression_tool" file="expression_any_nullstring_nodefaultany" url="cwltest:conformance_test_v1.0#19">
			<system-out>{
    &quot;output&quot;: 2
}</system-out>
			<system-err>[2022-05-12T14:51:38+0200] [MainThread] [I] [cwltool] Resolved 'v1.0/null-expression2-tool.cwl' to 'file:///home/michael/common-workflow-language/v1.0/v1.0/null-expression2-tool.cwl'
[2022-05-12T14:51:39+0200] [MainThread] [I] [toil.job] Saving graph of 1 jobs, 1 new
[2022-05-12T14:51:39+0200] [MainThread] [I] [toil.job] Processing job 'CWLJob' null-expression2-tool.cwl kind-CWLJob/instance-hmd5sy78 v0
[2022-05-12T14:51:39+0200] [MainThread] [I] [toil] Running Toil version 5.6.0-c34146a6437e4407a61e946e968bcce67a0ebbca on host mrc-tux.
[2022-05-12T14:51:39+0200] [MainThread] [I] [toil.leader] Issued job 'CWLJob' null-expression2-tool.cwl kind-CWLJob/instance-hmd5sy78 v1 with job batch system ID: 0 and cores: 1, disk: 3.0 Gi, and memory: 2.0 Gi
[2022-05-12T14:51:40+0200] [MainThread] [I] [toil.worker] Redirecting logging to /tmp/808e00a46c75527daceed4b964217125/039d/worker_log.txt
[2022-05-12T14:51:40+0200] [MainThread] [I] [toil.leader] 0 jobs are running, 0 jobs are issued and waiting to run
[2022-05-12T14:51:41+0200] [MainThread] [I] [toil.leader] Finished toil run successfully.
[2022-05-12T14:51:41+0200] [MainThread] [I] [toil.common] Successfully deleted the job store: FileJobStore(/tmp/tmpr3au1yo0)
</system-err>
		</testcase>
		<testcase name="Testing Any type compatibility in outputSource" time="3.910143" class="required, workflow" file="any_outputSource_compatibility" url="cwltest:conformance_test_v1.0#20">
			<system-out>{
    &quot;output1&quot;: [
        &quot;hello&quot;,
        &quot;world&quot;
    ],
    &quot;output2&quot;: [
        &quot;foo&quot;,
        &quot;bar&quot;
    ],
    &quot;output3&quot;: &quot;hello&quot;
}</system-out>
			<system-err>[2022-05-12T14:51:38+0200] [MainThread] [I] [cwltool] Resolved 'v1.0/any-type-compat.cwl' to 'file:///home/michael/common-workflow-language/v1.0/v1.0/any-type-compat.cwl'
[2022-05-12T14:51:39+0200] [MainThread] [I] [toil.job] Saving graph of 2 jobs, 2 new
[2022-05-12T14:51:39+0200] [MainThread] [I] [toil.job] Processing job 'ResolveIndirect' kind-ResolveIndirect/instance-9td74lh3 v0
[2022-05-12T14:51:39+0200] [MainThread] [I] [toil.job] Processing job 'CWLWorkflow' kind-CWLWorkflow/instance-6t_88rhg v0
[2022-05-12T14:51:39+0200] [MainThread] [I] [toil] Running Toil version 5.6.0-c34146a6437e4407a61e946e968bcce67a0ebbca on host mrc-tux.
[2022-05-12T14:51:40+0200] [MainThread] [I] [toil.worker] Redirecting logging to /tmp/799cd2f8f61651818670a48c207d5360/8ab1/worker_log.txt
[2022-05-12T14:51:40+0200] [MainThread] [I] [toil.leader] 0 jobs are running, 0 jobs are issued and waiting to run
[2022-05-12T14:51:41+0200] [MainThread] [I] [toil.leader] Finished toil run successfully.
[2022-05-12T14:51:41+0200] [MainThread] [I] [toil.common] Successfully deleted the job store: FileJobStore(/tmp/tmp31wyrtkz)
</system-err>
		</testcase>
		<testcase name="Test command execution in with stdin and stdout redirection" time="3.754998" class="required, command_line_tool" file="stdinout_redirect" url="cwltest:conformance_test_v1.0#21">
			<system-out>{
    &quot;output&quot;: {
        &quot;location&quot;: &quot;file:///tmp/tmp8yyhrrat/output&quot;,
        &quot;basename&quot;: &quot;output&quot;,
        &quot;nameroot&quot;: &quot;output&quot;,
        &quot;nameext&quot;: &quot;&quot;,
        &quot;class&quot;: &quot;File&quot;,
        &quot;checksum&quot;: &quot;sha1$47a013e660d408619d894b20806b1d5086aab03b&quot;,
        &quot;size&quot;: 13
    }
}</system-out>
			<system-err>[2022-05-12T14:51:39+0200] [MainThread] [I] [cwltool] Resolved 'v1.0/cat-tool.cwl' to 'file:///home/michael/common-workflow-language/v1.0/v1.0/cat-tool.cwl'
[2022-05-12T14:51:40+0200] [MainThread] [I] [toil.job] Saving graph of 1 jobs, 1 new
[2022-05-12T14:51:40+0200] [MainThread] [I] [toil.job] Processing job 'CWLJob' cat-tool.cwl kind-CWLJob/instance-c2t31z11 v0
[2022-05-12T14:51:40+0200] [MainThread] [I] [toil] Running Toil version 5.6.0-c34146a6437e4407a61e946e968bcce67a0ebbca on host mrc-tux.
[2022-05-12T14:51:40+0200] [MainThread] [I] [toil.leader] Issued job 'CWLJob' cat-tool.cwl kind-CWLJob/instance-c2t31z11 v1 with job batch system ID: 0 and cores: 1, disk: 2.0 Gi, and memory: 8.0 Mi
[2022-05-12T14:51:40+0200] [MainThread] [I] [toil.worker] Redirecting logging to /tmp/98539f47c7475279b53fd6a5347a3dbd/8ff5/worker_log.txt
[2022-05-12T14:51:41+0200] [MainThread] [I] [toil.leader] 0 jobs are running, 0 jobs are issued and waiting to run
[2022-05-12T14:51:42+0200] [MainThread] [I] [toil.leader] Finished toil run successfully.
[2022-05-12T14:51:42+0200] [MainThread] [I] [toil.common] Successfully deleted the job store: FileJobStore(/tmp/tmpee3nmugj)
</system-err>
		</testcase>
		<testcase name="Test ExpressionTool with Javascript engine" time="3.828958" class="inline_javascript, expression_tool" file="expression_parseint" url="cwltest:conformance_test_v1.0#22">
			<system-out>{
    &quot;output&quot;: 42
}</system-out>
			<system-err>[2022-05-12T14:51:40+0200] [MainThread] [I] [cwltool] Resolved 'v1.0/parseInt-tool.cwl' to 'file:///home/michael/common-workflow-language/v1.0/v1.0/parseInt-tool.cwl'
[2022-05-12T14:51:41+0200] [MainThread] [I] [toil.job] Saving graph of 1 jobs, 1 new
[2022-05-12T14:51:41+0200] [MainThread] [I] [toil.job] Processing job 'CWLJob' parseInt-tool.cwl kind-CWLJob/instance-zanb_c6_ v0
[2022-05-12T14:51:41+0200] [MainThread] [I] [toil] Running Toil version 5.6.0-c34146a6437e4407a61e946e968bcce67a0ebbca on host mrc-tux.
[2022-05-12T14:51:41+0200] [MainThread] [I] [toil.leader] Issued job 'CWLJob' parseInt-tool.cwl kind-CWLJob/instance-zanb_c6_ v1 with job batch system ID: 0 and cores: 1, disk: 3.0 Gi, and memory: 2.0 Gi
[2022-05-12T14:51:41+0200] [MainThread] [I] [toil.worker] Redirecting logging to /tmp/a884e6ee593253b7bac1c015de6516ac/2152/worker_log.txt
[2022-05-12T14:51:41+0200] [MainThread] [I] [toil.leader] 0 jobs are running, 0 jobs are issued and waiting to run
[2022-05-12T14:51:43+0200] [MainThread] [I] [toil.leader] Finished toil run successfully.
[2022-05-12T14:51:43+0200] [MainThread] [I] [toil.common] Successfully deleted the job store: FileJobStore(/tmp/tmpdst70ubf)
</system-err>
		</testcase>
		<testcase name="Test outputEval to transform output" time="3.865651" class="inline_javascript, command_line_tool" file="expression_outputEval" url="cwltest:conformance_test_v1.0#23">
			<system-out>{
    &quot;output&quot;: 16
}</system-out>
			<system-err>[2022-05-12T14:51:42+0200] [MainThread] [I] [cwltool] Resolved 'v1.0/wc2-tool.cwl' to 'file:///home/michael/common-workflow-language/v1.0/v1.0/wc2-tool.cwl'
[2022-05-12T14:51:43+0200] [MainThread] [I] [toil.job] Saving graph of 1 jobs, 1 new
[2022-05-12T14:51:43+0200] [MainThread] [I] [toil.job] Processing job 'CWLJob' wc2-tool.cwl kind-CWLJob/instance-nc2d8f1i v0
[2022-05-12T14:51:43+0200] [MainThread] [I] [toil] Running Toil version 5.6.0-c34146a6437e4407a61e946e968bcce67a0ebbca on host mrc-tux.
[2022-05-12T14:51:43+0200] [MainThread] [I] [toil.leader] Issued job 'CWLJob' wc2-tool.cwl kind-CWLJob/instance-nc2d8f1i v1 with job batch system ID: 0 and cores: 1, disk: 2.0 Gi, and memory: 8.0 Mi
[2022-05-12T14:51:43+0200] [MainThread] [I] [toil.worker] Redirecting logging to /tmp/148828a58c60554fb9fcc0764ffaa423/6b33/worker_log.txt
[2022-05-12T14:51:44+0200] [MainThread] [I] [toil.leader] 0 jobs are running, 0 jobs are issued and waiting to run
[2022-05-12T14:51:45+0200] [MainThread] [I] [toil.leader] Finished toil run successfully.
[2022-05-12T14:51:45+0200] [MainThread] [I] [toil.common] Successfully deleted the job store: FileJobStore(/tmp/tmpvcnef5fx)
</system-err>
		</testcase>
		<testcase name="Test two step workflow with imported tools" time="8.477900" class="inline_javascript, workflow" file="wf_wc_parseInt" url="cwltest:conformance_test_v1.0#24">
			<system-out>{
    &quot;count_output&quot;: 16
}</system-out>
			<system-err>[2022-05-12T14:51:42+0200] [MainThread] [I] [cwltool] Resolved 'v1.0/count-lines1-wf.cwl' to 'file:///home/michael/common-workflow-language/v1.0/v1.0/count-lines1-wf.cwl'
[2022-05-12T14:51:45+0200] [MainThread] [I] [toil.job] Saving graph of 2 jobs, 2 new
[2022-05-12T14:51:45+0200] [MainThread] [I] [toil.job] Processing job 'ResolveIndirect' kind-ResolveIndirect/instance-b75x5eom v0
[2022-05-12T14:51:45+0200] [MainThread] [I] [toil.job] Processing job 'CWLWorkflow' kind-CWLWorkflow/instance-medxxjfi v0
[2022-05-12T14:51:45+0200] [MainThread] [I] [toil] Running Toil version 5.6.0-c34146a6437e4407a61e946e968bcce67a0ebbca on host mrc-tux.
[2022-05-12T14:51:45+0200] [MainThread] [I] [toil.worker] Redirecting logging to /tmp/6535d45364b35b77afc83414f8ccfad9/64b8/worker_log.txt
[2022-05-12T14:51:45+0200] [MainThread] [I] [toil.leader] 0 jobs are running, 0 jobs are issued and waiting to run
[2022-05-12T14:51:45+0200] [MainThread] [I] [toil.leader] Issued job 'CWLJob' count-lines1-wf.cwl.step1.wc-tool.cwl kind-CWLJob/instance-jc1et73l v1 with job batch system ID: 1 and cores: 1, disk: 2.0 Gi, and memory: 8.0 Mi
[2022-05-12T14:51:46+0200] [MainThread] [I] [toil.worker] Redirecting logging to /tmp/6535d45364b35b77afc83414f8ccfad9/c815/worker_log.txt
[2022-05-12T14:51:46+0200] [MainThread] [I] [toil.leader] Issued job 'CWLJob' count-lines1-wf.cwl.step2.parseInt-tool.cwl kind-CWLJob/instance-2hfx399g v1 with job batch system ID: 2 and cores: 1, disk: 3.0 Gi, and memory: 2.0 Gi
[2022-05-12T14:51:46+0200] [MainThread] [I] [toil.worker] Redirecting logging to /tmp/6535d45364b35b77afc83414f8ccfad9/c823/worker_log.txt
[2022-05-12T14:51:47+0200] [MainThread] [I] [toil.leader] Issued job 'CWLJob' count-lines1-wf.cwl.step1.wc-tool.cwl kind-CWLJob/instance-jc1et73l v2 with job batch system ID: 3 and cores: 1, disk: 2.0 Gi, and memory: 8.0 Mi
[2022-05-12T14:51:47+0200] [MainThread] [I] [toil.worker] Redirecting logging to /tmp/6535d45364b35b77afc83414f8ccfad9/4824/worker_log.txt
[2022-05-12T14:51:48+0200] [MainThread] [I] [toil.worker] Redirecting logging to /tmp/6535d45364b35b77afc83414f8ccfad9/a0c7/worker_log.txt
[2022-05-12T14:51:49+0200] [MainThread] [I] [toil.worker] Redirecting logging to /tmp/6535d45364b35b77afc83414f8ccfad9/654a/worker_log.txt
[2022-05-12T14:51:50+0200] [MainThread] [I] [toil.leader] Finished toil run successfully.
[2022-05-12T14:51:50+0200] [MainThread] [I] [toil.common] Successfully deleted the job store: FileJobStore(/tmp/tmpwgr52tp_)
</system-err>
		</testcase>
		<testcase name="Test two step workflow with inline tools" time="7.445522" class="inline_javascript, workflow" file="wf_wc_expressiontool" url="cwltest:conformance_test_v1.0#25">
			<system-out>{
    &quot;count_output&quot;: 16
}</system-out>
			<system-err>[2022-05-12T14:51:43+0200] [MainThread] [I] [cwltool] Resolved 'v1.0/count-lines2-wf.cwl' to 'file:///home/michael/common-workflow-language/v1.0/v1.0/count-lines2-wf.cwl'
[2022-05-12T14:51:46+0200] [MainThread] [I] [toil.job] Saving graph of 2 jobs, 2 new
[2022-05-12T14:51:46+0200] [MainThread] [I] [toil.job] Processing job 'ResolveIndirect' kind-ResolveIndirect/instance-3upq7e3t v0
[2022-05-12T14:51:46+0200] [MainThread] [I] [toil.job] Processing job 'CWLWorkflow' kind-CWLWorkflow/instance-ehy726tk v0
[2022-05-12T14:51:46+0200] [MainThread] [I] [toil] Running Toil version 5.6.0-c34146a6437e4407a61e946e968bcce67a0ebbca on host mrc-tux.
[2022-05-12T14:51:46+0200] [MainThread] [I] [toil.worker] Redirecting logging to /tmp/7d036d3ad7905ca9b87152aeccafe8b5/cd29/worker_log.txt
[2022-05-12T14:51:46+0200] [MainThread] [I] [toil.leader] 0 jobs are running, 0 jobs are issued and waiting to run
[2022-05-12T14:51:46+0200] [MainThread] [I] [toil.leader] Issued job 'CWLJob' count-lines2-wf.cwl.step1.wc kind-CWLJob/instance-oj9wq8vd v1 with job batch system ID: 1 and cores: 1, disk: 3.0 Gi, and memory: 2.0 Gi
[2022-05-12T14:51:47+0200] [MainThread] [I] [toil.worker] Redirecting logging to /tmp/7d036d3ad7905ca9b87152aeccafe8b5/0b7a/worker_log.txt
[2022-05-12T14:51:47+0200] [MainThread] [I] [toil.worker] Redirecting logging to /tmp/7d036d3ad7905ca9b87152aeccafe8b5/08ec/worker_log.txt
[2022-05-12T14:51:48+0200] [MainThread] [I] [toil.worker] Redirecting logging to /tmp/7d036d3ad7905ca9b87152aeccafe8b5/946a/worker_log.txt
[2022-05-12T14:51:50+0200] [MainThread] [I] [toil.leader] Finished toil run successfully.
[2022-05-12T14:51:50+0200] [MainThread] [I] [toil.common] Successfully deleted the job store: FileJobStore(/tmp/tmpdr7xsz5h)
</system-err>
		</testcase>
		<testcase name="Test single step workflow with Scatter step" time="8.822814" class="scatter, inline_javascript, workflow" file="wf_wc_scatter" url="cwltest:conformance_test_v1.0#26">
			<system-out>{
    &quot;count_output&quot;: [
        16,
        1
    ]
}</system-out>
			<system-err>[2022-05-12T14:51:43+0200] [MainThread] [I] [cwltool] Resolved 'v1.0/count-lines3-wf.cwl' to 'file:///home/michael/common-workflow-language/v1.0/v1.0/count-lines3-wf.cwl'
[2022-05-12T14:51:46+0200] [MainThread] [I] [toil.job] Saving graph of 2 jobs, 2 new
[2022-05-12T14:51:46+0200] [MainThread] [I] [toil.job] Processing job 'ResolveIndirect' kind-ResolveIndirect/instance-7z3o16l7 v0
[2022-05-12T14:51:46+0200] [MainThread] [I] [toil.job] Processing job 'CWLWorkflow' kind-CWLWorkflow/instance-fysdofgb v0
[2022-05-12T14:51:46+0200] [MainThread] [I] [toil] Running Toil version 5.6.0-c34146a6437e4407a61e946e968bcce67a0ebbca on host mrc-tux.
[2022-05-12T14:51:46+0200] [MainThread] [I] [toil.worker] Redirecting logging to /tmp/e431cc658e3a53ef98254b22f46054be/8608/worker_log.txt
[2022-05-12T14:51:46+0200] [MainThread] [I] [toil.leader] 0 jobs are running, 0 jobs are issued and waiting to run
[2022-05-12T14:51:47+0200] [MainThread] [I] [toil.worker] Redirecting logging to /tmp/e431cc658e3a53ef98254b22f46054be/f3bf/worker_log.txt
[2022-05-12T14:51:47+0200] [MainThread] [I] [toil.leader] Issued job 'CWLJob' count-lines3-wf.cwl[0].wc2-tool.cwl kind-CWLJob/instance-1dkijazg v1 with job batch system ID: 2 and cores: 1, disk: 2.0 Gi, and memory: 8.0 Mi
[2022-05-12T14:51:47+0200] [MainThread] [I] [toil.leader] Issued job 'CWLJob' count-lines3-wf.cwl[1].wc2-tool.cwl kind-CWLJob/instance-hbswsfyh v1 with job batch system ID: 3 and cores: 1, disk: 2.0 Gi, and memory: 8.0 Mi
[2022-05-12T14:51:47+0200] [MainThread] [I] [toil.worker] Redirecting logging to /tmp/e431cc658e3a53ef98254b22f46054be/1e3b/worker_log.txt
[2022-05-12T14:51:47+0200] [MainThread] [I] [toil.worker] Redirecting logging to /tmp/e431cc658e3a53ef98254b22f46054be/b01a/worker_log.txt
[2022-05-12T14:51:48+0200] [MainThread] [I] [toil.worker] Redirecting logging to /tmp/e431cc658e3a53ef98254b22f46054be/634e/worker_log.txt
[2022-05-12T14:51:49+0200] [MainThread] [I] [toil.worker] Redirecting logging to /tmp/e431cc658e3a53ef98254b22f46054be/c914/worker_log.txt
[2022-05-12T14:51:50+0200] [MainThread] [I] [toil.worker] Redirecting logging to /tmp/e431cc658e3a53ef98254b22f46054be/d33b/worker_log.txt
[2022-05-12T14:51:50+0200] [MainThread] [I] [toil.worker] Redirecting logging to /tmp/e431cc658e3a53ef98254b22f46054be/b4a6/worker_log.txt
[2022-05-12T14:51:52+0200] [MainThread] [I] [toil.leader] Finished toil run successfully.
[2022-05-12T14:51:52+0200] [MainThread] [I] [toil.common] Successfully deleted the job store: FileJobStore(/tmp/tmpidc1avs6)
</system-err>
		</testcase>
		<testcase name="Test single step workflow with Scatter step and two data links connected to same input, default merge behavior" time="9.354608" class="scatter, multiple_input, inline_javascript, workflow" file="wf_wc_scatter_multiple_merge" url="cwltest:conformance_test_v1.0#27">
			<system-out>{
    &quot;count_output&quot;: [
        16,
        1
    ]
}</system-out>
			<system-err>[2022-05-12T14:51:46+0200] [MainThread] [I] [cwltool] Resolved 'v1.0/count-lines4-wf.cwl' to 'file:///home/michael/common-workflow-language/v1.0/v1.0/count-lines4-wf.cwl'
[2022-05-12T14:51:48+0200] [MainThread] [I] [toil.job] Saving graph of 2 jobs, 2 new
[2022-05-12T14:51:48+0200] [MainThread] [I] [toil.job] Processing job 'ResolveIndirect' kind-ResolveIndirect/instance-oe6amkst v0
[2022-05-12T14:51:48+0200] [MainThread] [I] [toil.job] Processing job 'CWLWorkflow' kind-CWLWorkflow/instance-z22fnuwo v0
[2022-05-12T14:51:48+0200] [MainThread] [I] [toil] Running Toil version 5.6.0-c34146a6437e4407a61e946e968bcce67a0ebbca on host mrc-tux.
[2022-05-12T14:51:49+0200] [MainThread] [I] [toil.worker] Redirecting logging to /tmp/5f0a9c6d110e5785884097c4b1201356/56b9/worker_log.txt
[2022-05-12T14:51:49+0200] [MainThread] [I] [toil.leader] 0 jobs are running, 0 jobs are issued and waiting to run
[2022-05-12T14:51:49+0200] [MainThread] [I] [toil.worker] Redirecting logging to /tmp/5f0a9c6d110e5785884097c4b1201356/be3d/worker_log.txt
[2022-05-12T14:51:49+0200] [MainThread] [I] [toil.leader] Issued job 'CWLJob' count-lines4-wf.cwl[0].wc2-tool.cwl kind-CWLJob/instance-991gpfp6 v1 with job batch system ID: 2 and cores: 1, disk: 2.0 Gi, and memory: 8.0 Mi
[2022-05-12T14:51:49+0200] [MainThread] [I] [toil.leader] Issued job 'CWLJob' count-lines4-wf.cwl[1].wc2-tool.cwl kind-CWLJob/instance-qtwsj8dr v1 with job batch system ID: 3 and cores: 1, disk: 2.0 Gi, and memory: 8.0 Mi
[2022-05-12T14:51:50+0200] [MainThread] [I] [toil.worker] Redirecting logging to /tmp/5f0a9c6d110e5785884097c4b1201356/3096/worker_log.txt
[2022-05-12T14:51:50+0200] [MainThread] [I] [toil.worker] Redirecting logging to /tmp/5f0a9c6d110e5785884097c4b1201356/b976/worker_log.txt
[2022-05-12T14:51:51+0200] [MainThread] [I] [toil.worker] Redirecting logging to /tmp/5f0a9c6d110e5785884097c4b1201356/1372/worker_log.txt
[2022-05-12T14:51:51+0200] [MainThread] [I] [toil.worker] Redirecting logging to /tmp/5f0a9c6d110e5785884097c4b1201356/20d9/worker_log.txt
[2022-05-12T14:51:52+0200] [MainThread] [I] [toil.worker] Redirecting logging to /tmp/5f0a9c6d110e5785884097c4b1201356/99aa/worker_log.txt
[2022-05-12T14:51:53+0200] [MainThread] [I] [toil.worker] Redirecting logging to /tmp/5f0a9c6d110e5785884097c4b1201356/8fef/worker_log.txt
[2022-05-12T14:51:54+0200] [MainThread] [I] [toil.leader] Finished toil run successfully.
[2022-05-12T14:51:54+0200] [MainThread] [I] [toil.common] Successfully deleted the job store: FileJobStore(/tmp/tmpuayfr0_w)
</system-err>
		</testcase>
		<testcase name="Test single step workflow with Scatter step and two data links connected to same input, nested merge behavior" time="9.286062" class="scatter, multiple_input, inline_javascript, workflow" file="wf_wc_scatter_multiple_nested" url="cwltest:conformance_test_v1.0#28">
			<system-out>{
    &quot;count_output&quot;: [
        32,
        2
    ]
}</system-out>
			<system-err>[2022-05-12T14:51:50+0200] [MainThread] [I] [cwltool] Resolved 'v1.0/count-lines6-wf.cwl' to 'file:///home/michael/common-workflow-language/v1.0/v1.0/count-lines6-wf.cwl'
[2022-05-12T14:51:53+0200] [MainThread] [I] [toil.job] Saving graph of 2 jobs, 2 new
[2022-05-12T14:51:53+0200] [MainThread] [I] [toil.job] Processing job 'ResolveIndirect' kind-ResolveIndirect/instance-l39rnvku v0
[2022-05-12T14:51:53+0200] [MainThread] [I] [toil.job] Processing job 'CWLWorkflow' kind-CWLWorkflow/instance-ays0xt24 v0
[2022-05-12T14:51:53+0200] [MainThread] [I] [toil] Running Toil version 5.6.0-c34146a6437e4407a61e946e968bcce67a0ebbca on host mrc-tux.
[2022-05-12T14:51:53+0200] [MainThread] [I] [toil.worker] Redirecting logging to /tmp/1f23f4e6259155219c00fc0b18c47b25/8c06/worker_log.txt
[2022-05-12T14:51:53+0200] [MainThread] [I] [toil.leader] 0 jobs are running, 0 jobs are issued and waiting to run
[2022-05-12T14:51:54+0200] [MainThread] [I] [toil.worker] Redirecting logging to /tmp/1f23f4e6259155219c00fc0b18c47b25/ec75/worker_log.txt
[2022-05-12T14:51:54+0200] [MainThread] [I] [toil.leader] Issued job 'CWLJob' count-lines6-wf.cwl[0].wc3-tool.cwl kind-CWLJob/instance-8bacbyyy v1 with job batch system ID: 2 and cores: 1, disk: 2.0 Gi, and memory: 8.0 Mi
[2022-05-12T14:51:54+0200] [MainThread] [I] [toil.leader] Issued job 'CWLJob' count-lines6-wf.cwl[1].wc3-tool.cwl kind-CWLJob/instance-apxd8jg4 v1 with job batch system ID: 3 and cores: 1, disk: 2.0 Gi, and memory: 8.0 Mi
[2022-05-12T14:51:54+0200] [MainThread] [I] [toil.worker] Redirecting logging to /tmp/1f23f4e6259155219c00fc0b18c47b25/3708/worker_log.txt
[2022-05-12T14:51:54+0200] [MainThread] [I] [toil.worker] Redirecting logging to /tmp/1f23f4e6259155219c00fc0b18c47b25/3152/worker_log.txt
[2022-05-12T14:51:55+0200] [MainThread] [I] [toil.worker] Redirecting logging to /tmp/1f23f4e6259155219c00fc0b18c47b25/1b9d/worker_log.txt
[2022-05-12T14:51:56+0200] [MainThread] [I] [toil.worker] Redirecting logging to /tmp/1f23f4e6259155219c00fc0b18c47b25/04af/worker_log.txt
[2022-05-12T14:51:57+0200] [MainThread] [I] [toil.worker] Redirecting logging to /tmp/1f23f4e6259155219c00fc0b18c47b25/3070/worker_log.txt
[2022-05-12T14:51:57+0200] [MainThread] [I] [toil.worker] Redirecting logging to /tmp/1f23f4e6259155219c00fc0b18c47b25/438f/worker_log.txt
[2022-05-12T14:51:59+0200] [MainThread] [I] [toil.leader] Finished toil run successfully.
[2022-05-12T14:51:59+0200] [MainThread] [I] [toil.common] Successfully deleted the job store: FileJobStore(/tmp/tmpkf7t49z9)
</system-err>
		</testcase>
		<testcase name="Test single step workflow with Scatter step and two data links connected to same input, flattened merge behavior" time="6.993905" class="multiple_input, inline_javascript, workflow" file="wf_wc_scatter_multiple_flattened" url="cwltest:conformance_test_v1.0#29">
			<system-out>{
    &quot;count_output&quot;: 34
}</system-out>
			<system-err>[2022-05-12T14:51:51+0200] [MainThread] [I] [cwltool] Resolved 'v1.0/count-lines7-wf.cwl' to 'file:///home/michael/common-workflow-language/v1.0/v1.0/count-lines7-wf.cwl'
[2022-05-12T14:51:53+0200] [MainThread] [I] [toil.job] Saving graph of 2 jobs, 2 new
[2022-05-12T14:51:53+0200] [MainThread] [I] [toil.job] Processing job 'ResolveIndirect' kind-ResolveIndirect/instance-3h5z29wb v0
[2022-05-12T14:51:53+0200] [MainThread] [I] [toil.job] Processing job 'CWLWorkflow' kind-CWLWorkflow/instance-jureasx4 v0
[2022-05-12T14:51:53+0200] [MainThread] [I] [toil] Running Toil version 5.6.0-c34146a6437e4407a61e946e968bcce67a0ebbca on host mrc-tux.
[2022-05-12T14:51:53+0200] [MainThread] [I] [toil.worker] Redirecting logging to /tmp/f02563580dc05310a02df9a8a7e49bd2/87a4/worker_log.txt
[2022-05-12T14:51:53+0200] [MainThread] [I] [toil.leader] 0 jobs are running, 0 jobs are issued and waiting to run
[2022-05-12T14:51:53+0200] [MainThread] [I] [toil.leader] Issued job 'CWLJob' count-lines7-wf.cwl.step1.wc3-tool.cwl kind-CWLJob/instance-bqulbypl v1 with job batch system ID: 1 and cores: 1, disk: 2.0 Gi, and memory: 8.0 Mi
[2022-05-12T14:51:54+0200] [MainThread] [I] [toil.worker] Redirecting logging to /tmp/f02563580dc05310a02df9a8a7e49bd2/7429/worker_log.txt
[2022-05-12T14:51:55+0200] [MainThread] [I] [toil.worker] Redirecting logging to /tmp/f02563580dc05310a02df9a8a7e49bd2/6994/worker_log.txt
[2022-05-12T14:51:55+0200] [MainThread] [I] [toil.worker] Redirecting logging to /tmp/f02563580dc05310a02df9a8a7e49bd2/024d/worker_log.txt
[2022-05-12T14:51:57+0200] [MainThread] [I] [toil.leader] Finished toil run successfully.
[2022-05-12T14:51:57+0200] [MainThread] [I] [toil.common] Successfully deleted the job store: FileJobStore(/tmp/tmp6l_mzh_m)
</system-err>
		</testcase>
		<testcase name="Test that no MultipleInputFeatureRequirement is necessary when workflow step source is a single-item list" time="6.791129" class="inline_javascript, workflow" file="wf_wc_nomultiple" url="cwltest:conformance_test_v1.0#30">
			<system-out>{
    &quot;count_output&quot;: 32
}</system-out>
			<system-err>[2022-05-12T14:51:52+0200] [MainThread] [I] [cwltool] Resolved 'v1.0/count-lines13-wf.cwl' to 'file:///home/michael/common-workflow-language/v1.0/v1.0/count-lines13-wf.cwl'
[2022-05-12T14:51:54+0200] [MainThread] [I] [toil.job] Saving graph of 2 jobs, 2 new
[2022-05-12T14:51:54+0200] [MainThread] [I] [toil.job] Processing job 'ResolveIndirect' kind-ResolveIndirect/instance-iwxgbbaw v0
[2022-05-12T14:51:54+0200] [MainThread] [I] [toil.job] Processing job 'CWLWorkflow' kind-CWLWorkflow/instance-9b4lqnq5 v0
[2022-05-12T14:51:54+0200] [MainThread] [I] [toil] Running Toil version 5.6.0-c34146a6437e4407a61e946e968bcce67a0ebbca on host mrc-tux.
[2022-05-12T14:51:55+0200] [MainThread] [I] [toil.worker] Redirecting logging to /tmp/3d4ac94ea3f658a4bb920e29541a830c/75dc/worker_log.txt
[2022-05-12T14:51:55+0200] [MainThread] [I] [toil.leader] 0 jobs are running, 0 jobs are issued and waiting to run
[2022-05-12T14:51:55+0200] [MainThread] [I] [toil.leader] Issued job 'CWLJob' count-lines13-wf.cwl.step1.wc3-tool.cwl kind-CWLJob/instance-ovay2abz v1 with job batch system ID: 1 and cores: 1, disk: 2.0 Gi, and memory: 8.0 Mi
[2022-05-12T14:51:56+0200] [MainThread] [I] [toil.worker] Redirecting logging to /tmp/3d4ac94ea3f658a4bb920e29541a830c/6798/worker_log.txt
[2022-05-12T14:51:56+0200] [MainThread] [I] [toil.worker] Redirecting logging to /tmp/3d4ac94ea3f658a4bb920e29541a830c/b443/worker_log.txt
[2022-05-12T14:51:57+0200] [MainThread] [I] [toil.worker] Redirecting logging to /tmp/3d4ac94ea3f658a4bb920e29541a830c/085e/worker_log.txt
[2022-05-12T14:51:58+0200] [MainThread] [I] [toil.leader] Finished toil run successfully.
[2022-05-12T14:51:58+0200] [MainThread] [I] [toil.common] Successfully deleted the job store: FileJobStore(/tmp/tmp1gmhdhvg)
</system-err>
		</testcase>
		<testcase name="Test workflow with default value for input parameter (missing)" time="6.971564" class="inline_javascript, workflow" file="wf_input_default_missing" url="cwltest:conformance_test_v1.0#31">
			<system-out>{
    &quot;count_output&quot;: 1
}</system-out>
			<system-err>[2022-05-12T14:51:55+0200] [MainThread] [I] [cwltool] Resolved 'v1.0/count-lines5-wf.cwl' to 'file:///home/michael/common-workflow-language/v1.0/v1.0/count-lines5-wf.cwl'
[2022-05-12T14:51:57+0200] [MainThread] [I] [toil.job] Saving graph of 2 jobs, 2 new
[2022-05-12T14:51:57+0200] [MainThread] [I] [toil.job] Processing job 'ResolveIndirect' kind-ResolveIndirect/instance-9fh59u3z v0
[2022-05-12T14:51:57+0200] [MainThread] [I] [toil.job] Processing job 'CWLWorkflow' kind-CWLWorkflow/instance-70of577j v0
[2022-05-12T14:51:57+0200] [MainThread] [I] [toil] Running Toil version 5.6.0-c34146a6437e4407a61e946e968bcce67a0ebbca on host mrc-tux.
[2022-05-12T14:51:58+0200] [MainThread] [I] [toil.worker] Redirecting logging to /tmp/7e9bc1238e5e512087e1a282bec743fa/ea70/worker_log.txt
[2022-05-12T14:51:58+0200] [MainThread] [I] [toil.leader] 0 jobs are running, 0 jobs are issued and waiting to run
[2022-05-12T14:51:58+0200] [MainThread] [I] [toil.leader] Issued job 'CWLJob' count-lines5-wf.cwl.step1.wc2-tool.cwl kind-CWLJob/instance-16u4zke6 v1 with job batch system ID: 1 and cores: 1, disk: 2.0 Gi, and memory: 8.0 Mi
[2022-05-12T14:51:58+0200] [MainThread] [I] [toil.worker] Redirecting logging to /tmp/7e9bc1238e5e512087e1a282bec743fa/b36d/worker_log.txt
[2022-05-12T14:51:59+0200] [MainThread] [I] [toil.worker] Redirecting logging to /tmp/7e9bc1238e5e512087e1a282bec743fa/9731/worker_log.txt
[2022-05-12T14:52:00+0200] [MainThread] [I] [toil.worker] Redirecting logging to /tmp/7e9bc1238e5e512087e1a282bec743fa/d74e/worker_log.txt
[2022-05-12T14:52:01+0200] [MainThread] [I] [toil.leader] Finished toil run successfully.
[2022-05-12T14:52:01+0200] [MainThread] [I] [toil.common] Successfully deleted the job store: FileJobStore(/tmp/tmp_8ln1jit)
</system-err>
		</testcase>
		<testcase name="Test workflow with default value for input parameter (provided)" time="6.624282" class="inline_javascript, workflow" file="wf_input_default_provided" url="cwltest:conformance_test_v1.0#32">
			<system-out>{
    &quot;count_output&quot;: 16
}</system-out>
			<system-err>[2022-05-12T14:51:57+0200] [MainThread] [I] [cwltool] Resolved 'v1.0/count-lines5-wf.cwl' to 'file:///home/michael/common-workflow-language/v1.0/v1.0/count-lines5-wf.cwl'
[2022-05-12T14:51:59+0200] [MainThread] [I] [toil.job] Saving graph of 2 jobs, 2 new
[2022-05-12T14:51:59+0200] [MainThread] [I] [toil.job] Processing job 'ResolveIndirect' kind-ResolveIndirect/instance-il1hbn3y v0
[2022-05-12T14:51:59+0200] [MainThread] [I] [toil.job] Processing job 'CWLWorkflow' kind-CWLWorkflow/instance-ozy70xx3 v0
[2022-05-12T14:51:59+0200] [MainThread] [I] [toil] Running Toil version 5.6.0-c34146a6437e4407a61e946e968bcce67a0ebbca on host mrc-tux.
[2022-05-12T14:52:00+0200] [MainThread] [I] [toil.worker] Redirecting logging to /tmp/55d486462a315e2d991329c6e2a1f5e7/d17a/worker_log.txt
[2022-05-12T14:52:00+0200] [MainThread] [I] [toil.leader] 0 jobs are running, 0 jobs are issued and waiting to run
[2022-05-12T14:52:00+0200] [MainThread] [I] [toil.leader] Issued job 'CWLJob' count-lines5-wf.cwl.step1.wc2-tool.cwl kind-CWLJob/instance-wrb_o_rs v1 with job batch system ID: 1 and cores: 1, disk: 2.0 Gi, and memory: 8.0 Mi
[2022-05-12T14:52:00+0200] [MainThread] [I] [toil.worker] Redirecting logging to /tmp/55d486462a315e2d991329c6e2a1f5e7/2f35/worker_log.txt
[2022-05-12T14:52:01+0200] [MainThread] [I] [toil.worker] Redirecting logging to /tmp/55d486462a315e2d991329c6e2a1f5e7/4553/worker_log.txt
[2022-05-12T14:52:02+0200] [MainThread] [I] [toil.worker] Redirecting logging to /tmp/55d486462a315e2d991329c6e2a1f5e7/9f5f/worker_log.txt
[2022-05-12T14:52:04+0200] [MainThread] [I] [toil.leader] Finished toil run successfully.
[2022-05-12T14:52:04+0200] [MainThread] [I] [toil.common] Successfully deleted the job store: FileJobStore(/tmp/tmpwh4sefda)
</system-err>
		</testcase>
		<testcase name="Test that workflow defaults override tool defaults" time="6.679157" class="required, workflow" file="wf_default_tool_default" url="cwltest:conformance_test_v1.0#33">
			<system-out>{
    &quot;default_output&quot;: &quot;workflow_default&quot;
}</system-out>
			<system-err>[2022-05-12T14:51:59+0200] [MainThread] [I] [cwltool] Resolved 'v1.0/echo-wf-default.cwl' to 'file:///home/michael/common-workflow-language/v1.0/v1.0/echo-wf-default.cwl'
[2022-05-12T14:52:01+0200] [MainThread] [I] [toil.job] Saving graph of 2 jobs, 2 new
[2022-05-12T14:52:01+0200] [MainThread] [I] [toil.job] Processing job 'ResolveIndirect' kind-ResolveIndirect/instance-iolj82ra v0
[2022-05-12T14:52:01+0200] [MainThread] [I] [toil.job] Processing job 'CWLWorkflow' kind-CWLWorkflow/instance-_32xam4b v0
[2022-05-12T14:52:01+0200] [MainThread] [I] [toil] Running Toil version 5.6.0-c34146a6437e4407a61e946e968bcce67a0ebbca on host mrc-tux.
[2022-05-12T14:52:01+0200] [MainThread] [I] [toil.worker] Redirecting logging to /tmp/1df17d3f8efc53f2bf4b3af4534aaee1/8dc5/worker_log.txt
[2022-05-12T14:52:02+0200] [MainThread] [I] [toil.leader] 0 jobs are running, 0 jobs are issued and waiting to run
[2022-05-12T14:52:02+0200] [MainThread] [I] [toil.leader] Issued job 'CWLJob' echo-wf-default.cwl.step1.echo-tool-default.cwl kind-CWLJob/instance-5k_hxb7j v1 with job batch system ID: 1 and cores: 1, disk: 2.0 Gi, and memory: 8.0 Mi
[2022-05-12T14:52:02+0200] [MainThread] [I] [toil.worker] Redirecting logging to /tmp/1df17d3f8efc53f2bf4b3af4534aaee1/75a7/worker_log.txt
[2022-05-12T14:52:02+0200] [MainThread] [I] [toil.worker] Redirecting logging to /tmp/1df17d3f8efc53f2bf4b3af4534aaee1/3e3c/worker_log.txt
[2022-05-12T14:52:03+0200] [MainThread] [I] [toil.worker] Redirecting logging to /tmp/1df17d3f8efc53f2bf4b3af4534aaee1/ea72/worker_log.txt
[2022-05-12T14:52:05+0200] [MainThread] [I] [toil.leader] Finished toil run successfully.
[2022-05-12T14:52:05+0200] [MainThread] [I] [toil.common] Successfully deleted the job store: FileJobStore(/tmp/tmp0msnbah9)
</system-err>
		</testcase>
		<testcase name="Test EnvVarRequirement" time="3.757314" class="env_var, command_line_tool" file="envvar_req" url="cwltest:conformance_test_v1.0#34">
			<system-out>{
    &quot;out&quot;: {
        &quot;location&quot;: &quot;file:///tmp/tmp9k0ylq_y/out&quot;,
        &quot;basename&quot;: &quot;out&quot;,
        &quot;nameroot&quot;: &quot;out&quot;,
        &quot;nameext&quot;: &quot;&quot;,
        &quot;class&quot;: &quot;File&quot;,
        &quot;checksum&quot;: &quot;sha1$b3ec4ed1749c207e52b3a6d08c59f31d83bff519&quot;,
        &quot;size&quot;: 15
    }
}</system-out>
			<system-err>[2022-05-12T14:52:00+0200] [MainThread] [I] [cwltool] Resolved 'v1.0/env-tool1.cwl' to 'file:///home/michael/common-workflow-language/v1.0/v1.0/env-tool1.cwl'
[2022-05-12T14:52:01+0200] [MainThread] [I] [toil.job] Saving graph of 1 jobs, 1 new
[2022-05-12T14:52:01+0200] [MainThread] [I] [toil.job] Processing job 'CWLJob' env-tool1.cwl kind-CWLJob/instance-4br0fmuf v0
[2022-05-12T14:52:01+0200] [MainThread] [I] [toil] Running Toil version 5.6.0-c34146a6437e4407a61e946e968bcce67a0ebbca on host mrc-tux.
[2022-05-12T14:52:01+0200] [MainThread] [I] [toil.leader] Issued job 'CWLJob' env-tool1.cwl kind-CWLJob/instance-4br0fmuf v1 with job batch system ID: 0 and cores: 1, disk: 2.0 Gi, and memory: 8.0 Mi
[2022-05-12T14:52:01+0200] [MainThread] [I] [toil.worker] Redirecting logging to /tmp/307ef97fe8515cec8bec27ed23bab863/1df5/worker_log.txt
[2022-05-12T14:52:01+0200] [MainThread] [I] [toil.leader] 0 jobs are running, 0 jobs are issued and waiting to run
[2022-05-12T14:52:03+0200] [MainThread] [I] [toil.leader] Finished toil run successfully.
[2022-05-12T14:52:03+0200] [MainThread] [I] [toil.common] Successfully deleted the job store: FileJobStore(/tmp/tmpj4cy6rj0)
</system-err>
		</testcase>
		<testcase name="Test workflow scatter with single scatter parameter" time="9.361380" class="scatter, workflow" file="wf_scatter_single_param" url="cwltest:conformance_test_v1.0#35">
			<system-out>{
    &quot;out&quot;: [
        &quot;foo one&quot;,
        &quot;foo two&quot;,
        &quot;foo three&quot;,
        &quot;foo four&quot;
    ]
}</system-out>
			<system-err>[2022-05-12T14:52:02+0200] [MainThread] [I] [cwltool] Resolved 'v1.0/scatter-wf1.cwl' to 'file:///home/michael/common-workflow-language/v1.0/v1.0/scatter-wf1.cwl'
[2022-05-12T14:52:04+0200] [MainThread] [I] [toil.job] Saving graph of 2 jobs, 2 new
[2022-05-12T14:52:04+0200] [MainThread] [I] [toil.job] Processing job 'ResolveIndirect' kind-ResolveIndirect/instance-bmruht72 v0
[2022-05-12T14:52:04+0200] [MainThread] [I] [toil.job] Processing job 'CWLWorkflow' kind-CWLWorkflow/instance-6yccudrp v0
[2022-05-12T14:52:04+0200] [MainThread] [I] [toil] Running Toil version 5.6.0-c34146a6437e4407a61e946e968bcce67a0ebbca on host mrc-tux.
[2022-05-12T14:52:04+0200] [MainThread] [I] [toil.worker] Redirecting logging to /tmp/f094ce7c6fc25bbc993b87e7652cefbe/c5fb/worker_log.txt
[2022-05-12T14:52:04+0200] [MainThread] [I] [toil.leader] 0 jobs are running, 0 jobs are issued and waiting to run
[2022-05-12T14:52:05+0200] [MainThread] [I] [toil.worker] Redirecting logging to /tmp/f094ce7c6fc25bbc993b87e7652cefbe/ff46/worker_log.txt
[2022-05-12T14:52:05+0200] [MainThread] [I] [toil.leader] Issued job 'CWLJob' scatter-wf1.cwl[3].2b9be57d-8f74-4044-ae8c-c7f53a1be4ba kind-CWLJob/instance-86l7j6x4 v1 with job batch system ID: 2 and cores: 1, disk: 3.0 Gi, and memory: 2.0 Gi
[2022-05-12T14:52:05+0200] [MainThread] [I] [toil.leader] Issued job 'CWLJob' scatter-wf1.cwl[1].2b9be57d-8f74-4044-ae8c-c7f53a1be4ba kind-CWLJob/instance-9orvhx_l v1 with job batch system ID: 3 and cores: 1, disk: 3.0 Gi, and memory: 2.0 Gi
[2022-05-12T14:52:05+0200] [MainThread] [I] [toil.leader] Issued job 'CWLJob' scatter-wf1.cwl[0].2b9be57d-8f74-4044-ae8c-c7f53a1be4ba kind-CWLJob/instance-yn2pa5_r v1 with job batch system ID: 4 and cores: 1, disk: 3.0 Gi, and memory: 2.0 Gi
[2022-05-12T14:52:05+0200] [MainThread] [I] [toil.leader] Issued job 'CWLJob' scatter-wf1.cwl[2].2b9be57d-8f74-4044-ae8c-c7f53a1be4ba kind-CWLJob/instance-oi9adptl v1 with job batch system ID: 5 and cores: 1, disk: 3.0 Gi, and memory: 2.0 Gi
[2022-05-12T14:52:05+0200] [MainThread] [I] [toil.worker] Redirecting logging to /tmp/f094ce7c6fc25bbc993b87e7652cefbe/2764/worker_log.txt
[2022-05-12T14:52:05+0200] [MainThread] [I] [toil.worker] Redirecting logging to /tmp/f094ce7c6fc25bbc993b87e7652cefbe/e108/worker_log.txt
[2022-05-12T14:52:06+0200] [MainThread] [I] [toil.worker] Redirecting logging to /tmp/f094ce7c6fc25bbc993b87e7652cefbe/5a96/worker_log.txt
[2022-05-12T14:52:06+0200] [MainThread] [I] [toil.worker] Redirecting logging to /tmp/f094ce7c6fc25bbc993b87e7652cefbe/f3c2/worker_log.txt
[2022-05-12T14:52:06+0200] [MainThread] [I] [toil.worker] Redirecting logging to /tmp/f094ce7c6fc25bbc993b87e7652cefbe/c09e/worker_log.txt
[2022-05-12T14:52:07+0200] [MainThread] [I] [toil.worker] Redirecting logging to /tmp/f094ce7c6fc25bbc993b87e7652cefbe/f084/worker_log.txt
[2022-05-12T14:52:08+0200] [MainThread] [I] [toil.worker] Redirecting logging to /tmp/f094ce7c6fc25bbc993b87e7652cefbe/e472/worker_log.txt
[2022-05-12T14:52:09+0200] [MainThread] [I] [toil.worker] Redirecting logging to /tmp/f094ce7c6fc25bbc993b87e7652cefbe/469a/worker_log.txt
[2022-05-12T14:52:11+0200] [MainThread] [I] [toil.leader] Finished toil run successfully.
[2022-05-12T14:52:11+0200] [MainThread] [I] [toil.common] Successfully deleted the job store: FileJobStore(/tmp/tmpgpme3ix6)
</system-err>
		</testcase>
		<testcase name="Test workflow scatter with two scatter parameters and nested_crossproduct join method" time="9.356551" class="scatter, workflow" file="wf_scatter_two_nested_crossproduct" url="cwltest:conformance_test_v1.0#36">
			<system-out>{
    &quot;out&quot;: [
        [
            &quot;foo one three&quot;,
            &quot;foo one four&quot;
        ],
        [
            &quot;foo two three&quot;,
            &quot;foo two four&quot;
        ]
    ]
}</system-out>
			<system-err>[2022-05-12T14:52:03+0200] [MainThread] [I] [cwltool] Resolved 'v1.0/scatter-wf2.cwl' to 'file:///home/michael/common-workflow-language/v1.0/v1.0/scatter-wf2.cwl'
[2022-05-12T14:52:05+0200] [MainThread] [I] [toil.job] Saving graph of 2 jobs, 2 new
[2022-05-12T14:52:05+0200] [MainThread] [I] [toil.job] Processing job 'ResolveIndirect' kind-ResolveIndirect/instance-r4igm061 v0
[2022-05-12T14:52:05+0200] [MainThread] [I] [toil.job] Processing job 'CWLWorkflow' kind-CWLWorkflow/instance-ieuqipbm v0
[2022-05-12T14:52:05+0200] [MainThread] [I] [toil] Running Toil version 5.6.0-c34146a6437e4407a61e946e968bcce67a0ebbca on host mrc-tux.
[2022-05-12T14:52:06+0200] [MainThread] [I] [toil.worker] Redirecting logging to /tmp/dd545cd38bc75afebee57b670c555bc4/b0c1/worker_log.txt
[2022-05-12T14:52:06+0200] [MainThread] [I] [toil.leader] 0 jobs are running, 0 jobs are issued and waiting to run
[2022-05-12T14:52:06+0200] [MainThread] [I] [toil.worker] Redirecting logging to /tmp/dd545cd38bc75afebee57b670c555bc4/d854/worker_log.txt
[2022-05-12T14:52:07+0200] [MainThread] [I] [toil.leader] Issued job 'CWLJob' scatter-wf2.cwl[1].step1command kind-CWLJob/instance-v4lgc2_l v1 with job batch system ID: 2 and cores: 1, disk: 3.0 Gi, and memory: 2.0 Gi
[2022-05-12T14:52:07+0200] [MainThread] [I] [toil.leader] Issued job 'CWLJob' scatter-wf2.cwl[0].step1command kind-CWLJob/instance-28r7cq9a v1 with job batch system ID: 3 and cores: 1, disk: 3.0 Gi, and memory: 2.0 Gi
[2022-05-12T14:52:07+0200] [MainThread] [I] [toil.leader] Issued job 'CWLJob' scatter-wf2.cwl[1].step1command kind-CWLJob/instance-bqggdrpk v1 with job batch system ID: 4 and cores: 1, disk: 3.0 Gi, and memory: 2.0 Gi
[2022-05-12T14:52:07+0200] [MainThread] [I] [toil.leader] Issued job 'CWLJob' scatter-wf2.cwl[0].step1command kind-CWLJob/instance-t8l5vca2 v1 with job batch system ID: 5 and cores: 1, disk: 3.0 Gi, and memory: 2.0 Gi
[2022-05-12T14:52:07+0200] [MainThread] [I] [toil.worker] Redirecting logging to /tmp/dd545cd38bc75afebee57b670c555bc4/f75a/worker_log.txt
[2022-05-12T14:52:07+0200] [MainThread] [I] [toil.worker] Redirecting logging to /tmp/dd545cd38bc75afebee57b670c555bc4/3ec4/worker_log.txt
[2022-05-12T14:52:07+0200] [MainThread] [I] [toil.worker] Redirecting logging to /tmp/dd545cd38bc75afebee57b670c555bc4/b925/worker_log.txt
[2022-05-12T14:52:07+0200] [MainThread] [I] [toil.worker] Redirecting logging to /tmp/dd545cd38bc75afebee57b670c555bc4/ae54/worker_log.txt
[2022-05-12T14:52:08+0200] [MainThread] [I] [toil.worker] Redirecting logging to /tmp/dd545cd38bc75afebee57b670c555bc4/7a65/worker_log.txt
[2022-05-12T14:52:09+0200] [MainThread] [I] [toil.worker] Redirecting logging to /tmp/dd545cd38bc75afebee57b670c555bc4/38f0/worker_log.txt
[2022-05-12T14:52:10+0200] [MainThread] [I] [toil.worker] Redirecting logging to /tmp/dd545cd38bc75afebee57b670c555bc4/6f3a/worker_log.txt
[2022-05-12T14:52:10+0200] [MainThread] [I] [toil.worker] Redirecting logging to /tmp/dd545cd38bc75afebee57b670c555bc4/eac4/worker_log.txt
[2022-05-12T14:52:12+0200] [MainThread] [I] [toil.leader] Finished toil run successfully.
[2022-05-12T14:52:12+0200] [MainThread] [I] [toil.common] Successfully deleted the job store: FileJobStore(/tmp/tmpu_pz4_nq)
</system-err>
		</testcase>
		<testcase name="Test workflow scatter with two scatter parameters and flat_crossproduct join method" time="8.848809" class="scatter, workflow" file="wf_scatter_two_flat_crossproduct" url="cwltest:conformance_test_v1.0#37">
			<system-out>{
    &quot;out&quot;: [
        &quot;foo one three&quot;,
        &quot;foo one four&quot;,
        &quot;foo two three&quot;,
        &quot;foo two four&quot;
    ]
}</system-out>
			<system-err>[2022-05-12T14:52:04+0200] [MainThread] [I] [cwltool] Resolved 'v1.0/scatter-wf3.cwl#main' to 'file:///home/michael/common-workflow-language/v1.0/v1.0/scatter-wf3.cwl#main'
[2022-05-12T14:52:06+0200] [MainThread] [I] [toil.job] Saving graph of 2 jobs, 2 new
[2022-05-12T14:52:06+0200] [MainThread] [I] [toil.job] Processing job 'ResolveIndirect' kind-ResolveIndirect/instance-0vgl0hlr v0
[2022-05-12T14:52:06+0200] [MainThread] [I] [toil.job] Processing job 'CWLWorkflow' kind-CWLWorkflow/instance-gkbctx2q v0
[2022-05-12T14:52:06+0200] [MainThread] [I] [toil] Running Toil version 5.6.0-c34146a6437e4407a61e946e968bcce67a0ebbca on host mrc-tux.
[2022-05-12T14:52:07+0200] [MainThread] [I] [toil.worker] Redirecting logging to /tmp/69f28b24c45a5fe69fde60430ab85975/93ab/worker_log.txt
[2022-05-12T14:52:07+0200] [MainThread] [I] [toil.leader] 0 jobs are running, 0 jobs are issued and waiting to run
[2022-05-12T14:52:07+0200] [MainThread] [I] [toil.worker] Redirecting logging to /tmp/69f28b24c45a5fe69fde60430ab85975/a194/worker_log.txt
[2022-05-12T14:52:08+0200] [MainThread] [I] [toil.leader] Issued job 'CWLJob' main[0].echo kind-CWLJob/instance-92vn35gv v1 with job batch system ID: 2 and cores: 1, disk: 2.0 Gi, and memory: 8.0 Mi
[2022-05-12T14:52:08+0200] [MainThread] [I] [toil.leader] Issued job 'CWLJob' main[0].echo kind-CWLJob/instance-yqp0gadi v1 with job batch system ID: 3 and cores: 1, disk: 2.0 Gi, and memory: 8.0 Mi
[2022-05-12T14:52:08+0200] [MainThread] [I] [toil.leader] Issued job 'CWLJob' main[1].echo kind-CWLJob/instance-hd5xzk93 v1 with job batch system ID: 4 and cores: 1, disk: 2.0 Gi, and memory: 8.0 Mi
[2022-05-12T14:52:08+0200] [MainThread] [I] [toil.leader] Issued job 'CWLJob' main[1].echo kind-CWLJob/instance-h1t2u4v_ v1 with job batch system ID: 5 and cores: 1, disk: 2.0 Gi, and memory: 8.0 Mi
[2022-05-12T14:52:08+0200] [MainThread] [I] [toil.worker] Redirecting logging to /tmp/69f28b24c45a5fe69fde60430ab85975/df7e/worker_log.txt
[2022-05-12T14:52:08+0200] [MainThread] [I] [toil.worker] Redirecting logging to /tmp/69f28b24c45a5fe69fde60430ab85975/9f6c/worker_log.txt
[2022-05-12T14:52:08+0200] [MainThread] [I] [toil.worker] Redirecting logging to /tmp/69f28b24c45a5fe69fde60430ab85975/802b/worker_log.txt
[2022-05-12T14:52:08+0200] [MainThread] [I] [toil.worker] Redirecting logging to /tmp/69f28b24c45a5fe69fde60430ab85975/130b/worker_log.txt
[2022-05-12T14:52:09+0200] [MainThread] [I] [toil.worker] Redirecting logging to /tmp/69f28b24c45a5fe69fde60430ab85975/a890/worker_log.txt
[2022-05-12T14:52:10+0200] [MainThread] [I] [toil.worker] Redirecting logging to /tmp/69f28b24c45a5fe69fde60430ab85975/b6df/worker_log.txt
[...]
        &quot;nameroot&quot;: &quot;output&quot;,
        &quot;nameext&quot;: &quot;&quot;,
        &quot;class&quot;: &quot;File&quot;,
        &quot;checksum&quot;: &quot;sha1$3596ea087bfdaf52380eae441077572ed289d657&quot;,
        &quot;size&quot;: 3
    }
}</system-out>
			<system-err>[2022-05-12T14:56:42+0200] [MainThread] [I] [cwltool] Resolved 'v1.0/count-lines11-null-step-wf-noET.cwl' to 'file:///home/michael/common-workflow-language/v1.0/v1.0/count-lines11-null-step-wf-noET.cwl'
[2022-05-12T14:56:45+0200] [MainThread] [I] [toil.job] Saving graph of 2 jobs, 2 new
[2022-05-12T14:56:45+0200] [MainThread] [I] [toil.job] Processing job 'ResolveIndirect' kind-ResolveIndirect/instance-ukqjzwsq v0
[2022-05-12T14:56:45+0200] [MainThread] [I] [toil.job] Processing job 'CWLWorkflow' kind-CWLWorkflow/instance-nwvd79mm v0
[2022-05-12T14:56:45+0200] [MainThread] [I] [toil] Running Toil version 5.6.0-c34146a6437e4407a61e946e968bcce67a0ebbca on host mrc-tux.
[2022-05-12T14:56:46+0200] [MainThread] [I] [toil.worker] Redirecting logging to /tmp/9bc13a30ed365051b2c303c3c2f246d3/41b1/worker_log.txt
[2022-05-12T14:56:46+0200] [MainThread] [I] [toil.leader] 0 jobs are running, 0 jobs are issued and waiting to run
[2022-05-12T14:56:46+0200] [MainThread] [I] [toil.leader] Issued job 'CWLJob' count-lines11-null-step-wf-noET.cwl.step0.null-expression3-tool.cwl kind-CWLJob/instance-warojpkm v1 with job batch system ID: 1 and cores: 1, disk: 3.0 Gi, and memory: 2.0 Gi
[2022-05-12T14:56:47+0200] [MainThread] [I] [toil.worker] Redirecting logging to /tmp/9bc13a30ed365051b2c303c3c2f246d3/6510/worker_log.txt
[2022-05-12T14:56:48+0200] [MainThread] [I] [toil.worker] Redirecting logging to /tmp/9bc13a30ed365051b2c303c3c2f246d3/10d3/worker_log.txt
[2022-05-12T14:56:48+0200] [MainThread] [I] [toil.worker] Redirecting logging to /tmp/9bc13a30ed365051b2c303c3c2f246d3/bcca/worker_log.txt
[2022-05-12T14:56:50+0200] [MainThread] [I] [toil.leader] Finished toil run successfully.
[2022-05-12T14:56:50+0200] [MainThread] [I] [toil.common] Successfully deleted the job store: FileJobStore(/tmp/tmpl2w26afv)
</system-err>
		</testcase>
		<testcase name="Pipe to stdin from user provided local File via a Directory literal" time="4.262600" class="command_line_tool, required" file="stdin_from_directory_literal_with_local_file" url="cwltest:conformance_test_v1.0#189">
			<system-out>{
    &quot;output&quot;: {
        &quot;location&quot;: &quot;file:///tmp/tmpsop8h1f5/367a9e57c49ec6b20427bdaa01975ce518210e8e&quot;,
        &quot;basename&quot;: &quot;367a9e57c49ec6b20427bdaa01975ce518210e8e&quot;,
        &quot;nameroot&quot;: &quot;367a9e57c49ec6b20427bdaa01975ce518210e8e&quot;,
        &quot;nameext&quot;: &quot;&quot;,
        &quot;class&quot;: &quot;File&quot;,
        &quot;checksum&quot;: &quot;sha1$47a013e660d408619d894b20806b1d5086aab03b&quot;,
        &quot;size&quot;: 13
    }
}</system-out>
			<system-err>[2022-05-12T14:56:43+0200] [MainThread] [I] [cwltool] Resolved 'v1.0/cat-from-dir.cwl' to 'file:///home/michael/common-workflow-language/v1.0/v1.0/cat-from-dir.cwl'
[2022-05-12T14:56:45+0200] [MainThread] [I] [toil.job] Saving graph of 1 jobs, 1 new
[2022-05-12T14:56:45+0200] [MainThread] [I] [toil.job] Processing job 'CWLJob' cat-from-dir.cwl kind-CWLJob/instance-_kcvf7kp v0
[2022-05-12T14:56:45+0200] [MainThread] [I] [toil] Running Toil version 5.6.0-c34146a6437e4407a61e946e968bcce67a0ebbca on host mrc-tux.
[2022-05-12T14:56:45+0200] [MainThread] [I] [toil.leader] Issued job 'CWLJob' cat-from-dir.cwl kind-CWLJob/instance-_kcvf7kp v1 with job batch system ID: 0 and cores: 1, disk: 2.0 Gi, and memory: 8.0 Mi
[2022-05-12T14:56:45+0200] [MainThread] [I] [toil.worker] Redirecting logging to /tmp/fd4bb66d947c59398fd07addf6e86600/91a7/worker_log.txt
[2022-05-12T14:56:45+0200] [MainThread] [I] [toil.leader] 0 jobs are running, 0 jobs are issued and waiting to run
[2022-05-12T14:56:47+0200] [MainThread] [I] [toil.leader] Finished toil run successfully.
[2022-05-12T14:56:47+0200] [MainThread] [I] [toil.common] Successfully deleted the job store: FileJobStore(/tmp/tmp5v7dao2c)
</system-err>
		</testcase>
		<testcase name="Pipe to stdin from literal File via a Directory literal" time="4.097157" class="command_line_tool, required" file="stdin_from_directory_literal_with_literal_file" url="cwltest:conformance_test_v1.0#190">
			<system-out>{
    &quot;output&quot;: {
        &quot;location&quot;: &quot;file:///tmp/tmp2hfrnqft/367a9e57c49ec6b20427bdaa01975ce518210e8e&quot;,
        &quot;basename&quot;: &quot;367a9e57c49ec6b20427bdaa01975ce518210e8e&quot;,
        &quot;nameroot&quot;: &quot;367a9e57c49ec6b20427bdaa01975ce518210e8e&quot;,
        &quot;nameext&quot;: &quot;&quot;,
        &quot;class&quot;: &quot;File&quot;,
        &quot;checksum&quot;: &quot;sha1$ef88e689559565999700d6fea7cf7ba306d04360&quot;,
        &quot;size&quot;: 26
    }
}</system-out>
			<system-err>[2022-05-12T14:56:47+0200] [MainThread] [I] [cwltool] Resolved 'v1.0/cat-from-dir.cwl' to 'file:///home/michael/common-workflow-language/v1.0/v1.0/cat-from-dir.cwl'
[2022-05-12T14:56:48+0200] [MainThread] [I] [toil.job] Saving graph of 1 jobs, 1 new
[2022-05-12T14:56:48+0200] [MainThread] [I] [toil.job] Processing job 'CWLJob' cat-from-dir.cwl kind-CWLJob/instance-_lybba65 v0
[2022-05-12T14:56:48+0200] [MainThread] [I] [toil] Running Toil version 5.6.0-c34146a6437e4407a61e946e968bcce67a0ebbca on host mrc-tux.
[2022-05-12T14:56:49+0200] [MainThread] [I] [toil.leader] Issued job 'CWLJob' cat-from-dir.cwl kind-CWLJob/instance-_lybba65 v1 with job batch system ID: 0 and cores: 1, disk: 2.0 Gi, and memory: 8.0 Mi
[2022-05-12T14:56:49+0200] [MainThread] [I] [toil.worker] Redirecting logging to /tmp/ab7f286afcec5de99efbace31598aca8/acda/worker_log.txt
[2022-05-12T14:56:49+0200] [MainThread] [I] [toil.leader] 0 jobs are running, 0 jobs are issued and waiting to run
[2022-05-12T14:56:51+0200] [MainThread] [I] [toil.leader] Finished toil run successfully.
[2022-05-12T14:56:51+0200] [MainThread] [I] [toil.common] Successfully deleted the job store: FileJobStore(/tmp/tmp0pj_w3yz)
</system-err>
		</testcase>
		<testcase name="Test non-stdin reference to literal File via a Directory literal" time="4.077749" class="command_line_tool, required" file="directory_literal_with_literal_file_nostdin" url="cwltest:conformance_test_v1.0#191">
			<system-out>{
    &quot;output_file&quot;: {
        &quot;location&quot;: &quot;file:///tmp/tmplh6ae_yg/output.txt&quot;,
        &quot;basename&quot;: &quot;output.txt&quot;,
        &quot;nameroot&quot;: &quot;output&quot;,
        &quot;nameext&quot;: &quot;.txt&quot;,
        &quot;class&quot;: &quot;File&quot;,
        &quot;checksum&quot;: &quot;sha1$ef88e689559565999700d6fea7cf7ba306d04360&quot;,
        &quot;size&quot;: 26
    }
}</system-out>
			<system-err>[2022-05-12T14:56:47+0200] [MainThread] [I] [cwltool] Resolved 'v1.0/cat3-from-dir.cwl' to 'file:///home/michael/common-workflow-language/v1.0/v1.0/cat3-from-dir.cwl'
[2022-05-12T14:56:49+0200] [MainThread] [I] [toil.job] Saving graph of 1 jobs, 1 new
[2022-05-12T14:56:49+0200] [MainThread] [I] [toil.job] Processing job 'CWLJob' cat3-from-dir.cwl kind-CWLJob/instance-sxgy2sl2 v0
[2022-05-12T14:56:49+0200] [MainThread] [I] [toil] Running Toil version 5.6.0-c34146a6437e4407a61e946e968bcce67a0ebbca on host mrc-tux.
[2022-05-12T14:56:49+0200] [MainThread] [I] [toil.leader] Issued job 'CWLJob' cat3-from-dir.cwl kind-CWLJob/instance-sxgy2sl2 v1 with job batch system ID: 0 and cores: 1, disk: 2.0 Gi, and memory: 8.0 Mi
[2022-05-12T14:56:49+0200] [MainThread] [I] [toil.worker] Redirecting logging to /tmp/6a4a1026467e59dba7a52a29aced657c/90c8/worker_log.txt
[2022-05-12T14:56:50+0200] [MainThread] [I] [toil.leader] 0 jobs are running, 0 jobs are issued and waiting to run
[2022-05-12T14:56:51+0200] [MainThread] [I] [toil.leader] Finished toil run successfully.
[2022-05-12T14:56:51+0200] [MainThread] [I] [toil.common] Successfully deleted the job store: FileJobStore(/tmp/tmp5rax0fx_)
</system-err>
		</testcase>
		<testcase name="Test CommandLineTool without inputs" time="4.812135" class="command_line_tool, required" file="no_inputs_commandlinetool" url="cwltest:conformance_test_v1.0#192">
			<system-out>{
    &quot;output&quot;: {
        &quot;location&quot;: &quot;file:///tmp/tmphjc3q5fl/output&quot;,
        &quot;basename&quot;: &quot;output&quot;,
        &quot;nameroot&quot;: &quot;output&quot;,
        &quot;nameext&quot;: &quot;&quot;,
        &quot;class&quot;: &quot;File&quot;,
        &quot;checksum&quot;: &quot;sha1$1334e67fe9eb70db8ae14ccfa6cfb59e2cc24eae&quot;,
        &quot;size&quot;: 4
    }
}</system-out>
			<system-err>[2022-05-12T14:56:50+0200] [MainThread] [I] [cwltool] Resolved 'v1.0/no-inputs-tool.cwl' to 'file:///home/michael/common-workflow-language/v1.0/v1.0/no-inputs-tool.cwl'
[2022-05-12T14:56:51+0200] [MainThread] [I] [toil.job] Saving graph of 1 jobs, 1 new
[2022-05-12T14:56:51+0200] [MainThread] [I] [toil.job] Processing job 'CWLJob' no-inputs-tool.cwl kind-CWLJob/instance-09ksgs85 v0
[2022-05-12T14:56:51+0200] [MainThread] [I] [toil] Running Toil version 5.6.0-c34146a6437e4407a61e946e968bcce67a0ebbca on host mrc-tux.
[2022-05-12T14:56:51+0200] [MainThread] [I] [toil.leader] Issued job 'CWLJob' no-inputs-tool.cwl kind-CWLJob/instance-09ksgs85 v1 with job batch system ID: 0 and cores: 1, disk: 2.0 Gi, and memory: 8.0 Mi
[2022-05-12T14:56:51+0200] [MainThread] [I] [toil.worker] Redirecting logging to /tmp/2585229aa8335bc496c58c7daeac4390/c495/worker_log.txt
[2022-05-12T14:56:53+0200] [MainThread] [I] [toil.leader] 0 jobs are running, 0 jobs are issued and waiting to run
[2022-05-12T14:56:54+0200] [MainThread] [I] [toil.leader] Finished toil run successfully.
[2022-05-12T14:56:54+0200] [MainThread] [I] [toil.common] Successfully deleted the job store: FileJobStore(/tmp/tmpivspduid)
</system-err>
		</testcase>
		<testcase name="Test CommandLineTool without outputs" time="5.021798" class="command_line_tool, required" file="no_outputs_commandlinetool" url="cwltest:conformance_test_v1.0#193">
			<system-out>{}</system-out>
			<system-err>[2022-05-12T14:56:51+0200] [MainThread] [I] [cwltool] Resolved 'v1.0/no-outputs-tool.cwl' to 'file:///home/michael/common-workflow-language/v1.0/v1.0/no-outputs-tool.cwl'
[2022-05-12T14:56:52+0200] [MainThread] [I] [toil.job] Saving graph of 1 jobs, 1 new
[2022-05-12T14:56:52+0200] [MainThread] [I] [toil.job] Processing job 'CWLJob' no-outputs-tool.cwl kind-CWLJob/instance-n84fmbfp v0
[2022-05-12T14:56:52+0200] [MainThread] [I] [toil] Running Toil version 5.6.0-c34146a6437e4407a61e946e968bcce67a0ebbca on host mrc-tux.
[2022-05-12T14:56:52+0200] [MainThread] [I] [toil.leader] Issued job 'CWLJob' no-outputs-tool.cwl kind-CWLJob/instance-n84fmbfp v1 with job batch system ID: 0 and cores: 1, disk: 2.0 Gi, and memory: 8.0 Mi
[2022-05-12T14:56:53+0200] [MainThread] [I] [toil.worker] Redirecting logging to /tmp/ec5ae5a5b1ad5c38831a6482cd67fc09/38e4/worker_log.txt
[2022-05-12T14:56:54+0200] [MainThread] [I] [toil.leader] 0 jobs are running, 0 jobs are issued and waiting to run
[2022-05-12T14:56:55+0200] [MainThread] [I] [toil.leader] Finished toil run successfully.
[2022-05-12T14:56:55+0200] [MainThread] [I] [toil.common] Successfully deleted the job store: FileJobStore(/tmp/tmpwpfdww90)
</system-err>
		</testcase>
		<testcase name="Test Workflow without inputs" time="8.267913" class="workflow, required" file="no_inputs_workflow" url="cwltest:conformance_test_v1.0#194">
			<system-out>{
    &quot;output&quot;: {
        &quot;location&quot;: &quot;file:///tmp/tmpzyyxjpcy/output&quot;,
        &quot;basename&quot;: &quot;output&quot;,
        &quot;nameroot&quot;: &quot;output&quot;,
        &quot;nameext&quot;: &quot;&quot;,
        &quot;class&quot;: &quot;File&quot;,
        &quot;checksum&quot;: &quot;sha1$1334e67fe9eb70db8ae14ccfa6cfb59e2cc24eae&quot;,
        &quot;size&quot;: 4
    }
}</system-out>
			<system-err>[2022-05-12T14:56:51+0200] [MainThread] [I] [cwltool] Resolved 'v1.0/no-inputs-wf.cwl' to 'file:///home/michael/common-workflow-language/v1.0/v1.0/no-inputs-wf.cwl'
[2022-05-12T14:56:54+0200] [MainThread] [I] [toil.job] Saving graph of 2 jobs, 2 new
[2022-05-12T14:56:54+0200] [MainThread] [I] [toil.job] Processing job 'ResolveIndirect' kind-ResolveIndirect/instance-l1yr5z9r v0
[2022-05-12T14:56:54+0200] [MainThread] [I] [toil.job] Processing job 'CWLWorkflow' kind-CWLWorkflow/instance-v7md17jw v0
[2022-05-12T14:56:54+0200] [MainThread] [I] [toil] Running Toil version 5.6.0-c34146a6437e4407a61e946e968bcce67a0ebbca on host mrc-tux.
[2022-05-12T14:56:54+0200] [MainThread] [I] [toil.worker] Redirecting logging to /tmp/5b54e6411e4c5d17a5493e35c97f201a/149f/worker_log.txt
[2022-05-12T14:56:55+0200] [MainThread] [I] [toil.leader] 0 jobs are running, 0 jobs are issued and waiting to run
[2022-05-12T14:56:55+0200] [MainThread] [I] [toil.leader] Issued job 'CWLJob' no-inputs-wf.cwl.step0.4fd9bd0f-c9b0-4f09-991a-ecb61af5f8da kind-CWLJob/instance-t2nfc9a5 v1 with job batch system ID: 1 and cores: 1, disk: 3.0 Gi, and memory: 2.0 Gi
[2022-05-12T14:56:55+0200] [MainThread] [I] [toil.worker] Redirecting logging to /tmp/5b54e6411e4c5d17a5493e35c97f201a/d69b/worker_log.txt
[2022-05-12T14:56:57+0200] [MainThread] [I] [toil.worker] Redirecting logging to /tmp/5b54e6411e4c5d17a5493e35c97f201a/3dd7/worker_log.txt
[2022-05-12T14:56:57+0200] [MainThread] [I] [toil.worker] Redirecting logging to /tmp/5b54e6411e4c5d17a5493e35c97f201a/1467/worker_log.txt
[2022-05-12T14:56:59+0200] [MainThread] [I] [toil.leader] Finished toil run successfully.
[2022-05-12T14:56:59+0200] [MainThread] [I] [toil.common] Successfully deleted the job store: FileJobStore(/tmp/tmpmm9cnt_i)
</system-err>
		</testcase>
		<testcase name="Test Workflow without outputs" time="9.097961" class="workflow, required" file="no_outputs_workflow" url="cwltest:conformance_test_v1.0#195">
			<system-out>{}</system-out>
			<system-err>[2022-05-12T14:56:51+0200] [MainThread] [I] [cwltool] Resolved 'v1.0/no-outputs-wf.cwl' to 'file:///home/michael/common-workflow-language/v1.0/v1.0/no-outputs-wf.cwl'
[2022-05-12T14:56:54+0200] [MainThread] [I] [toil.job] Saving graph of 2 jobs, 2 new
[2022-05-12T14:56:54+0200] [MainThread] [I] [toil.job] Processing job 'ResolveIndirect' kind-ResolveIndirect/instance-cy8i0_ur v0
[2022-05-12T14:56:54+0200] [MainThread] [I] [toil.job] Processing job 'CWLWorkflow' kind-CWLWorkflow/instance-5jqcffpt v0
[2022-05-12T14:56:54+0200] [MainThread] [I] [toil] Running Toil version 5.6.0-c34146a6437e4407a61e946e968bcce67a0ebbca on host mrc-tux.
[2022-05-12T14:56:54+0200] [MainThread] [I] [toil.worker] Redirecting logging to /tmp/79a8f4ff70905a2badfe0ca59e95c4f1/75f8/worker_log.txt
[2022-05-12T14:56:55+0200] [MainThread] [I] [toil.leader] 0 jobs are running, 0 jobs are issued and waiting to run
[2022-05-12T14:56:55+0200] [MainThread] [I] [toil.leader] Issued job 'CWLJob' no-outputs-wf.cwl.step0.c31fe288-95d9-455c-a0f3-429b8d2ed676 kind-CWLJob/instance-b0may343 v1 with job batch system ID: 1 and cores: 1, disk: 3.0 Gi, and memory: 2.0 Gi
[2022-05-12T14:56:55+0200] [MainThread] [I] [toil.worker] Redirecting logging to /tmp/79a8f4ff70905a2badfe0ca59e95c4f1/316f/worker_log.txt
[2022-05-12T14:56:57+0200] [MainThread] [I] [toil.worker] Redirecting logging to /tmp/79a8f4ff70905a2badfe0ca59e95c4f1/08ac/worker_log.txt
[2022-05-12T14:56:58+0200] [MainThread] [I] [toil.worker] Redirecting logging to /tmp/79a8f4ff70905a2badfe0ca59e95c4f1/66b6/worker_log.txt
[2022-05-12T14:57:00+0200] [MainThread] [I] [toil.leader] Finished toil run successfully.
[2022-05-12T14:57:00+0200] [MainThread] [I] [toil.common] Successfully deleted the job store: FileJobStore(/tmp/tmp5pq8q4b3)
</system-err>
		</testcase>
		<testcase name="Test an anonymous enum inside an array inside a record" time="4.211058" class="command_line_tool, required" file="anonymous_enum_in_array" url="cwltest:conformance_test_v1.0#196">
			<system-out>{
    &quot;result&quot;: {
        &quot;location&quot;: &quot;file:///tmp/tmp55uw1uv9/081a410f418a0048c4c5c05994936af63dbcc85a&quot;,
        &quot;basename&quot;: &quot;081a410f418a0048c4c5c05994936af63dbcc85a&quot;,
        &quot;nameroot&quot;: &quot;081a410f418a0048c4c5c05994936af63dbcc85a&quot;,
        &quot;nameext&quot;: &quot;&quot;,
        &quot;class&quot;: &quot;File&quot;,
        &quot;checksum&quot;: &quot;sha1$2132943d72c39423e0b9425cbc40dfd5bf3e9cb2&quot;,
        &quot;size&quot;: 39
    }
}</system-out>
			<system-err>[2022-05-12T14:56:55+0200] [MainThread] [I] [cwltool] Resolved 'v1.0/anon_enum_inside_array.cwl' to 'file:///home/michael/common-workflow-language/v1.0/v1.0/anon_enum_inside_array.cwl'
[2022-05-12T14:56:56+0200] [MainThread] [I] [toil.job] Saving graph of 1 jobs, 1 new
[2022-05-12T14:56:56+0200] [MainThread] [I] [toil.job] Processing job 'CWLJob' anon_enum_inside_array.cwl kind-CWLJob/instance-j7oneh1m v0
[2022-05-12T14:56:56+0200] [MainThread] [I] [toil] Running Toil version 5.6.0-c34146a6437e4407a61e946e968bcce67a0ebbca on host mrc-tux.
[2022-05-12T14:56:56+0200] [MainThread] [I] [toil.leader] Issued job 'CWLJob' anon_enum_inside_array.cwl kind-CWLJob/instance-j7oneh1m v1 with job batch system ID: 0 and cores: 1, disk: 2.0 Gi, and memory: 8.0 Mi
[2022-05-12T14:56:57+0200] [MainThread] [I] [toil.worker] Redirecting logging to /tmp/c43dd3225fe95c5389563d5da6bc0a69/8a35/worker_log.txt
[2022-05-12T14:56:57+0200] [MainThread] [I] [toil.leader] 0 jobs are running, 0 jobs are issued and waiting to run
[2022-05-12T14:56:58+0200] [MainThread] [I] [toil.leader] Finished toil run successfully.
[2022-05-12T14:56:58+0200] [MainThread] [I] [toil.common] Successfully deleted the job store: FileJobStore(/tmp/tmpejxlkxpc)
</system-err>
		</testcase>
		<testcase name="Test an anonymous enum inside an array inside a record, SchemaDefRequirement" time="4.677207" class="command_line_tool, schema_def" file="schema-def_anonymous_enum_in_array" url="cwltest:conformance_test_v1.0#197">
			<system-out>{
    &quot;result&quot;: {
        &quot;location&quot;: &quot;file:///tmp/tmp7vrmar11/0d4bf946896d22a6f7640359c319d738e24057f7&quot;,
        &quot;basename&quot;: &quot;0d4bf946896d22a6f7640359c319d738e24057f7&quot;,
        &quot;nameroot&quot;: &quot;0d4bf946896d22a6f7640359c319d738e24057f7&quot;,
        &quot;nameext&quot;: &quot;&quot;,
        &quot;class&quot;: &quot;File&quot;,
        &quot;checksum&quot;: &quot;sha1$f17c7d81f66e1520fca25b96b90eeeae5bbf08b0&quot;,
        &quot;size&quot;: 39
    }
}</system-out>
			<system-err>[2022-05-12T14:56:56+0200] [MainThread] [I] [cwltool] Resolved 'v1.0/anon_enum_inside_array_inside_schemadef.cwl' to 'file:///home/michael/common-workflow-language/v1.0/v1.0/anon_enum_inside_array_inside_schemadef.cwl'
[2022-05-12T14:56:58+0200] [MainThread] [I] [toil.job] Saving graph of 1 jobs, 1 new
[2022-05-12T14:56:58+0200] [MainThread] [I] [toil.job] Processing job 'CWLJob' anon_enum_inside_array_inside_schemadef.cwl kind-CWLJob/instance-p5i5svml v0
[2022-05-12T14:56:58+0200] [MainThread] [I] [toil] Running Toil version 5.6.0-c34146a6437e4407a61e946e968bcce67a0ebbca on host mrc-tux.
[2022-05-12T14:56:58+0200] [MainThread] [I] [toil.leader] Issued job 'CWLJob' anon_enum_inside_array_inside_schemadef.cwl kind-CWLJob/instance-p5i5svml v1 with job batch system ID: 0 and cores: 1, disk: 2.0 Gi, and memory: 8.0 Mi
[2022-05-12T14:56:58+0200] [MainThread] [I] [toil.worker] Redirecting logging to /tmp/89c0bcc85d04591ba395f9e98c260472/402f/worker_log.txt
[2022-05-12T14:56:58+0200] [MainThread] [I] [toil.leader] 0 jobs are running, 0 jobs are issued and waiting to run
[2022-05-12T14:57:00+0200] [MainThread] [I] [toil.leader] Finished toil run successfully.
[2022-05-12T14:57:00+0200] [MainThread] [I] [toil.common] Successfully deleted the job store: FileJobStore(/tmp/tmpjvhd4_kh)
</system-err>
		</testcase>
	</testsuite>
</testsuites>
