<?xml version="1.0" ?>
<testsuites disabled="0" errors="0" failures="0" tests="253" time="1901.6488802433014">
	<testsuite disabled="0" errors="0" failures="0" name="conformance_tests" skipped="0" tests="253" time="1901.6488802433014">
		<testcase name="General test of command line generation" time="5.409450" class="required, command_line_tool" file="cl_basic_generation" url="cwltest:conformance_tests#1">
			<system-out>{
    &quot;args&quot;: [
        &quot;bwa&quot;,
        &quot;mem&quot;,
        &quot;-t&quot;,
        &quot;2&quot;,
        &quot;-I&quot;,
        &quot;1,2,3,4&quot;,
        &quot;-m&quot;,
        &quot;3&quot;,
        &quot;chr20.fa&quot;,
        &quot;example_human_Illumina.pe_1.fastq&quot;,
        &quot;example_human_Illumina.pe_2.fastq&quot;
    ]
}</system-out>
			<system-err>[2022-05-12T15:10:10+0200] [MainThread] [I] [cwltool] Resolved 'tests/bwa-mem-tool.cwl' to 'file:///home/michael/cwl-v1.1/tests/bwa-mem-tool.cwl'
[2022-05-12T15:10:12+0200] [MainThread] [I] [toil.job] Saving graph of 1 jobs, 1 new
[2022-05-12T15:10:12+0200] [MainThread] [I] [toil.job] Processing job 'CWLJob' bwa-mem-tool.cwl kind-CWLJob/instance-a15ao4i5 v0
[2022-05-12T15:10:12+0200] [MainThread] [I] [toil] Running Toil version 5.6.0-c34146a6437e4407a61e946e968bcce67a0ebbca on host mrc-tux.
[2022-05-12T15:10:12+0200] [MainThread] [I] [toil.leader] Issued job 'CWLJob' bwa-mem-tool.cwl kind-CWLJob/instance-a15ao4i5 v1 with job batch system ID: 0 and cores: 2, disk: 2.0 Gi, and memory: 256.0 Mi
[2022-05-12T15:10:12+0200] [MainThread] [I] [toil.worker] Redirecting logging to /tmp/b9e1371f67875152b8b692d636b2c8ae/e257/worker_log.txt
[2022-05-12T15:10:14+0200] [MainThread] [I] [toil.leader] 0 jobs are running, 0 jobs are issued and waiting to run
[2022-05-12T15:10:15+0200] [MainThread] [I] [toil.leader] Finished toil run successfully.
[2022-05-12T15:10:15+0200] [MainThread] [I] [toil.common] Successfully deleted the job store: FileJobStore(/tmp/tmp8bqd81fv)
</system-err>
		</testcase>
		<testcase name="Test nested prefixes with arrays" time="5.397095" class="required, command_line_tool" file="nested_prefixes_arrays" url="cwltest:conformance_tests#2">
			<system-out>{
    &quot;args&quot;: [
        &quot;bwa&quot;,
        &quot;mem&quot;,
        &quot;chr20.fa&quot;,
        &quot;-XXX&quot;,
        &quot;-YYY&quot;,
        &quot;example_human_Illumina.pe_1.fastq&quot;,
        &quot;-YYY&quot;,
        &quot;example_human_Illumina.pe_2.fastq&quot;
    ]
}</system-out>
			<system-err>[2022-05-12T15:10:10+0200] [MainThread] [I] [cwltool] Resolved 'tests/binding-test.cwl' to 'file:///home/michael/cwl-v1.1/tests/binding-test.cwl'
[2022-05-12T15:10:12+0200] [MainThread] [I] [toil.job] Saving graph of 1 jobs, 1 new
[2022-05-12T15:10:12+0200] [MainThread] [I] [toil.job] Processing job 'CWLJob' binding-test.cwl kind-CWLJob/instance-u2uxrh2c v0
[2022-05-12T15:10:12+0200] [MainThread] [I] [toil] Running Toil version 5.6.0-c34146a6437e4407a61e946e968bcce67a0ebbca on host mrc-tux.
[2022-05-12T15:10:12+0200] [MainThread] [I] [toil.leader] Issued job 'CWLJob' binding-test.cwl kind-CWLJob/instance-u2uxrh2c v1 with job batch system ID: 0 and cores: 1, disk: 3.0 Gi, and memory: 2.0 Gi
[2022-05-12T15:10:12+0200] [MainThread] [I] [toil.worker] Redirecting logging to /tmp/a58e9500d6b7582fb231b46fe9625ff9/c19b/worker_log.txt
[2022-05-12T15:10:13+0200] [MainThread] [I] [toil.leader] 0 jobs are running, 0 jobs are issued and waiting to run
[2022-05-12T15:10:15+0200] [MainThread] [I] [toil.leader] Finished toil run successfully.
[2022-05-12T15:10:15+0200] [MainThread] [I] [toil.common] Successfully deleted the job store: FileJobStore(/tmp/tmpxzels1ly)
</system-err>
		</testcase>
		<testcase name="Test nested command line bindings" time="5.410818" class="schema_def, command_line_tool" file="nested_cl_bindings" url="cwltest:conformance_tests#3">
			<system-out>{
    &quot;args&quot;: [
        &quot;tmap&quot;,
        &quot;mapall&quot;,
        &quot;stage1&quot;,
        &quot;map1&quot;,
        &quot;--min-seq-length&quot;,
        &quot;20&quot;,
        &quot;map2&quot;,
        &quot;--min-seq-length&quot;,
        &quot;20&quot;,
        &quot;stage2&quot;,
        &quot;map1&quot;,
        &quot;--max-seq-length&quot;,
        &quot;20&quot;,
        &quot;--min-seq-length&quot;,
        &quot;10&quot;,
        &quot;--seed-length&quot;,
        &quot;16&quot;,
        &quot;map2&quot;,
        &quot;--max-seed-hits&quot;,
        &quot;-1&quot;,
        &quot;--max-seq-length&quot;,
        &quot;20&quot;,
        &quot;--min-seq-length&quot;,
        &quot;10&quot;
    ]
}</system-out>
			<system-err>[2022-05-12T15:10:10+0200] [MainThread] [I] [cwltool] Resolved 'tests/tmap-tool.cwl' to 'file:///home/michael/cwl-v1.1/tests/tmap-tool.cwl'
[2022-05-12T15:10:12+0200] [MainThread] [I] [toil.job] Saving graph of 1 jobs, 1 new
[2022-05-12T15:10:12+0200] [MainThread] [I] [toil.job] Processing job 'CWLJob' tmap-tool.cwl kind-CWLJob/instance-o2rs2zii v0
[2022-05-12T15:10:12+0200] [MainThread] [I] [toil] Running Toil version 5.6.0-c34146a6437e4407a61e946e968bcce67a0ebbca on host mrc-tux.
[2022-05-12T15:10:12+0200] [MainThread] [I] [toil.leader] Issued job 'CWLJob' tmap-tool.cwl kind-CWLJob/instance-o2rs2zii v1 with job batch system ID: 0 and cores: 1, disk: 3.0 Gi, and memory: 2.0 Gi
[2022-05-12T15:10:12+0200] [MainThread] [I] [toil.worker] Redirecting logging to /tmp/6790fd7f1b28541d9e931c5ad6bf97b5/79c6/worker_log.txt
[2022-05-12T15:10:14+0200] [MainThread] [I] [toil.leader] 0 jobs are running, 0 jobs are issued and waiting to run
[2022-05-12T15:10:15+0200] [MainThread] [I] [toil.leader] Finished toil run successfully.
[2022-05-12T15:10:15+0200] [MainThread] [I] [toil.common] Successfully deleted the job store: FileJobStore(/tmp/tmp8cjw_api)
</system-err>
		</testcase>
		<testcase name="Test command line with optional input (missing)" time="5.355104" class="required, command_line_tool" file="cl_optional_inputs_missing" url="cwltest:conformance_tests#4">
			<system-out>{
    &quot;args&quot;: [
        &quot;cat&quot;,
        &quot;hello.txt&quot;
    ]
}</system-out>
			<system-err>[2022-05-12T15:10:10+0200] [MainThread] [I] [cwltool] Resolved 'tests/cat1-testcli.cwl' to 'file:///home/michael/cwl-v1.1/tests/cat1-testcli.cwl'
[2022-05-12T15:10:12+0200] [MainThread] [I] [toil.job] Saving graph of 1 jobs, 1 new
[2022-05-12T15:10:12+0200] [MainThread] [I] [toil.job] Processing job 'CWLJob' cat1-testcli.cwl kind-CWLJob/instance-xwpf3wo0 v0
[2022-05-12T15:10:12+0200] [MainThread] [I] [toil] Running Toil version 5.6.0-c34146a6437e4407a61e946e968bcce67a0ebbca on host mrc-tux.
[2022-05-12T15:10:12+0200] [MainThread] [I] [toil.leader] Issued job 'CWLJob' cat1-testcli.cwl kind-CWLJob/instance-xwpf3wo0 v1 with job batch system ID: 0 and cores: 1, disk: 3.0 Gi, and memory: 2.0 Gi
[2022-05-12T15:10:12+0200] [MainThread] [I] [toil.worker] Redirecting logging to /tmp/6b004cf0527656e39c06c4dd447213a2/1af9/worker_log.txt
[2022-05-12T15:10:13+0200] [MainThread] [I] [toil.leader] 0 jobs are running, 0 jobs are issued and waiting to run
[2022-05-12T15:10:15+0200] [MainThread] [I] [toil.leader] Finished toil run successfully.
[2022-05-12T15:10:15+0200] [MainThread] [I] [toil.common] Successfully deleted the job store: FileJobStore(/tmp/tmpgzrl59fa)
</system-err>
		</testcase>
		<testcase name="Test command line with optional input (provided)" time="5.337071" class="required, command_line_tool" file="cl_optional_bindings_provided" url="cwltest:conformance_tests#5">
			<system-out>{
    &quot;args&quot;: [
        &quot;cat&quot;,
        &quot;-n&quot;,
        &quot;hello.txt&quot;
    ]
}</system-out>
			<system-err>[2022-05-12T15:10:15+0200] [MainThread] [I] [cwltool] Resolved 'tests/cat1-testcli.cwl' to 'file:///home/michael/cwl-v1.1/tests/cat1-testcli.cwl'
[2022-05-12T15:10:17+0200] [MainThread] [I] [toil.job] Saving graph of 1 jobs, 1 new
[2022-05-12T15:10:17+0200] [MainThread] [I] [toil.job] Processing job 'CWLJob' cat1-testcli.cwl kind-CWLJob/instance-oxta1fdh v0
[2022-05-12T15:10:17+0200] [MainThread] [I] [toil] Running Toil version 5.6.0-c34146a6437e4407a61e946e968bcce67a0ebbca on host mrc-tux.
[2022-05-12T15:10:17+0200] [MainThread] [I] [toil.leader] Issued job 'CWLJob' cat1-testcli.cwl kind-CWLJob/instance-oxta1fdh v1 with job batch system ID: 0 and cores: 1, disk: 3.0 Gi, and memory: 2.0 Gi
[2022-05-12T15:10:18+0200] [MainThread] [I] [toil.worker] Redirecting logging to /tmp/b9ee7d31d1a55b58929861dc3c5f9fe0/7848/worker_log.txt
[2022-05-12T15:10:19+0200] [MainThread] [I] [toil.leader] 0 jobs are running, 0 jobs are issued and waiting to run
[2022-05-12T15:10:20+0200] [MainThread] [I] [toil.leader] Finished toil run successfully.
[2022-05-12T15:10:20+0200] [MainThread] [I] [toil.common] Successfully deleted the job store: FileJobStore(/tmp/tmpnfkc33ai)
</system-err>
		</testcase>
		<testcase name="Test InitialWorkDirRequirement ExpressionEngineRequirement.engineConfig feature" time="6.035470" class="initial_work_dir, inline_javascript, command_line_tool" file="initworkdir_expreng_requirements" url="cwltest:conformance_tests#6">
			<system-out>{
    &quot;foo&quot;: {
        &quot;location&quot;: &quot;file:///tmp/tmpvu2icaju/foo.txt&quot;,
        &quot;basename&quot;: &quot;foo.txt&quot;,
        &quot;nameroot&quot;: &quot;foo&quot;,
        &quot;nameext&quot;: &quot;.txt&quot;,
        &quot;class&quot;: &quot;File&quot;,
        &quot;checksum&quot;: &quot;sha1$63da67422622fbf9251a046d7a34b7ea0fd4fead&quot;,
        &quot;size&quot;: 22
    }
}</system-out>
			<system-err>[2022-05-12T15:10:16+0200] [MainThread] [I] [cwltool] Resolved 'tests/template-tool.cwl' to 'file:///home/michael/cwl-v1.1/tests/template-tool.cwl'
[2022-05-12T15:10:18+0200] [MainThread] [W] [cwltool] tests/template-tool.cwl:7:9: JSHINT:       exports = module.exports = _;
tests/template-tool.cwl:7:9: JSHINT:       ^
tests/template-tool.cwl:7:9: JSHINT: W117: 'exports' is not defined.
[2022-05-12T15:10:18+0200] [MainThread] [W] [cwltool] tests/template-tool.cwl:7:9: JSHINT:     exports._ = _;
tests/template-tool.cwl:7:9: JSHINT:     ^
tests/template-tool.cwl:7:9: JSHINT: W117: 'exports' is not defined.
[2022-05-12T15:10:18+0200] [MainThread] [W] [cwltool] tests/template-tool.cwl:7:9: JSHINT:     if (typeof module !== 'undefined' &amp;&amp; module.exports) {
tests/template-tool.cwl:7:9: JSHINT:                                          ^
tests/template-tool.cwl:7:9: JSHINT: W117: 'module' is not defined.
[2022-05-12T15:10:18+0200] [MainThread] [W] [cwltool] tests/template-tool.cwl:7:9: JSHINT:       exports = module.exports = _;
tests/template-tool.cwl:7:9: JSHINT:                 ^
tests/template-tool.cwl:7:9: JSHINT: W117: 'module' is not defined.
[2022-05-12T15:10:18+0200] [MainThread] [W] [cwltool] tests/template-tool.cwl:7:9: JSHINT:     return setTimeout(function(){
tests/template-tool.cwl:7:9: JSHINT:            ^
tests/template-tool.cwl:7:9: JSHINT: W117: 'setTimeout' is not defined.
[2022-05-12T15:10:18+0200] [MainThread] [W] [cwltool] tests/template-tool.cwl:7:9: JSHINT:         timeout = setTimeout(later, remaining);
tests/template-tool.cwl:7:9: JSHINT:                   ^
tests/template-tool.cwl:7:9: JSHINT: W117: 'setTimeout' is not defined.
[2022-05-12T15:10:18+0200] [MainThread] [W] [cwltool] tests/template-tool.cwl:7:9: JSHINT:         timeout = setTimeout(later, wait - last);
tests/template-tool.cwl:7:9: JSHINT:                   ^
tests/template-tool.cwl:7:9: JSHINT: W117: 'setTimeout' is not defined.
[2022-05-12T15:10:18+0200] [MainThread] [W] [cwltool] tests/template-tool.cwl:7:9: JSHINT:       if (!timeout) timeout = setTimeout(later, wait);
tests/template-tool.cwl:7:9: JSHINT:                               ^
tests/template-tool.cwl:7:9: JSHINT: W117: 'setTimeout' is not defined.
[2022-05-12T15:10:18+0200] [MainThread] [W] [cwltool] tests/template-tool.cwl:7:9: JSHINT:         clearTimeout(timeout);
tests/template-tool.cwl:7:9: JSHINT:         ^
tests/template-tool.cwl:7:9: JSHINT: W117: 'clearTimeout' is not defined.
[2022-05-12T15:10:18+0200] [MainThread] [W] [cwltool] tests/template-tool.cwl:7:9: JSHINT:     root._ = previousUnderscore;
tests/template-tool.cwl:7:9: JSHINT:              ^
tests/template-tool.cwl:7:9: JSHINT: W117: 'previousUnderscore' is not defined.
[2022-05-12T15:10:18+0200] [MainThread] [W] [cwltool] tests/template-tool.cwl:7:9: JSHINT:   if (typeof define === 'function' &amp;&amp; define.amd) {
tests/template-tool.cwl:7:9: JSHINT:                                       ^
tests/template-tool.cwl:7:9: JSHINT: W117: 'define' is not defined.
[2022-05-12T15:10:18+0200] [MainThread] [W] [cwltool] tests/template-tool.cwl:7:9: JSHINT:     define('underscore', [], function() {
tests/template-tool.cwl:7:9: JSHINT:     ^
tests/template-tool.cwl:7:9: JSHINT: W117: 'define' is not defined.
[2022-05-12T15:10:18+0200] [MainThread] [W] [cwltool] tests/template-tool.cwl:8:9: JSHINT: var t = function(s) { return _.template(s, {variable: 'data'})({'inputs': inputs}); };
tests/template-tool.cwl:8:9: JSHINT:                              ^
tests/template-tool.cwl:8:9: JSHINT: W117: '_' is not defined.
[2022-05-12T15:10:18+0200] [MainThread] [I] [toil.job] Saving graph of 1 jobs, 1 new
[2022-05-12T15:10:18+0200] [MainThread] [I] [toil.job] Processing job 'CWLJob' template-tool.cwl kind-CWLJob/instance-bhtyvopy v0
[2022-05-12T15:10:18+0200] [MainThread] [I] [toil] Running Toil version 5.6.0-c34146a6437e4407a61e946e968bcce67a0ebbca on host mrc-tux.
[2022-05-12T15:10:18+0200] [MainThread] [I] [toil.leader] Issued job 'CWLJob' template-tool.cwl kind-CWLJob/instance-bhtyvopy v1 with job batch system ID: 0 and cores: 1, disk: 3.0 Gi, and memory: 2.0 Gi
[2022-05-12T15:10:18+0200] [MainThread] [I] [toil.worker] Redirecting logging to /tmp/35a0d9d3a80a51a499b5b4e969a8c790/951a/worker_log.txt
[2022-05-12T15:10:20+0200] [MainThread] [I] [toil.leader] 0 jobs are running, 0 jobs are issued and waiting to run
[2022-05-12T15:10:21+0200] [MainThread] [I] [toil.leader] Finished toil run successfully.
[2022-05-12T15:10:21+0200] [MainThread] [I] [toil.common] Successfully deleted the job store: FileJobStore(/tmp/tmp6s6cqv8b)
</system-err>
		</testcase>
		<testcase name="Test command execution in Docker with stdout redirection" time="5.477183" class="docker, command_line_tool" file="stdout_redirect_docker" url="cwltest:conformance_tests#7">
			<system-out>{
    &quot;output_file&quot;: {
        &quot;location&quot;: &quot;file:///tmp/tmpzu4k05n8/output.txt&quot;,
        &quot;basename&quot;: &quot;output.txt&quot;,
        &quot;nameroot&quot;: &quot;output&quot;,
        &quot;nameext&quot;: &quot;.txt&quot;,
        &quot;class&quot;: &quot;File&quot;,
        &quot;checksum&quot;: &quot;sha1$47a013e660d408619d894b20806b1d5086aab03b&quot;,
        &quot;size&quot;: 13
    }
}</system-out>
			<system-err>[2022-05-12T15:10:16+0200] [MainThread] [I] [cwltool] Resolved 'tests/cat3-tool.cwl' to 'file:///home/michael/cwl-v1.1/tests/cat3-tool.cwl'
[2022-05-12T15:10:17+0200] [MainThread] [I] [toil.job] Saving graph of 1 jobs, 1 new
[2022-05-12T15:10:17+0200] [MainThread] [I] [toil.job] Processing job 'CWLJob' cat3-tool.cwl kind-CWLJob/instance-jv1u5j2t v0
[2022-05-12T15:10:17+0200] [MainThread] [I] [toil] Running Toil version 5.6.0-c34146a6437e4407a61e946e968bcce67a0ebbca on host mrc-tux.
[2022-05-12T15:10:17+0200] [MainThread] [I] [toil.leader] Issued job 'CWLJob' cat3-tool.cwl kind-CWLJob/instance-jv1u5j2t v1 with job batch system ID: 0 and cores: 1, disk: 3.0 Gi, and memory: 2.0 Gi
[2022-05-12T15:10:18+0200] [MainThread] [I] [toil.worker] Redirecting logging to /tmp/fd3d79dd1f1851259f9d498220639cb4/3103/worker_log.txt
[2022-05-12T15:10:19+0200] [MainThread] [I] [toil.leader] 0 jobs are running, 0 jobs are issued and waiting to run
[2022-05-12T15:10:20+0200] [MainThread] [I] [toil.leader] Finished toil run successfully.
[2022-05-12T15:10:20+0200] [MainThread] [I] [toil.common] Successfully deleted the job store: FileJobStore(/tmp/tmp95oy1ma3)
</system-err>
		</testcase>
		<testcase name="Test command execution in Docker with shortcut stdout redirection" time="5.350470" class="docker, command_line_tool" file="stdout_redirect_shortcut_docker" url="cwltest:conformance_tests#8">
			<system-out>{
    &quot;output_file&quot;: {
        &quot;location&quot;: &quot;file:///tmp/tmpshv3vl38/b051dce931074af9703b84c912d29b931a822796&quot;,
        &quot;basename&quot;: &quot;b051dce931074af9703b84c912d29b931a822796&quot;,
        &quot;nameroot&quot;: &quot;b051dce931074af9703b84c912d29b931a822796&quot;,
        &quot;nameext&quot;: &quot;&quot;,
        &quot;class&quot;: &quot;File&quot;,
        &quot;checksum&quot;: &quot;sha1$47a013e660d408619d894b20806b1d5086aab03b&quot;,
        &quot;size&quot;: 13
    }
}</system-out>
			<system-err>[2022-05-12T15:10:16+0200] [MainThread] [I] [cwltool] Resolved 'tests/cat3-tool-shortcut.cwl' to 'file:///home/michael/cwl-v1.1/tests/cat3-tool-shortcut.cwl'
[2022-05-12T15:10:17+0200] [MainThread] [I] [toil.job] Saving graph of 1 jobs, 1 new
[2022-05-12T15:10:17+0200] [MainThread] [I] [toil.job] Processing job 'CWLJob' cat3-tool-shortcut.cwl kind-CWLJob/instance-7717nhod v0
[2022-05-12T15:10:17+0200] [MainThread] [I] [toil] Running Toil version 5.6.0-c34146a6437e4407a61e946e968bcce67a0ebbca on host mrc-tux.
[2022-05-12T15:10:17+0200] [MainThread] [I] [toil.leader] Issued job 'CWLJob' cat3-tool-shortcut.cwl kind-CWLJob/instance-7717nhod v1 with job batch system ID: 0 and cores: 1, disk: 3.0 Gi, and memory: 2.0 Gi
[2022-05-12T15:10:18+0200] [MainThread] [I] [toil.worker] Redirecting logging to /tmp/67aff050f4165c9898a4b1707dd56bb0/0f2f/worker_log.txt
[2022-05-12T15:10:19+0200] [MainThread] [I] [toil.leader] 0 jobs are running, 0 jobs are issued and waiting to run
[2022-05-12T15:10:20+0200] [MainThread] [I] [toil.leader] Finished toil run successfully.
[2022-05-12T15:10:20+0200] [MainThread] [I] [toil.common] Successfully deleted the job store: FileJobStore(/tmp/tmpvubp_obc)
</system-err>
		</testcase>
		<testcase name="Test command execution in Docker with mediumcut stdout redirection" time="5.390644" class="docker, command_line_tool" file="stdout_redirect_mediumcut_docker" url="cwltest:conformance_tests#9">
			<system-out>{
    &quot;output_file&quot;: {
        &quot;location&quot;: &quot;file:///tmp/tmpt0goksd6/cat-out&quot;,
        &quot;basename&quot;: &quot;cat-out&quot;,
        &quot;nameroot&quot;: &quot;cat-out&quot;,
        &quot;nameext&quot;: &quot;&quot;,
        &quot;class&quot;: &quot;File&quot;,
        &quot;checksum&quot;: &quot;sha1$47a013e660d408619d894b20806b1d5086aab03b&quot;,
        &quot;size&quot;: 13
    }
}</system-out>
			<system-err>[2022-05-12T15:10:21+0200] [MainThread] [I] [cwltool] Resolved 'tests/cat3-tool-mediumcut.cwl' to 'file:///home/michael/cwl-v1.1/tests/cat3-tool-mediumcut.cwl'
[2022-05-12T15:10:23+0200] [MainThread] [I] [toil.job] Saving graph of 1 jobs, 1 new
[2022-05-12T15:10:23+0200] [MainThread] [I] [toil.job] Processing job 'CWLJob' cat3-tool-mediumcut.cwl kind-CWLJob/instance-wtmj9o8o v0
[2022-05-12T15:10:23+0200] [MainThread] [I] [toil] Running Toil version 5.6.0-c34146a6437e4407a61e946e968bcce67a0ebbca on host mrc-tux.
[2022-05-12T15:10:23+0200] [MainThread] [I] [toil.leader] Issued job 'CWLJob' cat3-tool-mediumcut.cwl kind-CWLJob/instance-wtmj9o8o v1 with job batch system ID: 0 and cores: 1, disk: 3.0 Gi, and memory: 2.0 Gi
[2022-05-12T15:10:23+0200] [MainThread] [I] [toil.worker] Redirecting logging to /tmp/b3e3bf0989675db4863be4ae603330ea/1d9e/worker_log.txt
[2022-05-12T15:10:24+0200] [MainThread] [I] [toil.leader] 0 jobs are running, 0 jobs are issued and waiting to run
[2022-05-12T15:10:26+0200] [MainThread] [I] [toil.leader] Finished toil run successfully.
[2022-05-12T15:10:26+0200] [MainThread] [I] [toil.common] Successfully deleted the job store: FileJobStore(/tmp/tmpooqi8l9z)
</system-err>
		</testcase>
		<testcase name="Test command line with stderr redirection" time="4.341954" class="shell_command, command_line_tool" file="stderr_redirect" url="cwltest:conformance_tests#10">
			<system-out>{
    &quot;output_file&quot;: {
        &quot;location&quot;: &quot;file:///tmp/tmppkkrse33/error.txt&quot;,
        &quot;basename&quot;: &quot;error.txt&quot;,
        &quot;nameroot&quot;: &quot;error&quot;,
        &quot;nameext&quot;: &quot;.txt&quot;,
        &quot;class&quot;: &quot;File&quot;,
        &quot;checksum&quot;: &quot;sha1$f1d2d2f924e986ac86fdf7b36c94bcdf32beec15&quot;,
        &quot;size&quot;: 4
    }
}</system-out>
			<system-err>[2022-05-12T15:10:21+0200] [MainThread] [I] [cwltool] Resolved 'tests/stderr.cwl' to 'file:///home/michael/cwl-v1.1/tests/stderr.cwl'
[2022-05-12T15:10:23+0200] [MainThread] [I] [toil.job] Saving graph of 1 jobs, 1 new
[2022-05-12T15:10:23+0200] [MainThread] [I] [toil.job] Processing job 'CWLJob' stderr.cwl kind-CWLJob/instance-dannbh1c v0
[2022-05-12T15:10:23+0200] [MainThread] [I] [toil] Running Toil version 5.6.0-c34146a6437e4407a61e946e968bcce67a0ebbca on host mrc-tux.
[2022-05-12T15:10:23+0200] [MainThread] [I] [toil.leader] Issued job 'CWLJob' stderr.cwl kind-CWLJob/instance-dannbh1c v1 with job batch system ID: 0 and cores: 1, disk: 3.0 Gi, and memory: 2.0 Gi
[2022-05-12T15:10:23+0200] [MainThread] [I] [toil.worker] Redirecting logging to /tmp/905754ef179f55759eb77b3ebf097489/9321/worker_log.txt
[2022-05-12T15:10:23+0200] [MainThread] [I] [toil.leader] 0 jobs are running, 0 jobs are issued and waiting to run
[2022-05-12T15:10:25+0200] [MainThread] [I] [toil.leader] Finished toil run successfully.
[2022-05-12T15:10:25+0200] [MainThread] [I] [toil.common] Successfully deleted the job store: FileJobStore(/tmp/tmpq6di5kh6)
</system-err>
		</testcase>
		<testcase name="Test command line with stderr redirection, brief syntax" time="4.394373" class="shell_command, command_line_tool" file="stderr_redirect_shortcut" url="cwltest:conformance_tests#11">
			<system-out>{
    &quot;output_file&quot;: {
        &quot;location&quot;: &quot;file:///tmp/tmp1k78d8jd/760115dd103490aaf1f7c5ff8826f4b7e3d9af88&quot;,
        &quot;basename&quot;: &quot;760115dd103490aaf1f7c5ff8826f4b7e3d9af88&quot;,
        &quot;nameroot&quot;: &quot;760115dd103490aaf1f7c5ff8826f4b7e3d9af88&quot;,
        &quot;nameext&quot;: &quot;&quot;,
        &quot;class&quot;: &quot;File&quot;,
        &quot;checksum&quot;: &quot;sha1$f1d2d2f924e986ac86fdf7b36c94bcdf32beec15&quot;,
        &quot;size&quot;: 4
    }
}</system-out>
			<system-err>[2022-05-12T15:10:21+0200] [MainThread] [I] [cwltool] Resolved 'tests/stderr-shortcut.cwl' to 'file:///home/michael/cwl-v1.1/tests/stderr-shortcut.cwl'
[2022-05-12T15:10:23+0200] [MainThread] [I] [toil.job] Saving graph of 1 jobs, 1 new
[2022-05-12T15:10:23+0200] [MainThread] [I] [toil.job] Processing job 'CWLJob' stderr-shortcut.cwl kind-CWLJob/instance-5ruaha8w v0
[2022-05-12T15:10:23+0200] [MainThread] [I] [toil] Running Toil version 5.6.0-c34146a6437e4407a61e946e968bcce67a0ebbca on host mrc-tux.
[2022-05-12T15:10:23+0200] [MainThread] [I] [toil.leader] Issued job 'CWLJob' stderr-shortcut.cwl kind-CWLJob/instance-5ruaha8w v1 with job batch system ID: 0 and cores: 1, disk: 3.0 Gi, and memory: 2.0 Gi
[2022-05-12T15:10:23+0200] [MainThread] [I] [toil.worker] Redirecting logging to /tmp/9c9b6ca9ce3e59e4936e8a698dbfeb9d/7db1/worker_log.txt
[2022-05-12T15:10:23+0200] [MainThread] [I] [toil.leader] 0 jobs are running, 0 jobs are issued and waiting to run
[2022-05-12T15:10:25+0200] [MainThread] [I] [toil.leader] Finished toil run successfully.
[2022-05-12T15:10:25+0200] [MainThread] [I] [toil.common] Successfully deleted the job store: FileJobStore(/tmp/tmp0o6y1h8q)
</system-err>
		</testcase>
		<testcase name="Test command line with stderr redirection, named brief syntax" time="4.972894" class="shell_command, command_line_tool" file="stderr_redirect_mediumcut" url="cwltest:conformance_tests#12">
			<system-out>{
    &quot;output_file&quot;: {
        &quot;location&quot;: &quot;file:///tmp/tmp9s22_trm/std.err&quot;,
        &quot;basename&quot;: &quot;std.err&quot;,
        &quot;nameroot&quot;: &quot;std&quot;,
        &quot;nameext&quot;: &quot;.err&quot;,
        &quot;class&quot;: &quot;File&quot;,
        &quot;checksum&quot;: &quot;sha1$f1d2d2f924e986ac86fdf7b36c94bcdf32beec15&quot;,
        &quot;size&quot;: 4
    }
}</system-out>
			<system-err>[2022-05-12T15:10:22+0200] [MainThread] [I] [cwltool] Resolved 'tests/stderr-mediumcut.cwl' to 'file:///home/michael/cwl-v1.1/tests/stderr-mediumcut.cwl'
[2022-05-12T15:10:23+0200] [MainThread] [I] [toil.job] Saving graph of 1 jobs, 1 new
[2022-05-12T15:10:23+0200] [MainThread] [I] [toil.job] Processing job 'CWLJob' stderr-mediumcut.cwl kind-CWLJob/instance-5xsib6yp v0
[2022-05-12T15:10:23+0200] [MainThread] [I] [toil] Running Toil version 5.6.0-c34146a6437e4407a61e946e968bcce67a0ebbca on host mrc-tux.
[2022-05-12T15:10:23+0200] [MainThread] [I] [toil.leader] Issued job 'CWLJob' stderr-mediumcut.cwl kind-CWLJob/instance-5xsib6yp v1 with job batch system ID: 0 and cores: 1, disk: 3.0 Gi, and memory: 2.0 Gi
[2022-05-12T15:10:24+0200] [MainThread] [I] [toil.worker] Redirecting logging to /tmp/a921b6e1af275fd082e3900ee9c32370/0e1f/worker_log.txt
[2022-05-12T15:10:24+0200] [MainThread] [I] [toil.leader] 0 jobs are running, 0 jobs are issued and waiting to run
[2022-05-12T15:10:26+0200] [MainThread] [I] [toil.leader] Finished toil run successfully.
[2022-05-12T15:10:26+0200] [MainThread] [I] [toil.common] Successfully deleted the job store: FileJobStore(/tmp/tmpnmkaqgjl)
</system-err>
		</testcase>
		<testcase name="Test command execution in Docker with stdin and stdout redirection" time="5.131751" class="required, command_line_tool" file="stdinout_redirect_docker" url="cwltest:conformance_tests#13">
			<system-out>{
    &quot;output_txt&quot;: {
        &quot;location&quot;: &quot;file:///tmp/tmp5g5pq7b0/output.txt&quot;,
        &quot;basename&quot;: &quot;output.txt&quot;,
        &quot;nameroot&quot;: &quot;output&quot;,
        &quot;nameext&quot;: &quot;.txt&quot;,
        &quot;class&quot;: &quot;File&quot;,
        &quot;checksum&quot;: &quot;sha1$47a013e660d408619d894b20806b1d5086aab03b&quot;,
        &quot;size&quot;: 13
    }
}</system-out>
			<system-err>[2022-05-12T15:10:25+0200] [MainThread] [I] [cwltool] Resolved 'tests/cat4-tool.cwl' to 'file:///home/michael/cwl-v1.1/tests/cat4-tool.cwl'
[2022-05-12T15:10:27+0200] [MainThread] [I] [toil.job] Saving graph of 1 jobs, 1 new
[2022-05-12T15:10:27+0200] [MainThread] [I] [toil.job] Processing job 'CWLJob' cat4-tool.cwl kind-CWLJob/instance-ehojz2jv v0
[2022-05-12T15:10:27+0200] [MainThread] [I] [toil] Running Toil version 5.6.0-c34146a6437e4407a61e946e968bcce67a0ebbca on host mrc-tux.
[2022-05-12T15:10:27+0200] [MainThread] [I] [toil.leader] Issued job 'CWLJob' cat4-tool.cwl kind-CWLJob/instance-ehojz2jv v1 with job batch system ID: 0 and cores: 1, disk: 3.0 Gi, and memory: 2.0 Gi
[2022-05-12T15:10:27+0200] [MainThread] [I] [toil.worker] Redirecting logging to /tmp/2b99f1b5057154c59c450c6f3ecbcebb/6885/worker_log.txt
[2022-05-12T15:10:28+0200] [MainThread] [I] [toil.leader] 0 jobs are running, 0 jobs are issued and waiting to run
[2022-05-12T15:10:30+0200] [MainThread] [I] [toil.leader] Finished toil run successfully.
[2022-05-12T15:10:30+0200] [MainThread] [I] [toil.common] Successfully deleted the job store: FileJobStore(/tmp/tmpani_gbnq)
</system-err>
		</testcase>
		<testcase name="Test default usage of Any in expressions." time="4.435344" class="inline_javascript, expression_tool" file="expression_any" url="cwltest:conformance_tests#14">
			<system-out>{
    &quot;output&quot;: 1
}</system-out>
			<system-err>[2022-05-12T15:10:25+0200] [MainThread] [I] [cwltool] Resolved 'tests/null-expression1-tool.cwl' to 'file:///home/michael/cwl-v1.1/tests/null-expression1-tool.cwl'
[2022-05-12T15:10:27+0200] [MainThread] [I] [toil.job] Saving graph of 1 jobs, 1 new
[2022-05-12T15:10:27+0200] [MainThread] [I] [toil.job] Processing job 'CWLJob' null-expression1-tool.cwl kind-CWLJob/instance-v8mlcgk4 v0
[2022-05-12T15:10:27+0200] [MainThread] [I] [toil] Running Toil version 5.6.0-c34146a6437e4407a61e946e968bcce67a0ebbca on host mrc-tux.
[2022-05-12T15:10:27+0200] [MainThread] [I] [toil.leader] Issued job 'CWLJob' null-expression1-tool.cwl kind-CWLJob/instance-v8mlcgk4 v1 with job batch system ID: 0 and cores: 1, disk: 3.0 Gi, and memory: 2.0 Gi
[2022-05-12T15:10:28+0200] [MainThread] [I] [toil.worker] Redirecting logging to /tmp/f2877452d09d5ed0baaec3010d51de8c/71ce/worker_log.txt
[2022-05-12T15:10:28+0200] [MainThread] [I] [toil.leader] 0 jobs are running, 0 jobs are issued and waiting to run
[2022-05-12T15:10:29+0200] [MainThread] [I] [toil.leader] Finished toil run successfully.
[2022-05-12T15:10:29+0200] [MainThread] [I] [toil.common] Successfully deleted the job store: FileJobStore(/tmp/tmpowmpbz5d)
</system-err>
		</testcase>
		<testcase name="Test explicitly passing null to Any type inputs with default values." time="4.715350" class="inline_javascript, expression_tool" file="expression_any_null" url="cwltest:conformance_tests#15">
			<system-out>{
    &quot;output&quot;: 1
}</system-out>
			<system-err>[2022-05-12T15:10:26+0200] [MainThread] [I] [cwltool] Resolved 'tests/null-expression1-tool.cwl' to 'file:///home/michael/cwl-v1.1/tests/null-expression1-tool.cwl'
[2022-05-12T15:10:28+0200] [MainThread] [I] [toil.job] Saving graph of 1 jobs, 1 new
[2022-05-12T15:10:28+0200] [MainThread] [I] [toil.job] Processing job 'CWLJob' null-expression1-tool.cwl kind-CWLJob/instance-whpsp687 v0
[2022-05-12T15:10:28+0200] [MainThread] [I] [toil] Running Toil version 5.6.0-c34146a6437e4407a61e946e968bcce67a0ebbca on host mrc-tux.
[2022-05-12T15:10:28+0200] [MainThread] [I] [toil.leader] Issued job 'CWLJob' null-expression1-tool.cwl kind-CWLJob/instance-whpsp687 v1 with job batch system ID: 0 and cores: 1, disk: 3.0 Gi, and memory: 2.0 Gi
[2022-05-12T15:10:29+0200] [MainThread] [I] [toil.worker] Redirecting logging to /tmp/7945f4447e9c5b7ebf076915ace279be/1056/worker_log.txt
[2022-05-12T15:10:29+0200] [MainThread] [I] [toil.leader] 0 jobs are running, 0 jobs are issued and waiting to run
[2022-05-12T15:10:30+0200] [MainThread] [I] [toil.leader] Finished toil run successfully.
[2022-05-12T15:10:30+0200] [MainThread] [I] [toil.common] Successfully deleted the job store: FileJobStore(/tmp/tmpmlakv4p6)
</system-err>
		</testcase>
		<testcase name="Testing the string 'null' does not trip up an Any with a default value." time="4.752364" class="inline_javascript, expression_tool" file="expression_any_string" url="cwltest:conformance_tests#16">
			<system-out>{
    &quot;output&quot;: 2
}</system-out>
			<system-err>[2022-05-12T15:10:27+0200] [MainThread] [I] [cwltool] Resolved 'tests/null-expression1-tool.cwl' to 'file:///home/michael/cwl-v1.1/tests/null-expression1-tool.cwl'
[2022-05-12T15:10:29+0200] [MainThread] [I] [toil.job] Saving graph of 1 jobs, 1 new
[2022-05-12T15:10:29+0200] [MainThread] [I] [toil.job] Processing job 'CWLJob' null-expression1-tool.cwl kind-CWLJob/instance-_8f8e4nq v0
[2022-05-12T15:10:29+0200] [MainThread] [I] [toil] Running Toil version 5.6.0-c34146a6437e4407a61e946e968bcce67a0ebbca on host mrc-tux.
[2022-05-12T15:10:29+0200] [MainThread] [I] [toil.leader] Issued job 'CWLJob' null-expression1-tool.cwl kind-CWLJob/instance-_8f8e4nq v1 with job batch system ID: 0 and cores: 1, disk: 3.0 Gi, and memory: 2.0 Gi
[2022-05-12T15:10:29+0200] [MainThread] [I] [toil.worker] Redirecting logging to /tmp/387d2b48a71057ec92947a1b11f18804/e6c6/worker_log.txt
[2022-05-12T15:10:29+0200] [MainThread] [I] [toil.leader] 0 jobs are running, 0 jobs are issued and waiting to run
[2022-05-12T15:10:31+0200] [MainThread] [I] [toil.leader] Finished toil run successfully.
[2022-05-12T15:10:31+0200] [MainThread] [I] [toil.common] Successfully deleted the job store: FileJobStore(/tmp/tmppy18w79q)
</system-err>
		</testcase>
		<testcase name="Test Any without defaults cannot be unspecified." time="2.474324" class="inline_javascript, expression_tool" file="expression_any_nodefaultany" url="cwltest:conformance_tests#17">
			<system-err>[2022-05-12T15:10:30+0200] [MainThread] [I] [cwltool] Resolved 'tests/null-expression2-tool.cwl' to 'file:///home/michael/cwl-v1.1/tests/null-expression2-tool.cwl'
Traceback (most recent call last):
  File &quot;/home/michael/common-workflow-language/toil5.6.0/lib/python3.10/site-packages/cwltool/process.py&quot;, line 456, in fill_in_defaults
    raise WorkflowException(
cwltool.errors.WorkflowException: Missing required input parameter 'i1'

During handling of the above exception, another exception occurred:

Traceback (most recent call last):
  File &quot;/home/michael/common-workflow-language/toil5.6.0/bin/toil-cwl-runner&quot;, line 8, in &lt;module&gt;
    sys.exit(main())
  File &quot;/home/michael/common-workflow-language/toil5.6.0/lib/python3.10/site-packages/toil/cwl/cwltoil.py&quot;, line 3389, in main
    fill_in_defaults(tool.tool[&quot;inputs&quot;], initialized_job_order, fs_access)
  File &quot;/home/michael/common-workflow-language/toil5.6.0/lib/python3.10/site-packages/cwltool/process.py&quot;, line 447, in fill_in_defaults
    with SourceLine(inputs, e, WorkflowException, debug):
  File &quot;schema_salad/sourceline.py&quot;, line 256, in __exit__
cwltool.errors.WorkflowException: tests/null-expression2-tool.cwl:9:3: Missing required input parameter 'i1'
</system-err>
		</testcase>
		<testcase name="Test explicitly passing null to Any type without a default value." time="2.513541" class="inline_javascript, expression_tool" file="expression_any_null_nodefaultany" url="cwltest:conformance_tests#18">
			<system-err>[2022-05-12T15:10:30+0200] [MainThread] [I] [cwltool] Resolved 'tests/null-expression2-tool.cwl' to 'file:///home/michael/cwl-v1.1/tests/null-expression2-tool.cwl'
Traceback (most recent call last):
  File &quot;/home/michael/common-workflow-language/toil5.6.0/lib/python3.10/site-packages/cwltool/process.py&quot;, line 456, in fill_in_defaults
    raise WorkflowException(
cwltool.errors.WorkflowException: Missing required input parameter 'i1'

During handling of the above exception, another exception occurred:

Traceback (most recent call last):
  File &quot;/home/michael/common-workflow-language/toil5.6.0/bin/toil-cwl-runner&quot;, line 8, in &lt;module&gt;
    sys.exit(main())
  File &quot;/home/michael/common-workflow-language/toil5.6.0/lib/python3.10/site-packages/toil/cwl/cwltoil.py&quot;, line 3389, in main
    fill_in_defaults(tool.tool[&quot;inputs&quot;], initialized_job_order, fs_access)
  File &quot;/home/michael/common-workflow-language/toil5.6.0/lib/python3.10/site-packages/cwltool/process.py&quot;, line 447, in fill_in_defaults
    with SourceLine(inputs, e, WorkflowException, debug):
  File &quot;schema_salad/sourceline.py&quot;, line 256, in __exit__
cwltool.errors.WorkflowException: tests/null-expression2-tool.cwl:9:3: Missing required input parameter 'i1'
</system-err>
		</testcase>
		<testcase name="Testing the string 'null' does not trip up an Any without a default value." time="4.911927" class="inline_javascript, expression_tool" file="expression_any_nullstring_nodefaultany" url="cwltest:conformance_tests#19">
			<system-out>{
    &quot;output&quot;: 2
}</system-out>
			<system-err>[2022-05-12T15:10:31+0200] [MainThread] [I] [cwltool] Resolved 'tests/null-expression2-tool.cwl' to 'file:///home/michael/cwl-v1.1/tests/null-expression2-tool.cwl'
[2022-05-12T15:10:33+0200] [MainThread] [I] [toil.job] Saving graph of 1 jobs, 1 new
[2022-05-12T15:10:33+0200] [MainThread] [I] [toil.job] Processing job 'CWLJob' null-expression2-tool.cwl kind-CWLJob/instance-a80qrcrz v0
[2022-05-12T15:10:33+0200] [MainThread] [I] [toil] Running Toil version 5.6.0-c34146a6437e4407a61e946e968bcce67a0ebbca on host mrc-tux.
[2022-05-12T15:10:33+0200] [MainThread] [I] [toil.leader] Issued job 'CWLJob' null-expression2-tool.cwl kind-CWLJob/instance-a80qrcrz v1 with job batch system ID: 0 and cores: 1, disk: 3.0 Gi, and memory: 2.0 Gi
[2022-05-12T15:10:34+0200] [MainThread] [I] [toil.worker] Redirecting logging to /tmp/cfa10768f36956669f66ad57bda21a37/37e0/worker_log.txt
[2022-05-12T15:10:34+0200] [MainThread] [I] [toil.leader] 0 jobs are running, 0 jobs are issued and waiting to run
[2022-05-12T15:10:35+0200] [MainThread] [I] [toil.leader] Finished toil run successfully.
[2022-05-12T15:10:35+0200] [MainThread] [I] [toil.common] Successfully deleted the job store: FileJobStore(/tmp/tmpd5v67xyl)
</system-err>
		</testcase>
		<testcase name="Testing Any type compatibility in outputSource" time="4.715546" class="required, workflow" file="any_outputSource_compatibility" url="cwltest:conformance_tests#20">
			<system-out>{
    &quot;output1&quot;: [
        &quot;hello&quot;,
        &quot;world&quot;
    ],
    &quot;output2&quot;: [
        &quot;foo&quot;,
        &quot;bar&quot;
    ],
    &quot;output3&quot;: &quot;hello&quot;
}</system-out>
			<system-err>[2022-05-12T15:10:31+0200] [MainThread] [I] [cwltool] Resolved 'tests/any-type-compat.cwl' to 'file:///home/michael/cwl-v1.1/tests/any-type-compat.cwl'
[2022-05-12T15:10:33+0200] [MainThread] [I] [toil.job] Saving graph of 2 jobs, 2 new
[2022-05-12T15:10:33+0200] [MainThread] [I] [toil.job] Processing job 'ResolveIndirect' kind-ResolveIndirect/instance-8_7snuru v0
[2022-05-12T15:10:33+0200] [MainThread] [I] [toil.job] Processing job 'CWLWorkflow' kind-CWLWorkflow/instance-y9yybrvo v0
[2022-05-12T15:10:33+0200] [MainThread] [I] [toil] Running Toil version 5.6.0-c34146a6437e4407a61e946e968bcce67a0ebbca on host mrc-tux.
[2022-05-12T15:10:34+0200] [MainThread] [I] [toil.worker] Redirecting logging to /tmp/766dee98c1765d1398481c552ef072ef/dac6/worker_log.txt
[2022-05-12T15:10:34+0200] [MainThread] [I] [toil.leader] 0 jobs are running, 0 jobs are issued and waiting to run
[2022-05-12T15:10:35+0200] [MainThread] [I] [toil.leader] Finished toil run successfully.
[2022-05-12T15:10:35+0200] [MainThread] [I] [toil.common] Successfully deleted the job store: FileJobStore(/tmp/tmp_hn2k3w4)
</system-err>
		</testcase>
		<testcase name="Test command execution in with stdin and stdout redirection" time="4.484178" class="required, command_line_tool" file="stdinout_redirect" url="cwltest:conformance_tests#21">
			<system-out>{
    &quot;output&quot;: {
        &quot;location&quot;: &quot;file:///tmp/tmpdxvimilg/output&quot;,
        &quot;basename&quot;: &quot;output&quot;,
        &quot;nameroot&quot;: &quot;output&quot;,
        &quot;nameext&quot;: &quot;&quot;,
        &quot;class&quot;: &quot;File&quot;,
        &quot;checksum&quot;: &quot;sha1$47a013e660d408619d894b20806b1d5086aab03b&quot;,
        &quot;size&quot;: 13
    }
}</system-out>
			<system-err>[2022-05-12T15:10:32+0200] [MainThread] [I] [cwltool] Resolved 'tests/cat-tool.cwl' to 'file:///home/michael/cwl-v1.1/tests/cat-tool.cwl'
[2022-05-12T15:10:34+0200] [MainThread] [I] [toil.job] Saving graph of 1 jobs, 1 new
[2022-05-12T15:10:34+0200] [MainThread] [I] [toil.job] Processing job 'CWLJob' cat-tool.cwl kind-CWLJob/instance-ic54y67a v0
[2022-05-12T15:10:34+0200] [MainThread] [I] [toil] Running Toil version 5.6.0-c34146a6437e4407a61e946e968bcce67a0ebbca on host mrc-tux.
[2022-05-12T15:10:34+0200] [MainThread] [I] [toil.leader] Issued job 'CWLJob' cat-tool.cwl kind-CWLJob/instance-ic54y67a v1 with job batch system ID: 0 and cores: 1, disk: 3.0 Gi, and memory: 2.0 Gi
[2022-05-12T15:10:34+0200] [MainThread] [I] [toil.worker] Redirecting logging to /tmp/a7a2e740b5675b2b84c994c8e1b4c416/6ba4/worker_log.txt
[2022-05-12T15:10:35+0200] [MainThread] [I] [toil.leader] 0 jobs are running, 0 jobs are issued and waiting to run
[2022-05-12T15:10:36+0200] [MainThread] [I] [toil.leader] Finished toil run successfully.
[2022-05-12T15:10:36+0200] [MainThread] [I] [toil.common] Successfully deleted the job store: FileJobStore(/tmp/tmpe1hmf1l6)
</system-err>
		</testcase>
		<testcase name="Test ExpressionTool with Javascript engine" time="4.661274" class="inline_javascript, expression_tool" file="expression_parseint" url="cwltest:conformance_tests#22">
			<system-out>{
    &quot;output&quot;: 42
}</system-out>
			<system-err>[2022-05-12T15:10:33+0200] [MainThread] [I] [cwltool] Resolved 'tests/parseInt-tool.cwl' to 'file:///home/michael/cwl-v1.1/tests/parseInt-tool.cwl'
[2022-05-12T15:10:35+0200] [MainThread] [I] [toil.job] Saving graph of 1 jobs, 1 new
[2022-05-12T15:10:35+0200] [MainThread] [I] [toil.job] Processing job 'CWLJob' parseInt-tool.cwl kind-CWLJob/instance-1sygq0j1 v0
[2022-05-12T15:10:35+0200] [MainThread] [I] [toil] Running Toil version 5.6.0-c34146a6437e4407a61e946e968bcce67a0ebbca on host mrc-tux.
[2022-05-12T15:10:35+0200] [MainThread] [I] [toil.leader] Issued job 'CWLJob' parseInt-tool.cwl kind-CWLJob/instance-1sygq0j1 v1 with job batch system ID: 0 and cores: 1, disk: 3.0 Gi, and memory: 2.0 Gi
[2022-05-12T15:10:35+0200] [MainThread] [I] [toil.worker] Redirecting logging to /tmp/9ba90db0c0e25b87b5effa8daea69d30/6a87/worker_log.txt
[2022-05-12T15:10:36+0200] [MainThread] [I] [toil.leader] 0 jobs are running, 0 jobs are issued and waiting to run
[2022-05-12T15:10:37+0200] [MainThread] [I] [toil.leader] Finished toil run successfully.
[2022-05-12T15:10:37+0200] [MainThread] [I] [toil.common] Successfully deleted the job store: FileJobStore(/tmp/tmpnatd962k)
</system-err>
		</testcase>
		<testcase name="Test outputEval to transform output" time="4.604894" class="inline_javascript, command_line_tool" file="expression_outputEval" url="cwltest:conformance_tests#23">
			<system-out>{
    &quot;output&quot;: 16
}</system-out>
			<system-err>[2022-05-12T15:10:36+0200] [MainThread] [I] [cwltool] Resolved 'tests/wc2-tool.cwl' to 'file:///home/michael/cwl-v1.1/tests/wc2-tool.cwl'
[2022-05-12T15:10:38+0200] [MainThread] [I] [toil.job] Saving graph of 1 jobs, 1 new
[2022-05-12T15:10:38+0200] [MainThread] [I] [toil.job] Processing job 'CWLJob' wc2-tool.cwl kind-CWLJob/instance-kgy9467v v0
[2022-05-12T15:10:38+0200] [MainThread] [I] [toil] Running Toil version 5.6.0-c34146a6437e4407a61e946e968bcce67a0ebbca on host mrc-tux.
[2022-05-12T15:10:38+0200] [MainThread] [I] [toil.leader] Issued job 'CWLJob' wc2-tool.cwl kind-CWLJob/instance-kgy9467v v1 with job batch system ID: 0 and cores: 1, disk: 3.0 Gi, and memory: 2.0 Gi
[2022-05-12T15:10:38+0200] [MainThread] [I] [toil.worker] Redirecting logging to /tmp/00c4411ee2e055d8aea340600a4b2cc9/664f/worker_log.txt
[2022-05-12T15:10:39+0200] [MainThread] [I] [toil.leader] 0 jobs are running, 0 jobs are issued and waiting to run
[2022-05-12T15:10:40+0200] [MainThread] [I] [toil.leader] Finished toil run successfully.
[2022-05-12T15:10:40+0200] [MainThread] [I] [toil.common] Successfully deleted the job store: FileJobStore(/tmp/tmp6z2a00hv)
</system-err>
		</testcase>
		<testcase name="Test two step workflow with imported tools" time="8.141678" class="inline_javascript, workflow" file="wf_wc_parseInt" url="cwltest:conformance_tests#24">
			<system-out>{
    &quot;count_output&quot;: 16
}</system-out>
			<system-err>[2022-05-12T15:10:36+0200] [MainThread] [I] [cwltool] Resolved 'tests/count-lines1-wf.cwl' to 'file:///home/michael/cwl-v1.1/tests/count-lines1-wf.cwl'
[2022-05-12T15:10:39+0200] [MainThread] [I] [toil.job] Saving graph of 2 jobs, 2 new
[2022-05-12T15:10:39+0200] [MainThread] [I] [toil.job] Processing job 'ResolveIndirect' kind-ResolveIndirect/instance-xvrfpriy v0
[2022-05-12T15:10:39+0200] [MainThread] [I] [toil.job] Processing job 'CWLWorkflow' kind-CWLWorkflow/instance-588m9ixl v0
[2022-05-12T15:10:39+0200] [MainThread] [I] [toil] Running Toil version 5.6.0-c34146a6437e4407a61e946e968bcce67a0ebbca on host mrc-tux.
[2022-05-12T15:10:40+0200] [MainThread] [I] [toil.worker] Redirecting logging to /tmp/39480bdd7f1a5816b1e158156ad70835/ea3c/worker_log.txt
[2022-05-12T15:10:40+0200] [MainThread] [I] [toil.leader] 0 jobs are running, 0 jobs are issued and waiting to run
[2022-05-12T15:10:40+0200] [MainThread] [I] [toil.leader] Issued job 'CWLJob' count-lines1-wf.cwl.step1.wc-tool.cwl kind-CWLJob/instance-x4fjhnuv v1 with job batch system ID: 1 and cores: 1, disk: 3.0 Gi, and memory: 2.0 Gi
[2022-05-12T15:10:40+0200] [MainThread] [I] [toil.worker] Redirecting logging to /tmp/39480bdd7f1a5816b1e158156ad70835/e6b5/worker_log.txt
[2022-05-12T15:10:41+0200] [MainThread] [I] [toil.worker] Redirecting logging to /tmp/39480bdd7f1a5816b1e158156ad70835/fc15/worker_log.txt
[2022-05-12T15:10:42+0200] [MainThread] [I] [toil.worker] Redirecting logging to /tmp/39480bdd7f1a5816b1e158156ad70835/0543/worker_log.txt
[2022-05-12T15:10:44+0200] [MainThread] [I] [toil.leader] Finished toil run successfully.
[2022-05-12T15:10:44+0200] [MainThread] [I] [toil.common] Successfully deleted the job store: FileJobStore(/tmp/tmp1ed3yjla)
</system-err>
		</testcase>
		<testcase name="Test two step workflow with inline tools" time="7.879054" class="inline_javascript, workflow" file="wf_wc_expressiontool" url="cwltest:conformance_tests#25">
			<system-out>{
    &quot;count_output&quot;: 16
}</system-out>
			<system-err>[2022-05-12T15:10:37+0200] [MainThread] [I] [cwltool] Resolved 'tests/count-lines2-wf.cwl' to 'file:///home/michael/cwl-v1.1/tests/count-lines2-wf.cwl'
[2022-05-12T15:10:40+0200] [MainThread] [I] [toil.job] Saving graph of 2 jobs, 2 new
[2022-05-12T15:10:40+0200] [MainThread] [I] [toil.job] Processing job 'ResolveIndirect' kind-ResolveIndirect/instance-iwv4csai v0
[2022-05-12T15:10:40+0200] [MainThread] [I] [toil.job] Processing job 'CWLWorkflow' kind-CWLWorkflow/instance-tcbm9nfz v0
[2022-05-12T15:10:40+0200] [MainThread] [I] [toil] Running Toil version 5.6.0-c34146a6437e4407a61e946e968bcce67a0ebbca on host mrc-tux.
[2022-05-12T15:10:40+0200] [MainThread] [I] [toil.worker] Redirecting logging to /tmp/ed34f3f5bfd55e488e8e40eeba0c7f2b/0c03/worker_log.txt
[2022-05-12T15:10:41+0200] [MainThread] [I] [toil.leader] 0 jobs are running, 0 jobs are issued and waiting to run
[2022-05-12T15:10:41+0200] [MainThread] [I] [toil.leader] Issued job 'CWLJob' count-lines2-wf.cwl.step1.wc kind-CWLJob/instance-aj9iysy_ v1 with job batch system ID: 1 and cores: 1, disk: 3.0 Gi, and memory: 2.0 Gi
[2022-05-12T15:10:41+0200] [MainThread] [I] [toil.worker] Redirecting logging to /tmp/ed34f3f5bfd55e488e8e40eeba0c7f2b/13d8/worker_log.txt
[2022-05-12T15:10:42+0200] [MainThread] [I] [toil.worker] Redirecting logging to /tmp/ed34f3f5bfd55e488e8e40eeba0c7f2b/18c5/worker_log.txt
[2022-05-12T15:10:43+0200] [MainThread] [I] [toil.worker] Redirecting logging to /tmp/ed34f3f5bfd55e488e8e40eeba0c7f2b/9969/worker_log.txt
[2022-05-12T15:10:44+0200] [MainThread] [I] [toil.leader] Finished toil run successfully.
[2022-05-12T15:10:44+0200] [MainThread] [I] [toil.common] Successfully deleted the job store: FileJobStore(/tmp/tmpb1mtq34l)
</system-err>
		</testcase>
		<testcase name="Test single step workflow with Scatter step" time="9.425676" class="scatter, inline_javascript, workflow" file="wf_wc_scatter" url="cwltest:conformance_tests#26">
			<system-out>{
    &quot;count_output&quot;: [
        16,
        1
    ]
}</system-out>
			<system-err>[2022-05-12T15:10:38+0200] [MainThread] [I] [cwltool] Resolved 'tests/count-lines3-wf.cwl' to 'file:///home/michael/cwl-v1.1/tests/count-lines3-wf.cwl'
[2022-05-12T15:10:40+0200] [MainThread] [I] [toil.job] Saving graph of 2 jobs, 2 new
[2022-05-12T15:10:40+0200] [MainThread] [I] [toil.job] Processing job 'ResolveIndirect' kind-ResolveIndirect/instance-abirxds8 v0
[2022-05-12T15:10:40+0200] [MainThread] [I] [toil.job] Processing job 'CWLWorkflow' kind-CWLWorkflow/instance-ve8_0z5m v0
[2022-05-12T15:10:40+0200] [MainThread] [I] [toil] Running Toil version 5.6.0-c34146a6437e4407a61e946e968bcce67a0ebbca on host mrc-tux.
[2022-05-12T15:10:41+0200] [MainThread] [I] [toil.worker] Redirecting logging to /tmp/7eb46fb80c645952b0af64e08b912bb8/36a3/worker_log.txt
[2022-05-12T15:10:41+0200] [MainThread] [I] [toil.leader] 0 jobs are running, 0 jobs are issued and waiting to run
[2022-05-12T15:10:41+0200] [MainThread] [I] [toil.worker] Redirecting logging to /tmp/7eb46fb80c645952b0af64e08b912bb8/4cd4/worker_log.txt
[2022-05-12T15:10:42+0200] [MainThread] [I] [toil.leader] Issued job 'CWLJob' count-lines3-wf.cwl[1].wc2-tool.cwl kind-CWLJob/instance-j8tef05t v1 with job batch system ID: 2 and cores: 1, disk: 3.0 Gi, and memory: 2.0 Gi
[2022-05-12T15:10:42+0200] [MainThread] [I] [toil.leader] Issued job 'CWLJob' count-lines3-wf.cwl[0].wc2-tool.cwl kind-CWLJob/instance-t6fs7yh9 v1 with job batch system ID: 3 and cores: 1, disk: 3.0 Gi, and memory: 2.0 Gi
[2022-05-12T15:10:42+0200] [MainThread] [I] [toil.worker] Redirecting logging to /tmp/7eb46fb80c645952b0af64e08b912bb8/fd10/worker_log.txt
[2022-05-12T15:10:42+0200] [MainThread] [I] [toil.worker] Redirecting logging to /tmp/7eb46fb80c645952b0af64e08b912bb8/fc15/worker_log.txt
[2022-05-12T15:10:43+0200] [MainThread] [I] [toil.worker] Redirecting logging to /tmp/7eb46fb80c645952b0af64e08b912bb8/fee5/worker_log.txt
[2022-05-12T15:10:44+0200] [MainThread] [I] [toil.worker] Redirecting logging to /tmp/7eb46fb80c645952b0af64e08b912bb8/b819/worker_log.txt
[2022-05-12T15:10:44+0200] [MainThread] [I] [toil.worker] Redirecting logging to /tmp/7eb46fb80c645952b0af64e08b912bb8/c70a/worker_log.txt
[2022-05-12T15:10:45+0200] [MainThread] [I] [toil.worker] Redirecting logging to /tmp/7eb46fb80c645952b0af64e08b912bb8/52fa/worker_log.txt
[2022-05-12T15:10:46+0200] [MainThread] [I] [toil.leader] Finished toil run successfully.
[2022-05-12T15:10:46+0200] [MainThread] [I] [toil.common] Successfully deleted the job store: FileJobStore(/tmp/tmp3k1zhxe_)
</system-err>
		</testcase>
		<testcase name="Test single step workflow with Scatter step and two data links connected to same input, default merge behavior" time="9.762475" class="scatter, multiple_input, inline_javascript, workflow" file="wf_wc_scatter_multiple_merge" url="cwltest:conformance_tests#27">
			<system-out>{
    &quot;count_output&quot;: [
        16,
        1
    ]
}</system-out>
			<system-err>[2022-05-12T15:10:40+0200] [MainThread] [I] [cwltool] Resolved 'tests/count-lines4-wf.cwl' to 'file:///home/michael/cwl-v1.1/tests/count-lines4-wf.cwl'
[2022-05-12T15:10:43+0200] [MainThread] [I] [toil.job] Saving graph of 2 jobs, 2 new
[2022-05-12T15:10:43+0200] [MainThread] [I] [toil.job] Processing job 'ResolveIndirect' kind-ResolveIndirect/instance-w18e9oje v0
[2022-05-12T15:10:43+0200] [MainThread] [I] [toil.job] Processing job 'CWLWorkflow' kind-CWLWorkflow/instance-ak2k_3mc v0
[2022-05-12T15:10:44+0200] [MainThread] [I] [toil] Running Toil version 5.6.0-c34146a6437e4407a61e946e968bcce67a0ebbca on host mrc-tux.
[2022-05-12T15:10:44+0200] [MainThread] [I] [toil.worker] Redirecting logging to /tmp/f21366999f8c5239b55dbd642865d0f9/7796/worker_log.txt
[2022-05-12T15:10:44+0200] [MainThread] [I] [toil.leader] 0 jobs are running, 0 jobs are issued and waiting to run
[2022-05-12T15:10:44+0200] [MainThread] [I] [toil.worker] Redirecting logging to /tmp/f21366999f8c5239b55dbd642865d0f9/3f34/worker_log.txt
[2022-05-12T15:10:45+0200] [MainThread] [I] [toil.leader] Issued job 'CWLJob' count-lines4-wf.cwl[1].wc2-tool.cwl kind-CWLJob/instance-9n4zks47 v1 with job batch system ID: 2 and cores: 1, disk: 3.0 Gi, and memory: 2.0 Gi
[2022-05-12T15:10:45+0200] [MainThread] [I] [toil.leader] Issued job 'CWLJob' count-lines4-wf.cwl[0].wc2-tool.cwl kind-CWLJob/instance-lx15o2ng v1 with job batch system ID: 3 and cores: 1, disk: 3.0 Gi, and memory: 2.0 Gi
[2022-05-12T15:10:45+0200] [MainThread] [I] [toil.worker] Redirecting logging to /tmp/f21366999f8c5239b55dbd642865d0f9/b375/worker_log.txt
[2022-05-12T15:10:45+0200] [MainThread] [I] [toil.worker] Redirecting logging to /tmp/f21366999f8c5239b55dbd642865d0f9/db81/worker_log.txt
[2022-05-12T15:10:46+0200] [MainThread] [I] [toil.worker] Redirecting logging to /tmp/f21366999f8c5239b55dbd642865d0f9/54f5/worker_log.txt
[2022-05-12T15:10:47+0200] [MainThread] [I] [toil.worker] Redirecting logging to /tmp/f21366999f8c5239b55dbd642865d0f9/c79d/worker_log.txt
[2022-05-12T15:10:48+0200] [MainThread] [I] [toil.worker] Redirecting logging to /tmp/f21366999f8c5239b55dbd642865d0f9/d8ff/worker_log.txt
[2022-05-12T15:10:48+0200] [MainThread] [I] [toil.worker] Redirecting logging to /tmp/f21366999f8c5239b55dbd642865d0f9/7d1d/worker_log.txt
[2022-05-12T15:10:50+0200] [MainThread] [I] [toil.leader] Finished toil run successfully.
[2022-05-12T15:10:50+0200] [MainThread] [I] [toil.common] Successfully deleted the job store: FileJobStore(/tmp/tmp1h58g09_)
</system-err>
		</testcase>
		<testcase name="Test single step workflow with Scatter step and two data links connected to same input, nested merge behavior" time="9.823060" class="scatter, multiple_input, inline_javascript, workflow" file="wf_wc_scatter_multiple_nested" url="cwltest:conformance_tests#28">
			<system-out>{
    &quot;count_output&quot;: [
        32,
        2
    ]
}</system-out>
			<system-err>[2022-05-12T15:10:44+0200] [MainThread] [I] [cwltool] Resolved 'tests/count-lines6-wf.cwl' to 'file:///home/michael/cwl-v1.1/tests/count-lines6-wf.cwl'
[2022-05-12T15:10:47+0200] [MainThread] [I] [toil.job] Saving graph of 2 jobs, 2 new
[2022-05-12T15:10:47+0200] [MainThread] [I] [toil.job] Processing job 'ResolveIndirect' kind-ResolveIndirect/instance-nnt3o4f0 v0
[2022-05-12T15:10:47+0200] [MainThread] [I] [toil.job] Processing job 'CWLWorkflow' kind-CWLWorkflow/instance-lpwl33m7 v0
[2022-05-12T15:10:47+0200] [MainThread] [I] [toil] Running Toil version 5.6.0-c34146a6437e4407a61e946e968bcce67a0ebbca on host mrc-tux.
[2022-05-12T15:10:48+0200] [MainThread] [I] [toil.worker] Redirecting logging to /tmp/7654eb31499859f7b8452d5111aef75f/4166/worker_log.txt
[2022-05-12T15:10:48+0200] [MainThread] [I] [toil.leader] 0 jobs are running, 0 jobs are issued and waiting to run
[2022-05-12T15:10:48+0200] [MainThread] [I] [toil.worker] Redirecting logging to /tmp/7654eb31499859f7b8452d5111aef75f/1abb/worker_log.txt
[2022-05-12T15:10:49+0200] [MainThread] [I] [toil.leader] Issued job 'CWLJob' count-lines6-wf.cwl[1].wc3-tool.cwl kind-CWLJob/instance-e7jb254k v1 with job batch system ID: 2 and cores: 1, disk: 3.0 Gi, and memory: 2.0 Gi
[2022-05-12T15:10:49+0200] [MainThread] [I] [toil.leader] Issued job 'CWLJob' count-lines6-wf.cwl[0].wc3-tool.cwl kind-CWLJob/instance-lczbw3aw v1 with job batch system ID: 3 and cores: 1, disk: 3.0 Gi, and memory: 2.0 Gi
[2022-05-12T15:10:49+0200] [MainThread] [I] [toil.worker] Redirecting logging to /tmp/7654eb31499859f7b8452d5111aef75f/bd2a/worker_log.txt
[2022-05-12T15:10:49+0200] [MainThread] [I] [toil.worker] Redirecting logging to /tmp/7654eb31499859f7b8452d5111aef75f/c6de/worker_log.txt
[2022-05-12T15:10:50+0200] [MainThread] [I] [toil.worker] Redirecting logging to /tmp/7654eb31499859f7b8452d5111aef75f/6165/worker_log.txt
[2022-05-12T15:10:51+0200] [MainThread] [I] [toil.worker] Redirecting logging to /tmp/7654eb31499859f7b8452d5111aef75f/6004/worker_log.txt
[2022-05-12T15:10:51+0200] [MainThread] [I] [toil.worker] Redirecting logging to /tmp/7654eb31499859f7b8452d5111aef75f/3c0c/worker_log.txt
[2022-05-12T15:10:52+0200] [MainThread] [I] [toil.worker] Redirecting logging to /tmp/7654eb31499859f7b8452d5111aef75f/fe17/worker_log.txt
[2022-05-12T15:10:53+0200] [MainThread] [I] [toil.leader] Finished toil run successfully.
[2022-05-12T15:10:53+0200] [MainThread] [I] [toil.common] Successfully deleted the job store: FileJobStore(/tmp/tmphqe7r3ei)
</system-err>
		</testcase>
		<testcase name="Test single step workflow with Scatter step and two data links connected to same input, flattened merge behavior" time="7.620610" class="multiple_input, inline_javascript, workflow" file="wf_wc_scatter_multiple_flattened" url="cwltest:conformance_tests#29">
			<system-out>{
    &quot;count_output&quot;: 34
}</system-out>
			<system-err>[2022-05-12T15:10:45+0200] [MainThread] [I] [cwltool] Resolved 'tests/count-lines7-wf.cwl' to 'file:///home/michael/cwl-v1.1/tests/count-lines7-wf.cwl'
[2022-05-12T15:10:48+0200] [MainThread] [I] [toil.job] Saving graph of 2 jobs, 2 new
[2022-05-12T15:10:48+0200] [MainThread] [I] [toil.job] Processing job 'ResolveIndirect' kind-ResolveIndirect/instance-qmyk1g7l v0
[2022-05-12T15:10:48+0200] [MainThread] [I] [toil.job] Processing job 'CWLWorkflow' kind-CWLWorkflow/instance-mtocun1h v0
[2022-05-12T15:10:48+0200] [MainThread] [I] [toil] Running Toil version 5.6.0-c34146a6437e4407a61e946e968bcce67a0ebbca on host mrc-tux.
[2022-05-12T15:10:48+0200] [MainThread] [I] [toil.worker] Redirecting logging to /tmp/bd9a0afbdc5658618636592fddf61258/e54d/worker_log.txt
[2022-05-12T15:10:48+0200] [MainThread] [I] [toil.leader] 0 jobs are running, 0 jobs are issued and waiting to run
[2022-05-12T15:10:48+0200] [MainThread] [I] [toil.leader] Issued job 'CWLJob' count-lines7-wf.cwl.step1.wc3-tool.cwl kind-CWLJob/instance-zv2eobcq v1 with job batch system ID: 1 and cores: 1, disk: 3.0 Gi, and memory: 2.0 Gi
[2022-05-12T15:10:49+0200] [MainThread] [I] [toil.worker] Redirecting logging to /tmp/bd9a0afbdc5658618636592fddf61258/dff5/worker_log.txt
[2022-05-12T15:10:50+0200] [MainThread] [I] [toil.worker] Redirecting logging to /tmp/bd9a0afbdc5658618636592fddf61258/b2e6/worker_log.txt
[2022-05-12T15:10:50+0200] [MainThread] [I] [toil.worker] Redirecting logging to /tmp/bd9a0afbdc5658618636592fddf61258/6b74/worker_log.txt
[2022-05-12T15:10:52+0200] [MainThread] [I] [toil.leader] Finished toil run successfully.
[2022-05-12T15:10:52+0200] [MainThread] [I] [toil.common] Successfully deleted the job store: FileJobStore(/tmp/tmp1vf7yxcl)
</system-err>
		</testcase>
		<testcase name="Test that no MultipleInputFeatureRequirement is necessary when workflow step source is a single-item list" time="7.777801" class="inline_javascript, workflow" file="wf_wc_nomultiple" url="cwltest:conformance_tests#30">
			<system-out>{
    &quot;count_output&quot;: 32
}</system-out>
			<system-err>[2022-05-12T15:10:47+0200] [MainThread] [I] [cwltool] Resolved 'tests/count-lines13-wf.cwl' to 'file:///home/michael/cwl-v1.1/tests/count-lines13-wf.cwl'
[2022-05-12T15:10:50+0200] [MainThread] [I] [toil.job] Saving graph of 2 jobs, 2 new
[2022-05-12T15:10:50+0200] [MainThread] [I] [toil.job] Processing job 'ResolveIndirect' kind-ResolveIndirect/instance-aylj43zp v0
[2022-05-12T15:10:50+0200] [MainThread] [I] [toil.job] Processing job 'CWLWorkflow' kind-CWLWorkflow/instance-sxa7vyqi v0
[2022-05-12T15:10:50+0200] [MainThread] [I] [toil] Running Toil version 5.6.0-c34146a6437e4407a61e946e968bcce67a0ebbca on host mrc-tux.
[2022-05-12T15:10:50+0200] [MainThread] [I] [toil.worker] Redirecting logging to /tmp/e396e355fcc4567da96b5b961e0f8eeb/7958/worker_log.txt
[2022-05-12T15:10:51+0200] [MainThread] [I] [toil.leader] 0 jobs are running, 0 jobs are issued and waiting to run
[2022-05-12T15:10:51+0200] [MainThread] [I] [toil.leader] Issued job 'CWLJob' count-lines13-wf.cwl.step1.wc3-tool.cwl kind-CWLJob/instance-dk06mrv0 v1 with job batch system ID: 1 and cores: 1, disk: 3.0 Gi, and memory: 2.0 Gi
[2022-05-12T15:10:51+0200] [MainThread] [I] [toil.worker] Redirecting logging to /tmp/e396e355fcc4567da96b5b961e0f8eeb/368c/worker_log.txt
[2022-05-12T15:10:52+0200] [MainThread] [I] [toil.worker] Redirecting logging to /tmp/e396e355fcc4567da96b5b961e0f8eeb/ce7d/worker_log.txt
[2022-05-12T15:10:52+0200] [MainThread] [I] [toil.worker] Redirecting logging to /tmp/e396e355fcc4567da96b5b961e0f8eeb/bb6d/worker_log.txt
[2022-05-12T15:10:54+0200] [MainThread] [I] [toil.leader] Finished toil run successfully.
[2022-05-12T15:10:54+0200] [MainThread] [I] [toil.common] Successfully deleted the job store: FileJobStore(/tmp/tmpu8w199g7)
</system-err>
		</testcase>
		<testcase name="Test workflow with default value for input parameter (missing)" time="7.311428" class="inline_javascript, workflow" file="wf_input_default_missing" url="cwltest:conformance_tests#31">
			<system-out>{
    &quot;count_output&quot;: 1
}</system-out>
			<system-err>[2022-05-12T15:10:50+0200] [MainThread] [I] [cwltool] Resolved 'tests/count-lines5-wf.cwl' to 'file:///home/michael/cwl-v1.1/tests/count-lines5-wf.cwl'
[2022-05-12T15:10:53+0200] [MainThread] [I] [toil.job] Saving graph of 2 jobs, 2 new
[2022-05-12T15:10:53+0200] [MainThread] [I] [toil.job] Processing job 'ResolveIndirect' kind-ResolveIndirect/instance-th9xhqrc v0
[2022-05-12T15:10:53+0200] [MainThread] [I] [toil.job] Processing job 'CWLWorkflow' kind-CWLWorkflow/instance-eluccxh3 v0
[2022-05-12T15:10:53+0200] [MainThread] [I] [toil] Running Toil version 5.6.0-c34146a6437e4407a61e946e968bcce67a0ebbca on host mrc-tux.
[2022-05-12T15:10:53+0200] [MainThread] [I] [toil.worker] Redirecting logging to /tmp/250b29152d805e7d8293dac9aaf5698b/8a58/worker_log.txt
[2022-05-12T15:10:53+0200] [MainThread] [I] [toil.leader] 0 jobs are running, 0 jobs are issued and waiting to run
[2022-05-12T15:10:53+0200] [MainThread] [I] [toil.leader] Issued job 'CWLJob' count-lines5-wf.cwl.step1.wc2-tool.cwl kind-CWLJob/instance-ks6ylruw v1 with job batch system ID: 1 and cores: 1, disk: 3.0 Gi, and memory: 2.0 Gi
[2022-05-12T15:10:54+0200] [MainThread] [I] [toil.worker] Redirecting logging to /tmp/250b29152d805e7d8293dac9aaf5698b/27b0/worker_log.txt
[2022-05-12T15:10:55+0200] [MainThread] [I] [toil.worker] Redirecting logging to /tmp/250b29152d805e7d8293dac9aaf5698b/2714/worker_log.txt
[2022-05-12T15:10:55+0200] [MainThread] [I] [toil.worker] Redirecting logging to /tmp/250b29152d805e7d8293dac9aaf5698b/7f61/worker_log.txt
[2022-05-12T15:10:57+0200] [MainThread] [I] [toil.leader] Finished toil run successfully.
[2022-05-12T15:10:57+0200] [MainThread] [I] [toil.common] Successfully deleted the job store: FileJobStore(/tmp/tmpoahr7th0)
</system-err>
		</testcase>
		<testcase name="Test workflow with default value for input parameter (provided)" time="7.601420" class="inline_javascript, workflow" file="wf_input_default_provided" url="cwltest:conformance_tests#32">
			<system-out>{
    &quot;count_output&quot;: 16
}</system-out>
			<system-err>[2022-05-12T15:10:52+0200] [MainThread] [I] [cwltool] Resolved 'tests/count-lines5-wf.cwl' to 'file:///home/michael/cwl-v1.1/tests/count-lines5-wf.cwl'
[2022-05-12T15:10:55+0200] [MainThread] [I] [toil.job] Saving graph of 2 jobs, 2 new
[2022-05-12T15:10:55+0200] [MainThread] [I] [toil.job] Processing job 'ResolveIndirect' kind-ResolveIndirect/instance-t1ugxswp v0
[2022-05-12T15:10:55+0200] [MainThread] [I] [toil.job] Processing job 'CWLWorkflow' kind-CWLWorkflow/instance-vxos5y08 v0
[2022-05-12T15:10:55+0200] [MainThread] [I] [toil] Running Toil version 5.6.0-c34146a6437e4407a61e946e968bcce67a0ebbca on host mrc-tux.
[2022-05-12T15:10:56+0200] [MainThread] [I] [toil.worker] Redirecting logging to /tmp/c5adbd28c49d50e8ba93f67bcf4ca4a8/7ae8/worker_log.txt
[2022-05-12T15:10:56+0200] [MainThread] [I] [toil.leader] 0 jobs are running, 0 jobs are issued and waiting to run
[2022-05-12T15:10:56+0200] [MainThread] [I] [toil.leader] Issued job 'CWLJob' count-lines5-wf.cwl.step1.wc2-tool.cwl kind-CWLJob/instance-o4lyutqk v1 with job batch system ID: 1 and cores: 1, disk: 3.0 Gi, and memory: 2.0 Gi
[2022-05-12T15:10:56+0200] [MainThread] [I] [toil.worker] Redirecting logging to /tmp/c5adbd28c49d50e8ba93f67bcf4ca4a8/9851/worker_log.txt
[2022-05-12T15:10:57+0200] [MainThread] [I] [toil.worker] Redirecting logging to /tmp/c5adbd28c49d50e8ba93f67bcf4ca4a8/3ebe/worker_log.txt
[2022-05-12T15:10:58+0200] [MainThread] [I] [toil.worker] Redirecting logging to /tmp/c5adbd28c49d50e8ba93f67bcf4ca4a8/81f8/worker_log.txt
[2022-05-12T15:10:59+0200] [MainThread] [I] [toil.leader] Finished toil run successfully.
[2022-05-12T15:10:59+0200] [MainThread] [I] [toil.common] Successfully deleted the job store: FileJobStore(/tmp/tmpmzlrd_sj)
</system-err>
		</testcase>
		<testcase name="Test that workflow defaults override tool defaults" time="7.498123" class="required, workflow" file="wf_default_tool_default" url="cwltest:conformance_tests#33">
			<system-out>{
    &quot;default_output&quot;: &quot;workflow_default&quot;
}</system-out>
			<system-err>[2022-05-12T15:10:54+0200] [MainThread] [I] [cwltool] Resolved 'tests/echo-wf-default.cwl' to 'file:///home/michael/cwl-v1.1/tests/echo-wf-default.cwl'
[2022-05-12T15:10:57+0200] [MainThread] [I] [toil.job] Saving graph of 2 jobs, 2 new
[2022-05-12T15:10:57+0200] [MainThread] [I] [toil.job] Processing job 'ResolveIndirect' kind-ResolveIndirect/instance-1cz59jk8 v0
[2022-05-12T15:10:57+0200] [MainThread] [I] [toil.job] Processing job 'CWLWorkflow' kind-CWLWorkflow/instance-3v2egpcf v0
[2022-05-12T15:10:57+0200] [MainThread] [I] [toil] Running Toil version 5.6.0-c34146a6437e4407a61e946e968bcce67a0ebbca on host mrc-tux.
[2022-05-12T15:10:57+0200] [MainThread] [I] [toil.worker] Redirecting logging to /tmp/f38aa24f9c6d58cbb5b6044a327d8dfc/48e1/worker_log.txt
[2022-05-12T15:10:57+0200] [MainThread] [I] [toil.leader] 0 jobs are running, 0 jobs are issued and waiting to run
[2022-05-12T15:10:57+0200] [MainThread] [I] [toil.leader] Issued job 'CWLJob' echo-wf-default.cwl.step1.echo-tool-default.cwl kind-CWLJob/instance-549s7u85 v1 with job batch system ID: 1 and cores: 1, disk: 3.0 Gi, and memory: 2.0 Gi
[2022-05-12T15:10:58+0200] [MainThread] [I] [toil.worker] Redirecting logging to /tmp/f38aa24f9c6d58cbb5b6044a327d8dfc/b555/worker_log.txt
[2022-05-12T15:10:58+0200] [MainThread] [I] [toil.worker] Redirecting logging to /tmp/f38aa24f9c6d58cbb5b6044a327d8dfc/b7d6/worker_log.txt
[2022-05-12T15:10:59+0200] [MainThread] [I] [toil.worker] Redirecting logging to /tmp/f38aa24f9c6d58cbb5b6044a327d8dfc/c92e/worker_log.txt
[2022-05-12T15:11:01+0200] [MainThread] [I] [toil.leader] Finished toil run successfully.
[2022-05-12T15:11:01+0200] [MainThread] [I] [toil.common] Successfully deleted the job store: FileJobStore(/tmp/tmp2dg4dn4y)
</system-err>
		</testcase>
		<testcase name="Test EnvVarRequirement" time="4.579196" class="env_var, command_line_tool" file="envvar_req" url="cwltest:conformance_tests#34">
			<system-out>{
    &quot;out&quot;: {
        &quot;location&quot;: &quot;file:///tmp/tmpt86njw78/out&quot;,
        &quot;basename&quot;: &quot;out&quot;,
        &quot;nameroot&quot;: &quot;out&quot;,
        &quot;nameext&quot;: &quot;&quot;,
        &quot;class&quot;: &quot;File&quot;,
        &quot;checksum&quot;: &quot;sha1$b3ec4ed1749c207e52b3a6d08c59f31d83bff519&quot;,
        &quot;size&quot;: 15
    }
}</system-out>
			<system-err>[2022-05-12T15:10:55+0200] [MainThread] [I] [cwltool] Resolved 'tests/env-tool1.cwl' to 'file:///home/michael/cwl-v1.1/tests/env-tool1.cwl'
[2022-05-12T15:10:57+0200] [MainThread] [I] [toil.job] Saving graph of 1 jobs, 1 new
[2022-05-12T15:10:57+0200] [MainThread] [I] [toil.job] Processing job 'CWLJob' env-tool1.cwl kind-CWLJob/instance-baj6q5xd v0
[2022-05-12T15:10:57+0200] [MainThread] [I] [toil] Running Toil version 5.6.0-c34146a6437e4407a61e946e968bcce67a0ebbca on host mrc-tux.
[2022-05-12T15:10:57+0200] [MainThread] [I] [toil.leader] Issued job 'CWLJob' env-tool1.cwl kind-CWLJob/instance-baj6q5xd v1 with job batch system ID: 0 and cores: 1, disk: 3.0 Gi, and memory: 2.0 Gi
[2022-05-12T15:10:57+0200] [MainThread] [I] [toil.worker] Redirecting logging to /tmp/95e0c0ff50655e52a1b2cddc7d99d0b6/2f85/worker_log.txt
[2022-05-12T15:10:57+0200] [MainThread] [I] [toil.leader] 0 jobs are running, 0 jobs are issued and waiting to run
[2022-05-12T15:10:59+0200] [MainThread] [I] [toil.leader] Finished toil run successfully.
[2022-05-12T15:10:59+0200] [MainThread] [I] [toil.common] Successfully deleted the job store: FileJobStore(/tmp/tmpb83si1pn)
</system-err>
		</testcase>
		<testcase name="Test workflow scatter with single scatter parameter" time="9.965475" class="scatter, workflow" file="wf_scatter_single_param" url="cwltest:conformance_tests#35">
			<system-out>{
    &quot;out&quot;: [
        &quot;foo one&quot;,
        &quot;foo two&quot;,
        &quot;foo three&quot;,
        &quot;foo four&quot;
    ]
}</system-out>
			<system-err>[2022-05-12T15:10:58+0200] [MainThread] [I] [cwltool] Resolved 'tests/scatter-wf1.cwl' to 'file:///home/michael/cwl-v1.1/tests/scatter-wf1.cwl'
[2022-05-12T15:11:00+0200] [MainThread] [I] [toil.job] Saving graph of 2 jobs, 2 new
[2022-05-12T15:11:00+0200] [MainThread] [I] [toil.job] Processing job 'ResolveIndirect' kind-ResolveIndirect/instance-nnbxpgco v0
[2022-05-12T15:11:00+0200] [MainThread] [I] [toil.job] Processing job 'CWLWorkflow' kind-CWLWorkflow/instance-5yd68zx5 v0
[2022-05-12T15:11:00+0200] [MainThread] [I] [toil] Running Toil version 5.6.0-c34146a6437e4407a61e946e968bcce67a0ebbca on host mrc-tux.
[2022-05-12T15:11:00+0200] [MainThread] [I] [toil.worker] Redirecting logging to /tmp/b577e1232f3c5ed8803a44ac893ab7fd/e523/worker_log.txt
[2022-05-12T15:11:00+0200] [MainThread] [I] [toil.leader] 0 jobs are running, 0 jobs are issued and waiting to run
[2022-05-12T15:11:01+0200] [MainThread] [I] [toil.worker] Redirecting logging to /tmp/b577e1232f3c5ed8803a44ac893ab7fd/2bbd/worker_log.txt
[2022-05-12T15:11:01+0200] [MainThread] [I] [toil.leader] Issued job 'CWLJob' scatter-wf1.cwl[0]._:c3006a26-76c5-4697-8d0b-41b03ea6d398 kind-CWLJob/instance-0kj1g__3 v1 with job batch system ID: 2 and cores: 1, disk: 3.0 Gi, and memory: 2.0 Gi
[2022-05-12T15:11:01+0200] [MainThread] [I] [toil.leader] Issued job 'CWLJob' scatter-wf1.cwl[3]._:c3006a26-76c5-4697-8d0b-41b03ea6d398 kind-CWLJob/instance-ffnfvreo v1 with job batch system ID: 3 and cores: 1, disk: 3.0 Gi, and memory: 2.0 Gi
[2022-05-12T15:11:01+0200] [MainThread] [I] [toil.leader] Issued job 'CWLJob' scatter-wf1.cwl[2]._:c3006a26-76c5-4697-8d0b-41b03ea6d398 kind-CWLJob/instance-hjjhjit6 v1 with job batch system ID: 4 and cores: 1, disk: 3.0 Gi, and memory: 2.0 Gi
[2022-05-12T15:11:01+0200] [MainThread] [I] [toil.leader] Issued job 'CWLJob' scatter-wf1.cwl[1]._:c3006a26-76c5-4697-8d0b-41b03ea6d398 kind-CWLJob/instance-w7b558q6 v1 with job batch system ID: 5 and cores: 1, disk: 3.0 Gi, and memory: 2.0 Gi
[2022-05-12T15:11:02+0200] [MainThread] [I] [toil.worker] Redirecting logging to /tmp/b577e1232f3c5ed8803a44ac893ab7fd/e2dc/worker_log.txt
[2022-05-12T15:11:02+0200] [MainThread] [I] [toil.worker] Redirecting logging to /tmp/b577e1232f3c5ed8803a44ac893ab7fd/d769/worker_log.txt
[2022-05-12T15:11:02+0200] [MainThread] [I] [toil.worker] Redirecting logging to /tmp/b577e1232f3c5ed8803a44ac893ab7fd/5e46/worker_log.txt
[2022-05-12T15:11:02+0200] [MainThread] [I] [toil.worker] Redirecting logging to /tmp/b577e1232f3c5ed8803a44ac893ab7fd/6b38/worker_log.txt
[2022-05-12T15:11:02+0200] [MainThread] [I] [toil.worker] Redirecting logging to /tmp/b577e1232f3c5ed8803a44ac893ab7fd/1d9c/worker_log.txt
[2022-05-12T15:11:03+0200] [MainThread] [I] [toil.worker] Redirecting logging to /tmp/b577e1232f3c5ed8803a44ac893ab7fd/6c44/worker_log.txt
[2022-05-12T15:11:04+0200] [MainThread] [I] [toil.worker] Redirecting logging to /tmp/b577e1232f3c5ed8803a44ac893ab7fd/5560/worker_log.txt
[2022-05-12T15:11:05+0200] [MainThread] [I] [toil.worker] Redirecting logging to /tmp/b577e1232f3c5ed8803a44ac893ab7fd/e771/worker_log.txt
[2022-05-12T15:11:07+0200] [MainThread] [I] [toil.leader] Finished toil run successfully.
[2022-05-12T15:11:07+0200] [MainThread] [I] [toil.common] Successfully deleted the job store: FileJobStore(/tmp/tmpd_u480la)
</system-err>
		</testcase>
		<testcase name="Test workflow scatter with two scatter parameters and nested_crossproduct join method" time="10.241877" class="scatter, workflow" file="wf_scatter_two_nested_crossproduct" url="cwltest:conformance_tests#36">
			<system-out>{
    &quot;out&quot;: [
        [
            &quot;foo one three&quot;,
            &quot;foo one four&quot;
        ],
        [
            &quot;foo two three&quot;,
            &quot;foo two four&quot;
        ]
    ]
}</system-out>
			<system-err>[2022-05-12T15:10:59+0200] [MainThread] [I] [cwltool] Resolved 'tests/scatter-wf2.cwl' to 'file:///home/michael/cwl-v1.1/tests/scatter-wf2.cwl'
[2022-05-12T15:11:02+0200] [MainThread] [I] [toil.job] Saving graph of 2 jobs, 2 new
[2022-05-12T15:11:02+0200] [MainThread] [I] [toil.job] Processing job 'ResolveIndirect' kind-ResolveIndirect/instance-w9wz0wxk v0
[2022-05-12T15:11:02+0200] [MainThread] [I] [toil.job] Processing job 'CWLWorkflow' kind-CWLWorkflow/instance-ulpz2dy0 v0
[2022-05-12T15:11:02+0200] [MainThread] [I] [toil] Running Toil version 5.6.0-c34146a6437e4407a61e946e968bcce67a0ebbca on host mrc-tux.
[2022-05-12T15:11:02+0200] [MainThread] [I] [toil.worker] Redirecting logging to /tmp/ae69703f64f85964a60c1b23e6a6a250/019b/worker_log.txt
[2022-05-12T15:11:03+0200] [MainThread] [I] [toil.leader] 0 jobs are running, 0 jobs are issued and waiting to run
[2022-05-12T15:11:03+0200] [MainThread] [I] [toil.worker] Redirecting logging to /tmp/ae69703f64f85964a60c1b23e6a6a250/35e5/worker_log.txt
[2022-05-12T15:11:03+0200] [MainThread] [I] [toil.leader] Issued job 'CWLJob' scatter-wf2.cwl[0].step1command kind-CWLJob/instance-oqu4arrl v1 with job batch system ID: 2 and cores: 1, disk: 3.0 Gi, and memory: 2.0 Gi
[2022-05-12T15:11:03+0200] [MainThread] [I] [toil.leader] Issued job 'CWLJob' scatter-wf2.cwl[0].step1command kind-CWLJob/instance-y2f65z2s v1 with job batch system ID: 3 and cores: 1, disk: 3.0 Gi, and memory: 2.0 Gi
[2022-05-12T15:11:03+0200] [MainThread] [I] [toil.leader] Issued job 'CWLJob' scatter-wf2.cwl[1].step1command kind-CWLJob/instance-arf4apk3 v1 with job batch system ID: 4 and cores: 1, disk: 3.0 Gi, and memory: 2.0 Gi
[2022-05-12T15:11:03+0200] [MainThread] [I] [toil.leader] Issued job 'CWLJob' scatter-wf2.cwl[1].step1command kind-CWLJob/instance-3jcj20jd v1 with job batch system ID: 5 and cores: 1, disk: 3.0 Gi, and memory: 2.0 Gi
[2022-05-12T15:11:04+0200] [MainThread] [I] [toil.worker] Redirecting logging to /tmp/ae69703f64f85964a60c1b23e6a6a250/c81d/worker_log.txt
[2022-05-12T15:11:04+0200] [MainThread] [I] [toil.worker] Redirecting logging to /tmp/ae69703f64f85964a60c1b23e6a6a250/75ad/worker_log.txt
[2022-05-12T15:11:04+0200] [MainThread] [I] [toil.worker] Redirecting logging to /tmp/ae69703f64f85964a60c1b23e6a6a250/c36e/worker_log.txt
[2022-05-12T15:11:04+0200] [MainThread] [I] [toil.worker] Redirecting logging to /tmp/ae69703f64f85964a60c1b23e6a6a250/106c/worker_log.txt
[2022-05-12T15:11:05+0200] [MainThread] [I] [toil.worker] Redirecting logging to /tmp/ae69703f64f85964a60c1b23e6a6a250/677c/worker_log.txt
[2022-05-12T15:11:05+0200] [MainThread] [I] [toil.worker] Redirecting logging to /tmp/ae69703f64f85964a60c1b23e6a6a250/2e23/worker_log.txt
[2022-05-12T15:11:06+0200] [MainThread] [I] [toil.worker] Redirecting logging to /tmp/ae69703f64f85964a60c1b23e6a6a250/8c17/worker_log.txt
[2022-05-12T15:11:07+0200] [MainThread] [I] [toil.worker] Redirecting logging to /tmp/ae69703f64f85964a60c1b23e6a6a250/f22c/worker_log.txt
[2022-05-12T15:11:09+0200] [MainThread] [I] [toil.leader] Finished toil run successfully.
[2022-05-12T15:11:09+0200] [MainThread] [I] [toil.common] Successfully deleted the job store: FileJobStore(/tmp/tmpv_r2v04u)
</system-err>
		</testcase>
		<testcase name="Test workflow scatter with two scatter parameters and flat_crossproduct join method" time="10.584830" class="scatter, workflow" file="wf_scatter_two_flat_crossproduct" url="cwltest:conformance_tests#37">
			<system-out>{
    &quot;out&quot;: [
        &quot;foo one three&quot;,
        &quot;foo one four&quot;,
        &quot;foo two three&quot;,
        &quot;foo two four&quot;
    ]
}</system-out>
			<system-err>[2022-05-12T15:11:00+0200] [MainThread] [I] [cwltool] Resolved 'tests/scatter-wf3.cwl#main' to 'file:///home/michael/cwl-v1.1/tests/scatter-wf3.cwl#main'
[2022-05-12T15:11:03+0200] [MainThread] [I] [toil.job] Saving graph of 2 jobs, 2 new
[2022-05-12T15:11:03+0200] [MainThread] [I] [toil.job] Processing job 'ResolveIndirect' kind-ResolveIndirect/instance-4wg8djzu v0
[2022-05-12T15:11:03+0200] [MainThread] [I] [toil.job] Processing job 'CWLWorkflow' kind-CWLWorkflow/instance-t91j54vj v0
[2022-05-12T15:11:03+0200] [MainThread] [I] [toil] Running Toil version 5.6.0-c34146a6437e4407a61e946e968bcce67a0ebbca on host mrc-tux.
[2022-05-12T15:11:03+0200] [MainThread] [I] [toil.worker] Redirecting logging to /tmp/cd77ce120bed517aace06ff79d151a3a/f558/worker_log.txt
[2022-05-12T15:11:04+0200] [MainThread] [I] [toil.leader] 0 jobs are running, 0 jobs are issued and waiting to run
[2022-05-12T15:11:04+0200] [MainThread] [I] [toil.worker] Redirecting logging to /tmp/cd77ce120bed517aace06ff79d151a3a/8d4d/worker_log.txt
[2022-05-12T15:11:05+0200] [MainThread] [I] [toil.leader] Issued job 'CWLJob' main[1].echo kind-CWLJob/instance-8nqnagqt v1 with job batch system ID: 2 and cores: 1, disk: 3.0 Gi, and memory: 2.0 Gi
[2022-05-12T15:11:05+0200] [MainThread] [I] [toil.leader] Issued job 'CWLJob' main[1].echo kind-CWLJob/instance-80xfbg5z v1 with job batch system ID: 3 and cores: 1, disk: 3.0 Gi, and memory: 2.0 Gi
[2022-05-12T15:11:05+0200] [MainThread] [I] [toil.leader] Issued job 'CWLJob' main[0].echo kind-CWLJob/instance-t4x3ly5t v1 with job batch system ID: 4 and cores: 1, disk: 3.0 Gi, and memory: 2.0 Gi
[2022-05-12T15:11:05+0200] [MainThread] [I] [toil.leader] Issued job 'CWLJob' main[0].echo kind-CWLJob/instance-hlr7e8ss v1 with job batch system ID: 5 and cores: 1, disk: 3.0 Gi, and memory: 2.0 Gi
[2022-05-12T15:11:05+0200] [MainThread] [I] [toil.worker] Redirecting logging to /tmp/cd77ce120bed517aace06ff79d151a3a/6a4f/worker_log.txt
[2022-05-12T15:11:05+0200] [MainThread] [I] [toil.worker] Redirecting logging to /tmp/cd77ce120bed517aace06ff79d151a3a/5802/worker_log.txt
[2022-05-12T15:11:05+0200] [MainThread] [I] [toil.worker] Redirecting logging to /tmp/cd77ce120bed517aace06ff79d151a3a/8394/worker_log.txt
[2022-05-12T15:11:05+0200] [MainThread] [I] [toil.worker] Redirecting logging to /tmp/cd77ce120bed517aace06ff79d151a3a/9ea0/worker_log.txt
[2022-05-12T15:11:06+0200] [MainThread] [I] [toil.worker] Redirecting logging to /tmp/cd77ce120bed517aace06ff79d151a3a/7e08/worker_log.txt
[2022-05-12T15:11:07+0200] [MainThread] [I] [toil.worker] Redirecting logging to /tmp/cd77ce120bed517aace06ff79d151a3a/ffeb/worker_log.txt
[2022-05-12T15:11:07+0200] [MainThread] [I] [toil.worker] Redirecting logging to /tmp/cd77ce120bed517aace06ff79d151a3a/9420/worker_log.txt
[2022-05-12T15:11:08+0200] [MainThread] [I] [toil.worker] Redirecting logging to /tmp/cd77ce120bed517aace06ff79d151a3a/66ce/worker_log.txt
[2022-05-12T15:11:10+0200] [MainThread] [I] [toil.leader] Finished toil run successfully.
[2022-05-12T15:11:10+0200] [MainThread] [I] [toil.common] Successfully deleted the job store: FileJobStore(/tmp/tmpdlwc_3fe)
</system-err>
		</testcase>
		<testcase name="Test workflow scatter with two scatter parameters and dotproduct join method" time="10.632416" class="scatter, workflow" file="wf_scatter_two_dotproduct" url="cwltest:conformance_tests#38">
			<system-out>{
    &quot;out&quot;: [
        &quot;foo one three&quot;,
        &quot;foo two four&quot;
    ]
}</system-out>
			<system-err>[2022-05-12T15:11:02+0200] [MainThread] [I] [cwltool] Resolved 'tests/scatter-wf4.cwl#main' to 'file:///home/michael/cwl-v1.1/tests/scatter-wf4.cwl#main'
[2022-05-12T15:11:05+0200] [MainThread] [I] [toil.job] Saving graph of 2 jobs, 2 new
[2022-05-12T15:11:05+0200] [MainThread] [I] [toil.job] Processing job 'ResolveIndirect' kind-ResolveIndirect/instance-uftamx7q v0
[2022-05-12T15:11:05+0200] [MainThread] [I] [toil.job] Processing job 'CWLWorkflow' kind-CWLWorkflow/instance-693zri5j v0
[2022-05-12T15:11:05+0200] [MainThread] [I] [toil] Running Toil version 5.6.0-c34146a6437e4407a61e946e968bcce67a0ebbca on host mrc-tux.
[...]
			<system-out>{
    &quot;foo&quot;: {
        &quot;class&quot;: &quot;File&quot;,
        &quot;basename&quot;: &quot;foo&quot;,
        &quot;location&quot;: &quot;file:///tmp/tmpbm_55gvc/foo&quot;,
        &quot;nameroot&quot;: &quot;foo&quot;,
        &quot;nameext&quot;: &quot;&quot;,
        &quot;checksum&quot;: &quot;sha1$fa98d6085770a79e44853d575cd3ab40c0f1f4de&quot;,
        &quot;size&quot;: 4
    }
}</system-out>
			<system-err>[2022-05-12T15:17:47+0200] [MainThread] [I] [cwltool] Resolved 'tests/runtime-paths-distinct.cwl' to 'file:///home/michael/cwl-v1.1/tests/runtime-paths-distinct.cwl'
[2022-05-12T15:17:49+0200] [MainThread] [I] [toil.job] Saving graph of 1 jobs, 1 new
[2022-05-12T15:17:49+0200] [MainThread] [I] [toil.job] Processing job 'CWLJob' runtime-paths-distinct.cwl kind-CWLJob/instance-xa8evl4r v0
[2022-05-12T15:17:49+0200] [MainThread] [I] [toil] Running Toil version 5.6.0-c34146a6437e4407a61e946e968bcce67a0ebbca on host mrc-tux.
[2022-05-12T15:17:49+0200] [MainThread] [I] [toil.leader] Issued job 'CWLJob' runtime-paths-distinct.cwl kind-CWLJob/instance-xa8evl4r v1 with job batch system ID: 0 and cores: 1, disk: 3.0 Gi, and memory: 2.0 Gi
[2022-05-12T15:17:49+0200] [MainThread] [I] [toil.worker] Redirecting logging to /tmp/90fbaa8406ef5cfb837c7478a0186d8d/99ca/worker_log.txt
[2022-05-12T15:17:49+0200] [MainThread] [I] [toil.leader] 0 jobs are running, 0 jobs are issued and waiting to run
[2022-05-12T15:17:51+0200] [MainThread] [I] [toil.leader] Finished toil run successfully.
[2022-05-12T15:17:51+0200] [MainThread] [I] [toil.common] Successfully deleted the job store: FileJobStore(/tmp/tmp6ue42tcv)
</system-err>
		</testcase>
		<testcase name="Test that default behavior is 'no_listing' if not specified" time="6.124095" class="command_line_tool" file="listing_default_none" url="cwltest:conformance_tests#242">
			<system-out>{
    &quot;out&quot;: true
}</system-out>
			<system-err>[2022-05-12T15:17:47+0200] [MainThread] [I] [cwltool] Resolved 'tests/listing_none1.cwl' to 'file:///home/michael/cwl-v1.1/tests/listing_none1.cwl'
[2022-05-12T15:17:50+0200] [MainThread] [I] [toil.job] Saving graph of 1 jobs, 1 new
[2022-05-12T15:17:50+0200] [MainThread] [I] [toil.job] Processing job 'CWLJob' listing_none1.cwl kind-CWLJob/instance-3jm9pv2b v0
[2022-05-12T15:17:50+0200] [MainThread] [I] [toil] Running Toil version 5.6.0-c34146a6437e4407a61e946e968bcce67a0ebbca on host mrc-tux.
[2022-05-12T15:17:50+0200] [MainThread] [I] [toil.leader] Issued job 'CWLJob' listing_none1.cwl kind-CWLJob/instance-3jm9pv2b v1 with job batch system ID: 0 and cores: 1, disk: 3.0 Gi, and memory: 2.0 Gi
[2022-05-12T15:17:50+0200] [MainThread] [I] [toil.worker] Redirecting logging to /tmp/baf3ee65faf3513e8253365c98f3765c/6e3d/worker_log.txt
[2022-05-12T15:17:51+0200] [MainThread] [I] [toil.leader] 0 jobs are running, 0 jobs are issued and waiting to run
[2022-05-12T15:17:53+0200] [MainThread] [I] [toil.leader] Finished toil run successfully.
[2022-05-12T15:17:53+0200] [MainThread] [I] [toil.common] Successfully deleted the job store: FileJobStore(/tmp/tmpbu3q0k21)
</system-err>
		</testcase>
		<testcase name="Test that 'listing' is not present when LoadListingRequirement is 'no_listing'" time="6.237362" class="command_line_tool" file="listing_requirement_none" url="cwltest:conformance_tests#243">
			<system-out>{
    &quot;out&quot;: true
}</system-out>
			<system-err>[2022-05-12T15:17:48+0200] [MainThread] [I] [cwltool] Resolved 'tests/listing_none2.cwl' to 'file:///home/michael/cwl-v1.1/tests/listing_none2.cwl'
[2022-05-12T15:17:50+0200] [MainThread] [I] [toil.job] Saving graph of 1 jobs, 1 new
[2022-05-12T15:17:50+0200] [MainThread] [I] [toil.job] Processing job 'CWLJob' listing_none2.cwl kind-CWLJob/instance-s58i9fc7 v0
[2022-05-12T15:17:50+0200] [MainThread] [I] [toil] Running Toil version 5.6.0-c34146a6437e4407a61e946e968bcce67a0ebbca on host mrc-tux.
[2022-05-12T15:17:50+0200] [MainThread] [I] [toil.leader] Issued job 'CWLJob' listing_none2.cwl kind-CWLJob/instance-s58i9fc7 v1 with job batch system ID: 0 and cores: 1, disk: 3.0 Gi, and memory: 2.0 Gi
[2022-05-12T15:17:51+0200] [MainThread] [I] [toil.worker] Redirecting logging to /tmp/eed2ad8b356650518f74c25e4b0a5147/0ede/worker_log.txt
[2022-05-12T15:17:51+0200] [MainThread] [I] [toil.leader] 0 jobs are running, 0 jobs are issued and waiting to run
[2022-05-12T15:17:53+0200] [MainThread] [I] [toil.leader] Finished toil run successfully.
[2022-05-12T15:17:53+0200] [MainThread] [I] [toil.common] Successfully deleted the job store: FileJobStore(/tmp/tmpwuzjjqgb)
</system-err>
		</testcase>
		<testcase name="Test that 'listing' is not present when loadListing on input parameter is 'no_listing'" time="5.292085" class="command_line_tool" file="listing_loadListing_none" url="cwltest:conformance_tests#244">
			<system-out>{
    &quot;out&quot;: true
}</system-out>
			<system-err>[2022-05-12T15:17:49+0200] [MainThread] [I] [cwltool] Resolved 'tests/listing_none3.cwl' to 'file:///home/michael/cwl-v1.1/tests/listing_none3.cwl'
[2022-05-12T15:17:51+0200] [MainThread] [I] [toil.job] Saving graph of 1 jobs, 1 new
[2022-05-12T15:17:51+0200] [MainThread] [I] [toil.job] Processing job 'CWLJob' listing_none3.cwl kind-CWLJob/instance-zg8peopi v0
[2022-05-12T15:17:51+0200] [MainThread] [I] [toil] Running Toil version 5.6.0-c34146a6437e4407a61e946e968bcce67a0ebbca on host mrc-tux.
[2022-05-12T15:17:51+0200] [MainThread] [I] [toil.leader] Issued job 'CWLJob' listing_none3.cwl kind-CWLJob/instance-zg8peopi v1 with job batch system ID: 0 and cores: 1, disk: 3.0 Gi, and memory: 2.0 Gi
[2022-05-12T15:17:52+0200] [MainThread] [I] [toil.worker] Redirecting logging to /tmp/a5eaf9146a3d5a78a08164768784ae8d/295e/worker_log.txt
[2022-05-12T15:17:52+0200] [MainThread] [I] [toil.leader] 0 jobs are running, 0 jobs are issued and waiting to run
[2022-05-12T15:17:54+0200] [MainThread] [I] [toil.leader] Finished toil run successfully.
[2022-05-12T15:17:54+0200] [MainThread] [I] [toil.common] Successfully deleted the job store: FileJobStore(/tmp/tmpqely1rdq)
</system-err>
		</testcase>
		<testcase name="Test that 'listing' is present in top directory object but not subdirectory object when LoadListingRequirement is 'shallow_listing'" time="5.168700" class="command_line_tool" file="listing_requirement_shallow" url="cwltest:conformance_tests#245">
			<system-out>{
    &quot;out&quot;: true
}</system-out>
			<system-err>[2022-05-12T15:17:52+0200] [MainThread] [I] [cwltool] Resolved 'tests/listing_shallow1.cwl' to 'file:///home/michael/cwl-v1.1/tests/listing_shallow1.cwl'
[2022-05-12T15:17:54+0200] [MainThread] [I] [toil.job] Saving graph of 1 jobs, 1 new
[2022-05-12T15:17:54+0200] [MainThread] [I] [toil.job] Processing job 'CWLJob' listing_shallow1.cwl kind-CWLJob/instance-jw2qt0z7 v0
[2022-05-12T15:17:54+0200] [MainThread] [I] [toil] Running Toil version 5.6.0-c34146a6437e4407a61e946e968bcce67a0ebbca on host mrc-tux.
[2022-05-12T15:17:54+0200] [MainThread] [I] [toil.leader] Issued job 'CWLJob' listing_shallow1.cwl kind-CWLJob/instance-jw2qt0z7 v1 with job batch system ID: 0 and cores: 1, disk: 3.0 Gi, and memory: 2.0 Gi
[2022-05-12T15:17:54+0200] [MainThread] [I] [toil.worker] Redirecting logging to /tmp/4ef3c157012f5c2da665a529423932ab/1202/worker_log.txt
[2022-05-12T15:17:55+0200] [MainThread] [I] [toil.leader] 0 jobs are running, 0 jobs are issued and waiting to run
[2022-05-12T15:17:56+0200] [MainThread] [I] [toil.leader] Finished toil run successfully.
[2022-05-12T15:17:56+0200] [MainThread] [I] [toil.common] Successfully deleted the job store: FileJobStore(/tmp/tmpwwa3vel4)
</system-err>
		</testcase>
		<testcase name="Test that 'listing' is present in top directory object but not subdirectory object when loadListing on input parameter loadListing is 'shallow_listing'" time="6.183907" class="command_line_tool" file="listing_loadListing_shallow" url="cwltest:conformance_tests#246">
			<system-out>{
    &quot;out&quot;: true
}</system-out>
			<system-err>[2022-05-12T15:17:54+0200] [MainThread] [I] [cwltool] Resolved 'tests/listing_shallow2.cwl' to 'file:///home/michael/cwl-v1.1/tests/listing_shallow2.cwl'
[2022-05-12T15:17:56+0200] [MainThread] [I] [toil.job] Saving graph of 1 jobs, 1 new
[2022-05-12T15:17:56+0200] [MainThread] [I] [toil.job] Processing job 'CWLJob' listing_shallow2.cwl kind-CWLJob/instance-aqm9a9j1 v0
[2022-05-12T15:17:56+0200] [MainThread] [I] [toil] Running Toil version 5.6.0-c34146a6437e4407a61e946e968bcce67a0ebbca on host mrc-tux.
[2022-05-12T15:17:56+0200] [MainThread] [I] [toil.leader] Issued job 'CWLJob' listing_shallow2.cwl kind-CWLJob/instance-aqm9a9j1 v1 with job batch system ID: 0 and cores: 1, disk: 3.0 Gi, and memory: 2.0 Gi
[2022-05-12T15:17:57+0200] [MainThread] [I] [toil.worker] Redirecting logging to /tmp/66836c58240f59a8865fef7dfab12b75/0487/worker_log.txt
[2022-05-12T15:17:57+0200] [MainThread] [I] [toil.leader] 0 jobs are running, 0 jobs are issued and waiting to run
[2022-05-12T15:17:59+0200] [MainThread] [I] [toil.leader] Finished toil run successfully.
[2022-05-12T15:17:59+0200] [MainThread] [I] [toil.common] Successfully deleted the job store: FileJobStore(/tmp/tmp0q5ra9ge)
</system-err>
		</testcase>
		<testcase name="Test that 'listing' is present in top directory object and in subdirectory objects when LoadListingRequirement is 'deep_listing'" time="6.255124" class="command_line_tool" file="listing_requirement_deep" url="cwltest:conformance_tests#247">
			<system-out>{
    &quot;out&quot;: true
}</system-out>
			<system-err>[2022-05-12T15:17:54+0200] [MainThread] [I] [cwltool] Resolved 'tests/listing_deep1.cwl' to 'file:///home/michael/cwl-v1.1/tests/listing_deep1.cwl'
[2022-05-12T15:17:57+0200] [MainThread] [I] [toil.job] Saving graph of 1 jobs, 1 new
[2022-05-12T15:17:57+0200] [MainThread] [I] [toil.job] Processing job 'CWLJob' listing_deep1.cwl kind-CWLJob/instance-ccdvh2wt v0
[2022-05-12T15:17:57+0200] [MainThread] [I] [toil] Running Toil version 5.6.0-c34146a6437e4407a61e946e968bcce67a0ebbca on host mrc-tux.
[2022-05-12T15:17:57+0200] [MainThread] [I] [toil.leader] Issued job 'CWLJob' listing_deep1.cwl kind-CWLJob/instance-ccdvh2wt v1 with job batch system ID: 0 and cores: 1, disk: 3.0 Gi, and memory: 2.0 Gi
[2022-05-12T15:17:57+0200] [MainThread] [I] [toil.worker] Redirecting logging to /tmp/a8fd81c673c254d9a72803e9227ef7f9/71be/worker_log.txt
[2022-05-12T15:17:58+0200] [MainThread] [I] [toil.leader] 0 jobs are running, 0 jobs are issued and waiting to run
[2022-05-12T15:18:00+0200] [MainThread] [I] [toil.leader] Finished toil run successfully.
[2022-05-12T15:18:00+0200] [MainThread] [I] [toil.common] Successfully deleted the job store: FileJobStore(/tmp/tmpzke74ih4)
</system-err>
		</testcase>
		<testcase name="Test that 'listing' is present in top directory object and in subdirectory objects when input parameter loadListing is 'deep_listing'" time="6.262358" class="command_line_tool" file="listing_loadListing_deep" url="cwltest:conformance_tests#248">
			<system-out>{
    &quot;out&quot;: true
}</system-out>
			<system-err>[2022-05-12T15:17:54+0200] [MainThread] [I] [cwltool] Resolved 'tests/listing_deep2.cwl' to 'file:///home/michael/cwl-v1.1/tests/listing_deep2.cwl'
[2022-05-12T15:17:57+0200] [MainThread] [I] [toil.job] Saving graph of 1 jobs, 1 new
[2022-05-12T15:17:57+0200] [MainThread] [I] [toil.job] Processing job 'CWLJob' listing_deep2.cwl kind-CWLJob/instance-gsyn5isj v0
[2022-05-12T15:17:57+0200] [MainThread] [I] [toil] Running Toil version 5.6.0-c34146a6437e4407a61e946e968bcce67a0ebbca on host mrc-tux.
[2022-05-12T15:17:57+0200] [MainThread] [I] [toil.leader] Issued job 'CWLJob' listing_deep2.cwl kind-CWLJob/instance-gsyn5isj v1 with job batch system ID: 0 and cores: 1, disk: 3.0 Gi, and memory: 2.0 Gi
[2022-05-12T15:17:57+0200] [MainThread] [I] [toil.worker] Redirecting logging to /tmp/afd4c7a753c2531f89af34595acbd519/eedc/worker_log.txt
[2022-05-12T15:17:58+0200] [MainThread] [I] [toil.leader] 0 jobs are running, 0 jobs are issued and waiting to run
[2022-05-12T15:18:00+0200] [MainThread] [I] [toil.leader] Finished toil run successfully.
[2022-05-12T15:18:00+0200] [MainThread] [I] [toil.common] Successfully deleted the job store: FileJobStore(/tmp/tmp4ist4k41)
</system-err>
		</testcase>
		<testcase name="Test for expression in the InputBinding.position field; also test using emoji in CWL document and tool output" time="6.443539" class="command_line_tool, required" file="inputBinding_position_expr" url="cwltest:conformance_tests#249">
			<system-out>{
    &quot;out&quot;: &quot;\ud83d\udd7a 1 singular sensation!\n&quot;
}</system-out>
			<system-err>[2022-05-12T15:17:57+0200] [MainThread] [I] [cwltool] Resolved 'tests/echo-position-expr.cwl' to 'file:///home/michael/cwl-v1.1/tests/echo-position-expr.cwl'
[2022-05-12T15:17:59+0200] [MainThread] [I] [toil.job] Saving graph of 1 jobs, 1 new
[2022-05-12T15:17:59+0200] [MainThread] [I] [toil.job] Processing job 'CWLJob' echo-position-expr.cwl kind-CWLJob/instance-kqs9zh51 v0
[2022-05-12T15:17:59+0200] [MainThread] [I] [toil] Running Toil version 5.6.0-c34146a6437e4407a61e946e968bcce67a0ebbca on host mrc-tux.
[2022-05-12T15:17:59+0200] [MainThread] [I] [toil.leader] Issued job 'CWLJob' echo-position-expr.cwl kind-CWLJob/instance-kqs9zh51 v1 with job batch system ID: 0 and cores: 1, disk: 3.0 Gi, and memory: 2.0 Gi
[2022-05-12T15:18:00+0200] [MainThread] [I] [toil.worker] Redirecting logging to /tmp/a75ed484fbd452f990b46cfbde6ab68e/e063/worker_log.txt
[2022-05-12T15:18:00+0200] [MainThread] [I] [toil.leader] 0 jobs are running, 0 jobs are issued and waiting to run
[2022-05-12T15:18:02+0200] [MainThread] [I] [toil.leader] Finished toil run successfully.
[2022-05-12T15:18:02+0200] [MainThread] [I] [toil.common] Successfully deleted the job store: FileJobStore(/tmp/tmpnwl_k261)
</system-err>
		</testcase>
		<testcase name="Can access exit code in outputEval" time="4.577543" class="command_line_tool, required" file="outputEval_exitCode" url="cwltest:conformance_tests#250">
			<system-out>{
    &quot;code&quot;: 7
}</system-out>
			<system-err>[2022-05-12T15:18:00+0200] [MainThread] [I] [cwltool] Resolved 'tests/exitcode.cwl' to 'file:///home/michael/cwl-v1.1/tests/exitcode.cwl'
[2022-05-12T15:18:02+0200] [MainThread] [I] [toil.job] Saving graph of 1 jobs, 1 new
[2022-05-12T15:18:02+0200] [MainThread] [I] [toil.job] Processing job 'CWLJob' exitcode.cwl kind-CWLJob/instance-051bbjkj v0
[2022-05-12T15:18:02+0200] [MainThread] [I] [toil] Running Toil version 5.6.0-c34146a6437e4407a61e946e968bcce67a0ebbca on host mrc-tux.
[2022-05-12T15:18:02+0200] [MainThread] [I] [toil.leader] Issued job 'CWLJob' exitcode.cwl kind-CWLJob/instance-051bbjkj v1 with job batch system ID: 0 and cores: 1, disk: 3.0 Gi, and memory: 2.0 Gi
[2022-05-12T15:18:02+0200] [MainThread] [I] [toil.worker] Redirecting logging to /tmp/c7d6f9a456575131ab647a8715d67763/e1cc/worker_log.txt
[2022-05-12T15:18:02+0200] [MainThread] [I] [toil.leader] 0 jobs are running, 0 jobs are issued and waiting to run
[2022-05-12T15:18:04+0200] [MainThread] [I] [toil.leader] Finished toil run successfully.
[2022-05-12T15:18:04+0200] [MainThread] [I] [toil.common] Successfully deleted the job store: FileJobStore(/tmp/tmpm7w3ggyh)
</system-err>
		</testcase>
		<testcase name="Test use of $graph without specifying which process to run" time="4.659270" class="required, command_line_tool" file="any_input_param_graph_no_default" url="cwltest:conformance_tests#251">
			<system-out>{
    &quot;out&quot;: &quot;hello test env\n&quot;
}</system-out>
			<system-err>[2022-05-12T15:18:00+0200] [MainThread] [I] [cwltool] Resolved 'tests/echo-tool-packed.cwl' to 'file:///home/michael/cwl-v1.1/tests/echo-tool-packed.cwl'
[2022-05-12T15:18:02+0200] [MainThread] [I] [toil.job] Saving graph of 1 jobs, 1 new
[2022-05-12T15:18:02+0200] [MainThread] [I] [toil.job] Processing job 'CWLJob' main kind-CWLJob/instance-7xzayqcb v0
[2022-05-12T15:18:02+0200] [MainThread] [I] [toil] Running Toil version 5.6.0-c34146a6437e4407a61e946e968bcce67a0ebbca on host mrc-tux.
[2022-05-12T15:18:02+0200] [MainThread] [I] [toil.leader] Issued job 'CWLJob' main kind-CWLJob/instance-7xzayqcb v1 with job batch system ID: 0 and cores: 1, disk: 3.0 Gi, and memory: 2.0 Gi
[2022-05-12T15:18:03+0200] [MainThread] [I] [toil.worker] Redirecting logging to /tmp/3da032f695265afaa29bd45f3a17c839/6ee2/worker_log.txt
[2022-05-12T15:18:03+0200] [MainThread] [I] [toil.leader] 0 jobs are running, 0 jobs are issued and waiting to run
[2022-05-12T15:18:04+0200] [MainThread] [I] [toil.leader] Finished toil run successfully.
[2022-05-12T15:18:04+0200] [MainThread] [I] [toil.common] Successfully deleted the job store: FileJobStore(/tmp/tmpnlzm7qpi)
</system-err>
		</testcase>
		<testcase name="Test use of $graph without specifying which process to run, hash-prefixed &quot;main&quot;" time="4.756349" class="required, command_line_tool" file="any_input_param_graph_no_default_hashmain" url="cwltest:conformance_tests#252">
			<system-out>{
    &quot;out&quot;: &quot;hello test env\n&quot;
}</system-out>
			<system-err>[2022-05-12T15:18:01+0200] [MainThread] [I] [cwltool] Resolved 'tests/echo-tool-packed2.cwl' to 'file:///home/michael/cwl-v1.1/tests/echo-tool-packed2.cwl'
[2022-05-12T15:18:03+0200] [MainThread] [I] [toil.job] Saving graph of 1 jobs, 1 new
[2022-05-12T15:18:03+0200] [MainThread] [I] [toil.job] Processing job 'CWLJob' main kind-CWLJob/instance-j33_6dp2 v0
[2022-05-12T15:18:03+0200] [MainThread] [I] [toil] Running Toil version 5.6.0-c34146a6437e4407a61e946e968bcce67a0ebbca on host mrc-tux.
[2022-05-12T15:18:03+0200] [MainThread] [I] [toil.leader] Issued job 'CWLJob' main kind-CWLJob/instance-j33_6dp2 v1 with job batch system ID: 0 and cores: 1, disk: 3.0 Gi, and memory: 2.0 Gi
[2022-05-12T15:18:03+0200] [MainThread] [I] [toil.worker] Redirecting logging to /tmp/e209a46db7ab500fb000cba5ccf2c251/5441/worker_log.txt
[2022-05-12T15:18:03+0200] [MainThread] [I] [toil.leader] 0 jobs are running, 0 jobs are issued and waiting to run
[2022-05-12T15:18:05+0200] [MainThread] [I] [toil.leader] Finished toil run successfully.
[2022-05-12T15:18:05+0200] [MainThread] [I] [toil.common] Successfully deleted the job store: FileJobStore(/tmp/tmpw11ugb3u)
</system-err>
		</testcase>
		<testcase name="Test that optional number output is returned as 0, not null" time="4.728475" class="required, inline_javascript, command_line_tool" file="optional_numerical_output_returns_0_not_null" url="cwltest:conformance_tests#253">
			<system-out>{
    &quot;out&quot;: 0
}</system-out>
			<system-err>[2022-05-12T15:18:03+0200] [MainThread] [I] [cwltool] Resolved 'tests/optional-numerical-output-0.cwl' to 'file:///home/michael/cwl-v1.1/tests/optional-numerical-output-0.cwl'
[2022-05-12T15:18:05+0200] [MainThread] [I] [toil.job] Saving graph of 1 jobs, 1 new
[2022-05-12T15:18:05+0200] [MainThread] [I] [toil.job] Processing job 'CWLJob' optional-numerical-output-0.cwl kind-CWLJob/instance-2fqri7on v0
[2022-05-12T15:18:05+0200] [MainThread] [I] [toil] Running Toil version 5.6.0-c34146a6437e4407a61e946e968bcce67a0ebbca on host mrc-tux.
[2022-05-12T15:18:05+0200] [MainThread] [I] [toil.leader] Issued job 'CWLJob' optional-numerical-output-0.cwl kind-CWLJob/instance-2fqri7on v1 with job batch system ID: 0 and cores: 1, disk: 3.0 Gi, and memory: 2.0 Gi
[2022-05-12T15:18:05+0200] [MainThread] [I] [toil.worker] Redirecting logging to /tmp/757f8799073f5856853f212cc612d4dd/6e26/worker_log.txt
[2022-05-12T15:18:06+0200] [MainThread] [I] [toil.leader] 0 jobs are running, 0 jobs are issued and waiting to run
[2022-05-12T15:18:07+0200] [MainThread] [I] [toil.leader] Finished toil run successfully.
[2022-05-12T15:18:07+0200] [MainThread] [I] [toil.common] Successfully deleted the job store: FileJobStore(/tmp/tmp4ynijii9)
</system-err>
		</testcase>
	</testsuite>
</testsuites>
